[1970-00-00 00:00:00] Initializing SD Card ok
[1970-00-00 00:00:00] Check if fixed ethernet address is used in network
[1970-01-01 00:00:01] Using Fixed IP
[1970-01-01 00:00:01] IP-Address: 192.168.178.5
[2018-08-25 14:02:58] Reading settings from EEP
[2018-08-25 14:02:58] Writing settings to EEP
[2018-08-25 14:02:58] System startup
[2018-08-25 14:03:06] Timeout detected
[2018-08-25 14:03:58] Time updated by NTP
[2018-08-25 14:04:27] Timeout detected
[2018-08-25 14:04:38] GET /config/xmlapi/state.cgi?datapoint_id=6614 HTTP/1.1
[2018-08-25 14:04:39] Datapoint 6614 received 2.360000
[2018-08-25 14:04:39] Rain in last 24h from weather station [mm]: 2.36
[2018-08-25 14:04:39] Writing measurement data to SD Card
[2018-08-25 14:04:39] GET /xy.exe?antwort=dom.GetObject('HM_ZISTERNE_volActual').State(860.00)
[2018-08-25 14:04:39] GET /xy.exe?antwort=dom.GetObject('HM_ZISTERNE_rSignalHealth').State(98.00)
[2018-08-25 14:04:39] GET /xy.exe?antwort=dom.GetObject('HM_ZISTERNE_prcActual').State(13.00)
[2018-08-25 14:04:39] GET /xy.exe?antwort=dom.GetObject('HM_ZISTERNE_stError').State(0.00)
[2018-08-25 14:04:39] GET /xy.exe?antwort=dom.GetObject('HM_ZISTERNE_stFiltChkErr').State(1.00)
[2018-08-25 15:03:13] Time updated by NTP
[2018-08-25 15:04:48] GET /config/xmlapi/state.cgi?datapoint_id=6614 HTTP/1.1
[2018-08-25 15:04:48] Datapoint 6614 received 2.360000
[2018-08-25 15:04:48] Rain in last 24h from weather station [mm]: 2.36
[2018-08-25 15:04:48] Writing measurement data to SD Card
[2018-08-25 15:04:48] GET /xy.exe?antwort=dom.GetObject('HM_ZISTERNE_volActual').State(860.00)
[2018-08-25 15:04:49] GET /xy.exe?antwort=dom.GetObject('HM_ZISTERNE_rSignalHealth').State(98.00)
[2018-08-25 15:04:49] GET /xy.exe?antwort=dom.GetObject('HM_ZISTERNE_prcActual').State(13.00)
[2018-08-25 15:04:49] GET /xy.exe?antwort=dom.GetObject('HM_ZISTERNE_stError').State(0.00)
[2018-08-25 15:04:49] GET /xy.exe?antwort=dom.GetObject('HM_ZISTERNE_stFiltChkErr').State(2.00)
[2018-08-25 16:03:30] Time updated by NTP
[2018-08-25 16:04:58] GET /config/xmlapi/state.cgi?datapoint_id=6614 HTTP/1.1
[2018-08-25 16:04:59] Datapoint 6614 received 2.360000
[2018-08-25 16:04:59] Rain in last 24h from weather station [mm]: 2.36
[2018-08-25 16:04:59] Writing measurement data to SD Card
[2018-08-25 16:04:59] GET /xy.exe?antwort=dom.GetObject('HM_ZISTERNE_volActual').State(860.00)
[2018-08-25 16:04:59] GET /xy.exe?antwort=dom.GetObject('HM_ZISTERNE_rSignalHealth').State(98.00)
[2018-08-25 16:04:59] GET /xy.exe?antwort=dom.GetObject('HM_ZISTERNE_prcActual').State(13.00)
[2018-08-25 16:04:59] GET /xy.exe?antwort=dom.GetObject('HM_ZISTERNE_stError').State(0.00)
[2018-08-25 16:04:59] GET /xy.exe?antwort=dom.GetObject('HM_ZISTERNE_stFiltChkErr').State(2.00)
[2018-08-25 17:03:46] Time updated by NTP
[2018-08-25 17:05:09] GET /config/xmlapi/state.cgi?datapoint_id=6614 HTTP/1.1
[2018-08-25 17:05:10] Datapoint 6614 received 2.360000
[2018-08-25 17:05:10] Rain in last 24h from weather station [mm]: 2.36
[2018-08-25 17:05:10] Writing measurement data to SD Card
[2018-08-25 17:05:10] GET /xy.exe?antwort=dom.GetObject('HM_ZISTERNE_volActual').State(826.00)
[2018-08-25 17:05:10] GET /xy.exe?antwort=dom.GetObject('HM_ZISTERNE_rSignalHealth').State(98.00)
[2018-08-25 17:05:10] GET /xy.exe?antwort=dom.GetObject('HM_ZISTERNE_prcActual').State(13.00)
[2018-08-25 17:05:10] GET /xy.exe?antwort=dom.GetObject('HM_ZISTERNE_stError').State(0.00)
[2018-08-25 17:05:10] GET /xy.exe?antwort=dom.GetObject('HM_ZISTERNE_stFiltChkErr').State(2.00)
[1970-00-00 00:00:00] Initializing SD Card ok
[1970-00-00 00:00:00] Check if fixed ethernet address is used in network
[1970-01-01 00:00:01] Using Fixed IP
[1970-01-01 00:00:01] IP-Address: 192.168.178.5
[2018-08-25 17:38:45] Reading settings from EEP
[2018-08-25 17:38:45] EEP checksum ok 
[2018-08-25 17:38:45] EEPSize 33 Byte
[2018-08-25 17:38:45] System startup
[1970-00-00 00:00:00] Initializing SD Card ok
[1970-00-00 00:00:00] Check if fixed ethernet address is used in network
[1970-01-01 00:00:01] Using Fixed IP
[1970-01-01 00:00:01] IP-Address: 192.168.178.5
[2018-08-25 17:38:53] Reading settings from EEP
[2018-08-25 17:38:53] EEP checksum ok 
[2018-08-25 17:38:53] EEPSize 33 Byte
[2018-08-25 17:38:53] System startup
[2018-08-25 17:39:53] Time updated by NTP
[2018-08-25 17:40:33] Writing measurement data to SD Card
[2018-08-25 17:40:33] GET /xy.exe?antwort=dom.GetObject('HM_ZISTERNE_volActual').State(823.00)
[2018-08-25 17:40:33] GET /xy.exe?antwort=dom.GetObject('HM_ZISTERNE_rSignalHealth').State(99.00)
[2018-08-25 17:40:33] GET /xy.exe?antwort=dom.GetObject('HM_ZISTERNE_prcActual').State(13.00)
[2018-08-25 17:40:33] GET /xy.exe?antwort=dom.GetObject('HM_ZISTERNE_stError').State(0.00)
[2018-08-25 17:40:33] GET /xy.exe?antwort=dom.GetObject('HM_ZISTERNE_stFiltChkErr').State(0.00)
[2018-08-25 17:41:44] Writing headline for measurement data to SD Card
