[2018-08-21 15:07:15] Time updated by NTP
[2018-08-21 15:08:52] Measured distance: 1952.76 mm
[2018-08-21 15:08:52] Actual Level     : 447 mm
[2018-08-21 15:08:52] Actual volume    : 1404 Liter, StdDev: 1.34 Liter
[2018-08-21 15:08:52] Error status     : 0
[2018-08-21 15:08:52] Writing measurement data to SD Card
[2018-08-21 15:08:52] GET /xy.exe?antwort=dom.GetObject('HM_ZISTERNE_volActual').State(1404.00)
[2018-08-21 15:08:53] GET /xy.exe?antwort=dom.GetObject('HM_ZISTERNE_rSignalHealth').State(98.00)
[2018-08-21 15:08:53] GET /xy.exe?antwort=dom.GetObject('HM_ZISTERNE_prcActual').State(22.00)
[2018-08-21 15:08:53] GET /xy.exe?antwort=dom.GetObject('HM_ZISTERNE_stError').State(0.00)
[2018-08-21 16:07:31] Time updated by NTP
[2018-08-21 16:09:02] Measured distance: 1954.28 mm
[2018-08-21 16:09:02] Actual Level     : 445 mm
[2018-08-21 16:09:02] Actual volume    : 1398 Liter, StdDev: 6.44 Liter
[2018-08-21 16:09:02] Error status     : 0
[2018-08-21 16:09:02] Writing measurement data to SD Card
[2018-08-21 16:09:02] GET /xy.exe?antwort=dom.GetObject('HM_ZISTERNE_volActual').State(1398.00)
[2018-08-21 16:09:02] GET /xy.exe?antwort=dom.GetObject('HM_ZISTERNE_rSignalHealth').State(93.00)
[2018-08-21 16:09:02] GET /xy.exe?antwort=dom.GetObject('HM_ZISTERNE_prcActual').State(22.00)
[2018-08-21 16:09:02] GET /xy.exe?antwort=dom.GetObject('HM_ZISTERNE_stError').State(0.00)
[2018-08-21 16:18:15] HTTP Request receives: favicon.ico
[2018-08-21 16:18:15] GET /favicon.ico HTTP/1.1

[2018-08-21 16:18:15] Option vSoundSet: No option found, keeping old value  3433.00
[2018-08-21 16:18:15] Option hOffsetSet: No option found, keeping old value  -25.00
[2018-08-21 16:18:15] Option aBaseAreaSet: No option found, keeping old value  31416.00
[2018-08-21 16:18:15] Option hSensorPosSet: No option found, keeping old value  240.00
[2018-08-21 16:18:15] Option hOverflowSet: No option found, keeping old value  200.00
[2018-08-21 16:18:15] Option hRefillSet: No option found, keeping old value  20.00
[2018-08-21 16:18:15] Option volRefillSet: No option found, keeping old value  20.00
[2018-08-21 16:18:15] Option dvolRefillSet: No option found, keeping old value  20.00
[2018-08-21 16:18:15] Option stResetVolume: No option found, keeping old value  0.00
[2018-08-21 16:18:17] HTTP Request receives: 
[2018-08-21 16:18:17] GET / HTTP/1.1

[2018-08-21 16:18:17] Option vSoundSet: No option found, keeping old value  3433.00
[2018-08-21 16:18:17] Option hOffsetSet: No option found, keeping old value  -25.00
[2018-08-21 16:18:17] Option aBaseAreaSet: No option found, keeping old value  31416.00
[2018-08-21 16:18:17] Option hSensorPosSet: No option found, keeping old value  240.00
[2018-08-21 16:18:17] Option hOverflowSet: No option found, keeping old value  200.00
[2018-08-21 16:18:17] Option hRefillSet: No option found, keeping old value  20.00
[2018-08-21 16:18:17] Option volRefillSet: No option found, keeping old value  20.00
[2018-08-21 16:18:17] Option dvolRefillSet: No option found, keeping old value  20.00
[2018-08-21 16:18:17] Option stResetVolume: No option found, keeping old value  0.00
[2018-08-21 16:18:46] HTTP Request receives: favicon.ico
[2018-08-21 16:18:46] GET /favicon.ico HTTP/1.1

[2018-08-21 16:18:46] Option vSoundSet: No option found, keeping old value  3433.00
[2018-08-21 16:18:46] Option hOffsetSet: No option found, keeping old value  -25.00
[2018-08-21 16:18:46] Option aBaseAreaSet: No option found, keeping old value  31416.00
[2018-08-21 16:18:46] Option hSensorPosSet: No option found, keeping old value  240.00
[2018-08-21 16:18:46] Option hOverflowSet: No option found, keeping old value  200.00
[2018-08-21 16:18:46] Option hRefillSet: No option found, keeping old value  20.00
[2018-08-21 16:18:46] Option volRefillSet: No option found, keeping old value  20.00
[2018-08-21 16:18:46] Option dvolRefillSet: No option found, keeping old value  20.00
[2018-08-21 16:18:46] Option stResetVolume: No option found, keeping old value  0.00
[2018-08-21 17:07:47] Time updated by NTP
[2018-08-21 17:09:12] Measured distance: 2006.00 mm
[2018-08-21 17:09:12] Actual Level     : 394 mm
[2018-08-21 17:09:12] Actual volume    : 1237 Liter, StdDev: 0.00 Liter
[2018-08-21 17:09:12] Error status     : 0
[2018-08-21 17:09:12] Writing measurement data to SD Card
[2018-08-21 17:09:12] GET /xy.exe?antwort=dom.GetObject('HM_ZISTERNE_volActual').State(1237.00)
[2018-08-21 17:09:12] GET /xy.exe?antwort=dom.GetObject('HM_ZISTERNE_rSignalHealth').State(100.00)
[2018-08-21 17:09:13] GET /xy.exe?antwort=dom.GetObject('HM_ZISTERNE_prcActual').State(19.00)
[2018-08-21 17:09:13] GET /xy.exe?antwort=dom.GetObject('HM_ZISTERNE_stError').State(0.00)
[2018-08-21 18:08:04] Time updated by NTP
[2018-08-21 18:09:23] Measured distance: 2007.00 mm
[2018-08-21 18:09:23] Actual Level     : 393 mm
[2018-08-21 18:09:23] Actual volume    : 1234 Liter, StdDev: 0.00 Liter
[2018-08-21 18:09:23] Error status     : 0
[2018-08-21 18:09:23] Writing measurement data to SD Card
[2018-08-21 18:09:23] GET /xy.exe?antwort=dom.GetObject('HM_ZISTERNE_volActual').State(1234.00)
[2018-08-21 18:09:23] GET /xy.exe?antwort=dom.GetObject('HM_ZISTERNE_rSignalHealth').State(100.00)
[2018-08-21 18:09:23] GET /xy.exe?antwort=dom.GetObject('HM_ZISTERNE_prcActual').State(19.00)
[2018-08-21 18:09:23] GET /xy.exe?antwort=dom.GetObject('HM_ZISTERNE_stError').State(0.00)
[2018-08-21 19:08:20] Time updated by NTP
[2018-08-21 19:09:33] Measured distance: 2007.00 mm
[2018-08-21 19:09:33] Actual Level     : 393 mm
[2018-08-21 19:09:33] Actual volume    : 1234 Liter, StdDev: 0.00 Liter
[2018-08-21 19:09:33] Error status     : 0
[2018-08-21 19:09:34] Writing measurement data to SD Card
[2018-08-21 19:09:34] GET /xy.exe?antwort=dom.GetObject('HM_ZISTERNE_volActual').State(1234.00)
[2018-08-21 19:09:34] GET /xy.exe?antwort=dom.GetObject('HM_ZISTERNE_rSignalHealth').State(100.00)
[2018-08-21 19:09:34] GET /xy.exe?antwort=dom.GetObject('HM_ZISTERNE_prcActual').State(19.00)
[2018-08-21 19:09:34] GET /xy.exe?antwort=dom.GetObject('HM_ZISTERNE_stError').State(0.00)
[2018-08-21 20:08:36] Time updated by NTP
[2018-08-21 20:09:43] Measured distance: 2004.34 mm
[2018-08-21 20:09:43] Actual Level     : 395 mm
[2018-08-21 20:09:43] Actual volume    : 1240 Liter, StdDev: 5.35 Liter
[2018-08-21 20:09:43] Error status     : 0
[2018-08-21 20:09:43] Writing measurement data to SD Card
[2018-08-21 20:09:43] GET /xy.exe?antwort=dom.GetObject('HM_ZISTERNE_volActual').State(1240.00)
[2018-08-21 20:09:43] GET /xy.exe?antwort=dom.GetObject('HM_ZISTERNE_rSignalHealth').State(94.00)
[2018-08-21 20:09:43] GET /xy.exe?antwort=dom.GetObject('HM_ZISTERNE_prcActual').State(19.00)
[2018-08-21 20:09:43] GET /xy.exe?antwort=dom.GetObject('HM_ZISTERNE_stError').State(0.00)
[2018-08-21 21:08:52] Time updated by NTP
[2018-08-21 21:09:54] Measured distance: 2007.38 mm
[2018-08-21 21:09:54] Actual Level     : 392 mm
[2018-08-21 21:09:54] Actual volume    : 1231 Liter, StdDev: 3.44 Liter
[2018-08-21 21:09:54] Error status     : 0
[2018-08-21 21:09:54] Writing measurement data to SD Card
[2018-08-21 21:09:54] GET /xy.exe?antwort=dom.GetObject('HM_ZISTERNE_volActual').State(1231.00)
[2018-08-21 21:09:54] GET /xy.exe?antwort=dom.GetObject('HM_ZISTERNE_rSignalHealth').State(96.00)
[2018-08-21 21:09:54] GET /xy.exe?antwort=dom.GetObject('HM_ZISTERNE_prcActual').State(19.00)
[2018-08-21 21:09:54] GET /xy.exe?antwort=dom.GetObject('HM_ZISTERNE_stError').State(0.00)
[2018-08-21 21:11:54] HTTP Request receives: 
[2018-08-21 21:11:54] GET / HTTP/1.1

[2018-08-21 21:11:54] Option vSoundSet: No option found, keeping old value  3433.00
[2018-08-21 21:11:54] Option hOffsetSet: No option found, keeping old value  -25.00
[2018-08-21 21:11:54] Option aBaseAreaSet: No option found, keeping old value  31416.00
[2018-08-21 21:11:54] Option hSensorPosSet: No option found, keeping old value  240.00
[2018-08-21 21:11:54] Option hOverflowSet: No option found, keeping old value  200.00
[2018-08-21 21:11:54] Option hRefillSet: No option found, keeping old value  20.00
[2018-08-21 21:11:54] Option volRefillSet: No option found, keeping old value  20.00
[2018-08-21 21:11:54] Option dvolRefillSet: No option found, keeping old value  20.00
[2018-08-21 21:11:55] Option stResetVolume: No option found, keeping old value  0.00
[2018-08-21 21:11:55] HTTP Request receives: favicon.ico
[2018-08-21 21:11:55] GET /favicon.ico HTTP/1.1

[2018-08-21 21:11:55] Option vSoundSet: No option found, keeping old value  3433.00
[2018-08-21 21:11:55] Option hOffsetSet: No option found, keeping old value  -25.00
[2018-08-21 21:11:55] Option aBaseAreaSet: No option found, keeping old value  31416.00
[2018-08-21 21:11:55] Option hSensorPosSet: No option found, keeping old value  240.00
[2018-08-21 21:11:55] Option hOverflowSet: No option found, keeping old value  200.00
[2018-08-21 21:11:55] Option hRefillSet: No option found, keeping old value  20.00
[2018-08-21 21:11:56] Option volRefillSet: No option found, keeping old value  20.00
[2018-08-21 21:11:56] Option dvolRefillSet: No option found, keeping old value  20.00
[2018-08-21 21:11:56] Option stResetVolume: No option found, keeping old value  0.00
[2018-08-21 22:08:09] Time updated by NTP
[2018-08-21 22:10:04] Measured distance: 2007.78 mm
[2018-08-21 22:10:04] Actual Level     : 392 mm
[2018-08-21 22:10:04] Actual volume    : 1231 Liter, StdDev: 1.30 Liter
[2018-08-21 22:10:04] Error status     : 0
[2018-08-21 22:10:04] Writing measurement data to SD Card
[2018-08-21 22:10:04] GET /xy.exe?antwort=dom.GetObject('HM_ZISTERNE_volActual').State(1231.00)
[2018-08-21 22:10:04] GET /xy.exe?antwort=dom.GetObject('HM_ZISTERNE_rSignalHealth').State(98.00)
[2018-08-21 22:10:04] GET /xy.exe?antwort=dom.GetObject('HM_ZISTERNE_prcActual').State(19.00)
[2018-08-21 22:10:05] GET /xy.exe?antwort=dom.GetObject('HM_ZISTERNE_stError').State(0.00)
[2018-08-21 22:10:05] HTTP Request receives: 
[2018-08-21 22:10:05] GET / HTTP/1.1

[2018-08-21 22:10:05] Option vSoundSet: No option found, keeping old value  3433.00
[2018-08-21 22:10:05] Option hOffsetSet: No option found, keeping old value  -25.00
[2018-08-21 22:10:05] Option aBaseAreaSet: No option found, keeping old value  31416.00
[2018-08-21 22:10:05] Option hSensorPosSet: No option found, keeping old value  240.00
[2018-08-21 22:10:05] Option hOverflowSet: No option found, keeping old value  200.00
[2018-08-21 22:10:05] Option hRefillSet: No option found, keeping old value  20.00
[2018-08-21 22:10:05] Option volRefillSet: No option found, keeping old value  20.00
[2018-08-21 22:10:05] Option dvolRefillSet: No option found, keeping old value  20.00
[2018-08-21 22:10:05] Option stResetVolume: No option found, keeping old value  0.00
[2018-08-21 22:10:06] HTTP Request receives: 
[2018-08-21 22:10:06] GET / HTTP/1.1

[2018-08-21 22:10:06] Option vSoundSet: No option found, keeping old value  3433.00
[2018-08-21 22:10:06] Option hOffsetSet: No option found, keeping old value  -25.00
[2018-08-21 22:10:06] Option aBaseAreaSet: No option found, keeping old value  31416.00
[2018-08-21 22:10:06] Option hSensorPosSet: No option found, keeping old value  240.00
[2018-08-21 22:10:06] Option hOverflowSet: No option found, keeping old value  200.00
[2018-08-21 22:10:06] Option hRefillSet: No option found, keeping old value  20.00
[2018-08-21 22:10:06] Option volRefillSet: No option found, keeping old value  20.00
[2018-08-21 22:10:06] Option dvolRefillSet: No option found, keeping old value  20.00
[2018-08-21 22:10:07] Option stResetVolume: No option found, keeping old value  0.00
[2018-08-21 22:10:10] HTTP Request receives: favicon.ico
[2018-08-21 22:10:10] GET /favicon.ico HTTP/1.1

[2018-08-21 22:10:10] Option vSoundSet: No option found, keeping old value  3433.00
[2018-08-21 22:10:10] Option hOffsetSet: No option found, keeping old value  -25.00
[2018-08-21 22:10:10] Option aBaseAreaSet: No option found, keeping old value  31416.00
[2018-08-21 22:10:10] Option hSensorPosSet: No option found, keeping old value  240.00
[2018-08-21 22:10:10] Option hOverflowSet: No option found, keeping old value  200.00
[2018-08-21 22:10:10] Option hRefillSet: No option found, keeping old value  20.00
[2018-08-21 22:10:10] Option volRefillSet: No option found, keeping old value  20.00
[2018-08-21 22:10:10] Option dvolRefillSet: No option found, keeping old value  20.00
[2018-08-21 22:10:10] Option stResetVolume: No option found, keeping old value  0.00
[2018-08-21 22:17:27] HTTP Request receives: 
[2018-08-21 22:17:27] GET / HTTP/1.1

[2018-08-21 22:17:27] Option vSoundSet: No option found, keeping old value  3433.00
[2018-08-21 22:17:27] Option hOffsetSet: No option found, keeping old value  -25.00
[2018-08-21 22:17:27] Option aBaseAreaSet: No option found, keeping old value  31416.00
[2018-08-21 22:17:27] Option hSensorPosSet: No option found, keeping old value  240.00
[2018-08-21 22:17:27] Option hOverflowSet: No option found, keeping old value  200.00
[2018-08-21 22:17:27] Option hRefillSet: No option found, keeping old value  20.00
[2018-08-21 22:17:27] Option volRefillSet: No option found, keeping old value  20.00
[2018-08-21 22:17:27] Option dvolRefillSet: No option found, keeping old value  20.00
[2018-08-21 22:17:27] Option stResetVolume: No option found, keeping old value  0.00
[2018-08-21 23:08:24] Time updated by NTP
[2018-08-21 23:10:14] Measured distance: 2010.00 mm
[2018-08-21 23:10:14] Actual Level     : 390 mm
[2018-08-21 23:10:14] Actual volume    : 1225 Liter, StdDev: 0.00 Liter
[2018-08-21 23:10:14] Error status     : 0
[2018-08-21 23:10:14] Writing measurement data to SD Card
[2018-08-21 23:10:14] GET /xy.exe?antwort=dom.GetObject('HM_ZISTERNE_volActual').State(1225.00)
[2018-08-21 23:10:14] GET /xy.exe?antwort=dom.GetObject('HM_ZISTERNE_rSignalHealth').State(100.00)
[2018-08-21 23:10:14] GET /xy.exe?antwort=dom.GetObject('HM_ZISTERNE_prcActual').State(19.00)
[2018-08-21 23:10:14] GET /xy.exe?antwort=dom.GetObject('HM_ZISTERNE_stError').State(0.00)
[2018-08-22 00:08:41] Time updated by NTP
[2018-08-22 00:10:24] Measured distance: 2010.00 mm
[2018-08-22 00:10:24] Actual Level     : 390 mm
[2018-08-22 00:10:24] Actual volume    : 1225 Liter, StdDev: 0.00 Liter
[2018-08-22 00:10:24] Error status     : 0
[2018-08-22 00:10:24] Writing measurement data to SD Card
[2018-08-22 00:10:25] GET /xy.exe?antwort=dom.GetObject('HM_ZISTERNE_volActual').State(1225.00)
[2018-08-22 00:10:25] GET /xy.exe?antwort=dom.GetObject('HM_ZISTERNE_rSignalHealth').State(100.00)
[2018-08-22 00:10:25] GET /xy.exe?antwort=dom.GetObject('HM_ZISTERNE_prcActual').State(19.00)
[2018-08-22 00:10:25] GET /xy.exe?antwort=dom.GetObject('HM_ZISTERNE_stError').State(0.00)
[2018-08-22 01:08:57] Time updated by NTP
[2018-08-22 01:10:35] Measured distance: 2010.42 mm
[2018-08-22 01:10:35] Actual Level     : 389 mm
[2018-08-22 01:10:35] Actual volume    : 1222 Liter, StdDev: 1.55 Liter
[2018-08-22 01:10:35] Error status     : 0
[2018-08-22 01:10:35] Writing measurement data to SD Card
[2018-08-22 01:10:35] GET /xy.exe?antwort=dom.GetObject('HM_ZISTERNE_volActual').State(1222.00)
[2018-08-22 01:10:35] GET /xy.exe?antwort=dom.GetObject('HM_ZISTERNE_rSignalHealth').State(98.00)
[2018-08-22 01:10:35] GET /xy.exe?antwort=dom.GetObject('HM_ZISTERNE_prcActual').State(19.00)
[2018-08-22 01:10:35] GET /xy.exe?antwort=dom.GetObject('HM_ZISTERNE_stError').State(0.00)
[2018-08-22 02:09:14] Time updated by NTP
[2018-08-22 02:10:46] Measured distance: 2011.00 mm
[2018-08-22 02:10:46] Actual Level     : 389 mm
[2018-08-22 02:10:46] Actual volume    : 1222 Liter, StdDev: 0.00 Liter
[2018-08-22 02:10:46] Error status     : 0
[2018-08-22 02:10:46] Writing measurement data to SD Card
[2018-08-22 02:10:46] GET /xy.exe?antwort=dom.GetObject('HM_ZISTERNE_volActual').State(1222.00)
[2018-08-22 02:10:46] GET /xy.exe?antwort=dom.GetObject('HM_ZISTERNE_rSignalHealth').State(100.00)
[2018-08-22 02:10:46] GET /xy.exe?antwort=dom.GetObject('HM_ZISTERNE_prcActual').State(19.00)
[2018-08-22 02:10:46] GET /xy.exe?antwort=dom.GetObject('HM_ZISTERNE_stError').State(0.00)
[2018-08-22 03:09:29] Time updated by NTP
[2018-08-22 03:10:55] Measured distance: 2011.10 mm
[2018-08-22 03:10:55] Actual Level     : 388 mm
[2018-08-22 03:10:55] Actual volume    : 1218 Liter, StdDev: 0.94 Liter
[2018-08-22 03:10:55] Error status     : 0
[2018-08-22 03:10:55] Writing measurement data to SD Card
[2018-08-22 03:10:55] GET /xy.exe?antwort=dom.GetObject('HM_ZISTERNE_volActual').State(1218.00)
[2018-08-22 03:10:55] GET /xy.exe?antwort=dom.GetObject('HM_ZISTERNE_rSignalHealth').State(99.00)
[2018-08-22 03:10:55] GET /xy.exe?antwort=dom.GetObject('HM_ZISTERNE_prcActual').State(19.00)
[2018-08-22 03:10:55] GET /xy.exe?antwort=dom.GetObject('HM_ZISTERNE_stError').State(0.00)
[2018-08-22 04:09:46] Time updated by NTP
[2018-08-22 04:11:06] Measured distance: 2012.00 mm
[2018-08-22 04:11:06] Actual Level     : 388 mm
[2018-08-22 04:11:06] Actual volume    : 1218 Liter, StdDev: 0.00 Liter
[2018-08-22 04:11:06] Error status     : 0
[2018-08-22 04:11:06] Writing measurement data to SD Card
[2018-08-22 04:11:06] GET /xy.exe?antwort=dom.GetObject('HM_ZISTERNE_volActual').State(1218.00)
[2018-08-22 04:11:06] GET /xy.exe?antwort=dom.GetObject('HM_ZISTERNE_rSignalHealth').State(100.00)
[2018-08-22 04:11:06] GET /xy.exe?antwort=dom.GetObject('HM_ZISTERNE_prcActual').State(19.00)
[2018-08-22 04:11:06] GET /xy.exe?antwort=dom.GetObject('HM_ZISTERNE_stError').State(0.00)
[2018-08-22 05:04:59] HTTP Request receives: 
[2018-08-22 05:04:59] GET / HTTP/1.1

[2018-08-22 05:04:59] Option vSoundSet: No option found, keeping old value  3433.00
[2018-08-22 05:04:59] Option hOffsetSet: No option found, keeping old value  -25.00
[2018-08-22 05:04:59] Option aBaseAreaSet: No option found, keeping old value  31416.00
[2018-08-22 05:04:59] Option hSensorPosSet: No option found, keeping old value  240.00
[2018-08-22 05:04:59] Option hOverflowSet: No option found, keeping old value  200.00
[2018-08-22 05:04:59] Option hRefillSet: No option found, keeping old value  20.00
[2018-08-22 05:04:59] Option volRefillSet: No option found, keeping old value  20.00
[2018-08-22 05:04:59] Option dvolRefillSet: No option found, keeping old value  20.00
[2018-08-22 05:04:59] Option stResetVolume: No option found, keeping old value  0.00
[2018-08-22 05:05:00] HTTP Request receives: favicon.ico
[2018-08-22 05:05:00] GET /favicon.ico HTTP/1.1

[2018-08-22 05:05:00] Option vSoundSet: No option found, keeping old value  3433.00
[2018-08-22 05:05:00] Option hOffsetSet: No option found, keeping old value  -25.00
[2018-08-22 05:05:00] Option aBaseAreaSet: No option found, keeping old value  31416.00
[2018-08-22 05:05:00] Option hSensorPosSet: No option found, keeping old value  240.00
[2018-08-22 05:05:00] Option hOverflowSet: No option found, keeping old value  200.00
[2018-08-22 05:05:00] Option hRefillSet: No option found, keeping old value  20.00
[2018-08-22 05:05:00] Option volRefillSet: No option found, keeping old value  20.00
[2018-08-22 05:05:00] Option dvolRefillSet: No option found, keeping old value  20.00
[2018-08-22 05:05:00] Option stResetVolume: No option found, keeping old value  0.00
[2018-08-22 05:05:08] HTTP Request receives: 
[2018-08-22 05:05:08] GET / HTTP/1.1

[2018-08-22 05:05:08] Option vSoundSet: No option found, keeping old value  3433.00
[2018-08-22 05:05:08] Option hOffsetSet: No option found, keeping old value  -25.00
[2018-08-22 05:05:08] Option aBaseAreaSet: No option found, keeping old value  31416.00
[2018-08-22 05:05:08] Option hSensorPosSet: No option found, keeping old value  240.00
[2018-08-22 05:05:08] Option hOverflowSet: No option found, keeping old value  200.00
[2018-08-22 05:05:08] Option hRefillSet: No option found, keeping old value  20.00
[2018-08-22 05:05:08] Option volRefillSet: No option found, keeping old value  20.00
[2018-08-22 05:05:08] Option dvolRefillSet: No option found, keeping old value  20.00
[2018-08-22 05:05:08] Option stResetVolume: No option found, keeping old value  0.00
[2018-08-22 05:05:09] HTTP Request receives: favicon.ico
[2018-08-22 05:05:09] GET /favicon.ico HTTP/1.1

[2018-08-22 05:05:09] Option vSoundSet: No option found, keeping old value  3433.00
[2018-08-22 05:05:09] Option hOffsetSet: No option found, keeping old value  -25.00
[2018-08-22 05:05:09] Option aBaseAreaSet: No option found, keeping old value  31416.00
[2018-08-22 05:05:09] Option hSensorPosSet: No option found, keeping old value  240.00
[2018-08-22 05:05:09] Option hOverflowSet: No option found, keeping old value  200.00
[2018-08-22 05:05:09] Option hRefillSet: No option found, keeping old value  20.00
[2018-08-22 05:05:09] Option volRefillSet: No option found, keeping old value  20.00
[2018-08-22 05:05:09] Option dvolRefillSet: No option found, keeping old value  20.00
[2018-08-22 05:05:09] Option stResetVolume: No option found, keeping old value  0.00
[2018-08-22 05:10:02] Time updated by NTP
[2018-08-22 05:11:16] Measured distance: 2013.44 mm
[2018-08-22 05:11:16] Actual Level     : 386 mm
[2018-08-22 05:11:16] Actual volume    : 1212 Liter, StdDev: 1.56 Liter
[2018-08-22 05:11:16] Error status     : 0
[2018-08-22 05:11:16] Writing measurement data to SD Card
[2018-08-22 05:11:16] GET /xy.exe?antwort=dom.GetObject('HM_ZISTERNE_volActual').State(1212.00)
[2018-08-22 05:11:17] GET /xy.exe?antwort=dom.GetObject('HM_ZISTERNE_rSignalHealth').State(98.00)
[2018-08-22 05:11:17] GET /xy.exe?antwort=dom.GetObject('HM_ZISTERNE_prcActual').State(19.00)
[2018-08-22 05:11:17] GET /xy.exe?antwort=dom.GetObject('HM_ZISTERNE_stError').State(0.00)
[2018-08-22 06:11:17] Measured distance: 2018.50 mm
[2018-08-22 06:11:17] Actual Level     : 381 mm
[2018-08-22 06:11:17] Actual volume    : 1196 Liter, StdDev: 1.57 Liter
[2018-08-22 06:11:17] Error status     : 0
[2018-08-22 06:11:17] Writing measurement data to SD Card
[2018-08-22 06:11:17] GET /xy.exe?antwort=dom.GetObject('HM_ZISTERNE_volActual').State(1196.00)
[2018-08-22 06:11:17] GET /xy.exe?antwort=dom.GetObject('HM_ZISTERNE_rSignalHealth').State(98.00)
[2018-08-22 06:11:17] GET /xy.exe?antwort=dom.GetObject('HM_ZISTERNE_prcActual').State(19.00)
[2018-08-22 06:11:17] GET /xy.exe?antwort=dom.GetObject('HM_ZISTERNE_stError').State(0.00)
[2018-08-22 07:10:34] Time updated by NTP
[2018-08-22 07:11:37] Measured distance: 2019.00 mm
[2018-08-22 07:11:37] Actual Level     : 381 mm
[2018-08-22 07:11:37] Actual volume    : 1196 Liter, StdDev: 0.00 Liter
[2018-08-22 07:11:37] Error status     : 0
[2018-08-22 07:11:37] Writing measurement data to SD Card
[2018-08-22 07:11:37] GET /xy.exe?antwort=dom.GetObject('HM_ZISTERNE_volActual').State(1196.00)
[2018-08-22 07:11:37] GET /xy.exe?antwort=dom.GetObject('HM_ZISTERNE_rSignalHealth').State(100.00)
[2018-08-22 07:11:37] GET /xy.exe?antwort=dom.GetObject('HM_ZISTERNE_prcActual').State(19.00)
[2018-08-22 07:11:37] GET /xy.exe?antwort=dom.GetObject('HM_ZISTERNE_stError').State(0.00)
[2018-08-22 08:10:51] Time updated by NTP
[2018-08-22 08:11:47] Measured distance: 2019.12 mm
[2018-08-22 08:11:47] Actual Level     : 380 mm
[2018-08-22 08:11:47] Actual volume    : 1193 Liter, StdDev: 1.02 Liter
[2018-08-22 08:11:47] Error status     : 0
[2018-08-22 08:11:47] Writing measurement data to SD Card
[2018-08-22 08:11:47] GET /xy.exe?antwort=dom.GetObject('HM_ZISTERNE_volActual').State(1193.00)
[2018-08-22 08:11:47] GET /xy.exe?antwort=dom.GetObject('HM_ZISTERNE_rSignalHealth').State(99.00)
[2018-08-22 08:11:47] GET /xy.exe?antwort=dom.GetObject('HM_ZISTERNE_prcActual').State(18.00)
[2018-08-22 08:11:47] GET /xy.exe?antwort=dom.GetObject('HM_ZISTERNE_stError').State(0.00)
[2018-08-22 09:11:06] Time updated by NTP
[2018-08-22 09:11:57] Measured distance: 2019.32 mm
[2018-08-22 09:11:57] Actual Level     : 380 mm
[2018-08-22 09:11:57] Actual volume    : 1193 Liter, StdDev: 1.47 Liter
[2018-08-22 09:11:57] Error status     : 0
[2018-08-22 09:11:57] Writing measurement data to SD Card
[2018-08-22 09:11:57] GET /xy.exe?antwort=dom.GetObject('HM_ZISTERNE_volActual').State(1193.00)
[2018-08-22 09:11:57] GET /xy.exe?antwort=dom.GetObject('HM_ZISTERNE_rSignalHealth').State(98.00)
[2018-08-22 09:11:57] GET /xy.exe?antwort=dom.GetObject('HM_ZISTERNE_prcActual').State(18.00)
[2018-08-22 09:11:57] GET /xy.exe?antwort=dom.GetObject('HM_ZISTERNE_stError').State(0.00)
[2018-08-22 10:10:22] Time updated by NTP
[2018-08-22 10:12:07] Measured distance: 2019.82 mm
[2018-08-22 10:12:07] Actual Level     : 380 mm
[2018-08-22 10:12:07] Actual volume    : 1193 Liter, StdDev: 1.21 Liter
[2018-08-22 10:12:07] Error status     : 0
[2018-08-22 10:12:07] Writing measurement data to SD Card
[2018-08-22 10:12:07] GET /xy.exe?antwort=dom.GetObject('HM_ZISTERNE_volActual').State(1193.00)
[2018-08-22 10:12:07] GET /xy.exe?antwort=dom.GetObject('HM_ZISTERNE_rSignalHealth').State(98.00)
[2018-08-22 10:12:08] GET /xy.exe?antwort=dom.GetObject('HM_ZISTERNE_prcActual').State(18.00)
[2018-08-22 10:12:08] GET /xy.exe?antwort=dom.GetObject('HM_ZISTERNE_stError').State(0.00)
[2018-08-22 11:10:39] Time updated by NTP
[2018-08-22 11:12:18] Measured distance: 2019.92 mm
[2018-08-22 11:12:18] Actual Level     : 380 mm
[2018-08-22 11:12:18] Actual volume    : 1193 Liter, StdDev: 0.85 Liter
[2018-08-22 11:12:18] Error status     : 0
[2018-08-22 11:12:18] Writing measurement data to SD Card
[2018-08-22 11:12:18] GET /xy.exe?antwort=dom.GetObject('HM_ZISTERNE_volActual').State(1193.00)
[2018-08-22 11:12:18] GET /xy.exe?antwort=dom.GetObject('HM_ZISTERNE_rSignalHealth').State(99.00)
[2018-08-22 11:12:18] GET /xy.exe?antwort=dom.GetObject('HM_ZISTERNE_prcActual').State(18.00)
[2018-08-22 11:12:18] GET /xy.exe?antwort=dom.GetObject('HM_ZISTERNE_stError').State(0.00)
[2018-08-22 12:10:55] Time updated by NTP
[2018-08-22 12:12:28] Measured distance: 2022.00 mm
[2018-08-22 12:12:28] Actual Level     : 378 mm
[2018-08-22 12:12:28] Actual volume    : 1187 Liter, StdDev: 0.00 Liter
[2018-08-22 12:12:29] Error status     : 0
[2018-08-22 12:12:29] Writing measurement data to SD Card
[2018-08-22 12:12:29] GET /xy.exe?antwort=dom.GetObject('HM_ZISTERNE_volActual').State(1187.00)
[2018-08-22 12:12:29] GET /xy.exe?antwort=dom.GetObject('HM_ZISTERNE_rSignalHealth').State(100.00)
[2018-08-22 12:12:29] GET /xy.exe?antwort=dom.GetObject('HM_ZISTERNE_prcActual').State(18.00)
[2018-08-22 12:12:29] GET /xy.exe?antwort=dom.GetObject('HM_ZISTERNE_stError').State(0.00)
[2018-08-22 12:17:38] HTTP Request receives: 
[2018-08-22 12:17:38] GET / HTTP/1.1

[2018-08-22 12:17:38] Option vSoundSet: No option found, keeping old value  3433.00
[2018-08-22 12:17:38] Option hOffsetSet: No option found, keeping old value  -25.00
[2018-08-22 12:17:39] Option aBaseAreaSet: No option found, keeping old value  31416.00
[2018-08-22 12:17:39] Option hSensorPosSet: No option found, keeping old value  240.00
[2018-08-22 12:17:39] Option hOverflowSet: No option found, keeping old value  200.00
[2018-08-22 12:17:39] Option hRefillSet: No option found, keeping old value  20.00
[2018-08-22 12:17:39] Option volRefillSet: No option found, keeping old value  20.00
[2018-08-22 12:17:39] Option dvolRefillSet: No option found, keeping old value  20.00
[2018-08-22 12:17:39] Option stResetVolume: No option found, keeping old value  0.00
[2018-08-22 12:17:39] HTTP Request receives: favicon.ico
[2018-08-22 12:17:39] GET /favicon.ico HTTP/1.1

[2018-08-22 12:17:39] Option vSoundSet: No option found, keeping old value  3433.00
[2018-08-22 12:17:39] Option hOffsetSet: No option found, keeping old value  -25.00
[2018-08-22 12:17:39] Option aBaseAreaSet: No option found, keeping old value  31416.00
[2018-08-22 12:17:39] Option hSensorPosSet: No option found, keeping old value  240.00
[2018-08-22 12:17:39] Option hOverflowSet: No option found, keeping old value  200.00
[2018-08-22 12:17:39] Option hRefillSet: No option found, keeping old value  20.00
[2018-08-22 12:17:39] Option volRefillSet: No option found, keeping old value  20.00
[2018-08-22 12:17:39] Option dvolRefillSet: No option found, keeping old value  20.00
[2018-08-22 12:17:39] Option stResetVolume: No option found, keeping old value  0.00
[2018-08-22 13:11:11] Time updated by NTP
[2018-08-22 13:12:38] Measured distance: 2023.00 mm
[2018-08-22 13:12:38] Actual Level     : 377 mm
[2018-08-22 13:12:38] Actual volume    : 1184 Liter, StdDev: 0.00 Liter
[2018-08-22 13:12:38] Error status     : 0
[2018-08-22 13:12:38] Writing measurement data to SD Card
[2018-08-22 13:12:38] GET /xy.exe?antwort=dom.GetObject('HM_ZISTERNE_volActual').State(1184.00)
[2018-08-22 13:12:38] GET /xy.exe?antwort=dom.GetObject('HM_ZISTERNE_rSignalHealth').State(100.00)
[2018-08-22 13:12:38] GET /xy.exe?antwort=dom.GetObject('HM_ZISTERNE_prcActual').State(18.00)
[2018-08-22 13:12:38] GET /xy.exe?antwort=dom.GetObject('HM_ZISTERNE_stError').State(0.00)
[2018-08-22 14:11:27] Time updated by NTP
[2018-08-22 14:12:49] Measured distance: 2024.00 mm
[2018-08-22 14:12:49] Actual Level     : 376 mm
[2018-08-22 14:12:49] Actual volume    : 1181 Liter, StdDev: 0.00 Liter
[2018-08-22 14:12:49] Error status     : 0
[2018-08-22 14:12:49] Writing measurement data to SD Card
[2018-08-22 14:12:49] GET /xy.exe?antwort=dom.GetObject('HM_ZISTERNE_volActual').State(1181.00)
[2018-08-22 14:12:49] GET /xy.exe?antwort=dom.GetObject('HM_ZISTERNE_rSignalHealth').State(100.00)
[2018-08-22 14:12:49] GET /xy.exe?antwort=dom.GetObject('HM_ZISTERNE_prcActual').State(18.00)
[2018-08-22 14:12:49] GET /xy.exe?antwort=dom.GetObject('HM_ZISTERNE_stError').State(0.00)
[2018-08-22 14:54:38] HTTP Request receives: favicon.ico
[2018-08-22 14:54:38] GET /favicon.ico HTTP/1.1

[2018-08-22 14:54:38] Option vSoundSet: No option found, keeping old value  3433.00
[2018-08-22 14:54:38] Option hOffsetSet: No option found, keeping old value  -25.00
[2018-08-22 14:54:39] Option aBaseAreaSet: No option found, keeping old value  31416.00
[2018-08-22 14:54:39] Option hSensorPosSet: No option found, keeping old value  240.00
[2018-08-22 14:54:39] Option hOverflowSet: No option found, keeping old value  200.00
[2018-08-22 14:54:39] Option hRefillSet: No option found, keeping old value  20.00
[2018-08-22 14:54:39] Option volRefillSet: No option found, keeping old value  20.00
[2018-08-22 14:54:39] Option dvolRefillSet: No option found, keeping old value  20.00
[2018-08-22 14:54:39] Option stResetVolume: No option found, keeping old value  0.00
[2018-08-22 14:54:46] HTTP Request receives: 
[2018-08-22 14:54:46] GET / HTTP/1.1

[2018-08-22 14:54:46] Option vSoundSet: No option found, keeping old value  3433.00
[2018-08-22 14:54:46] Option hOffsetSet: No option found, keeping old value  -25.00
[2018-08-22 14:54:46] Option aBaseAreaSet: No option found, keeping old value  31416.00
[2018-08-22 14:54:46] Option hSensorPosSet: No option found, keeping old value  240.00
[2018-08-22 14:54:46] Option hOverflowSet: No option found, keeping old value  200.00
[2018-08-22 14:54:46] Option hRefillSet: No option found, keeping old value  20.00
[2018-08-22 14:54:46] Option volRefillSet: No option found, keeping old value  20.00
[2018-08-22 14:54:46] Option dvolRefillSet: No option found, keeping old value  20.00
[2018-08-22 14:54:46] Option stResetVolume: No option found, keeping old value  0.00
[2018-08-22 14:54:47] HTTP Request receives: favicon.ico
[2018-08-22 14:54:47] GET /favicon.ico HTTP/1.1

[2018-08-22 14:54:47] Option vSoundSet: No option found, keeping old value  3433.00
[2018-08-22 14:54:47] Option hOffsetSet: No option found, keeping old value  -25.00
[2018-08-22 14:54:47] Option aBaseAreaSet: No option found, keeping old value  31416.00
[2018-08-22 14:54:47] Option hSensorPosSet: No option found, keeping old value  240.00
[2018-08-22 14:54:47] Option hOverflowSet: No option found, keeping old value  200.00
[2018-08-22 14:54:47] Option hRefillSet: No option found, keeping old value  20.00
[2018-08-22 14:54:47] Option volRefillSet: No option found, keeping old value  20.00
[2018-08-22 14:54:47] Option dvolRefillSet: No option found, keeping old value  20.00
[2018-08-22 14:54:47] Option stResetVolume: No option found, keeping old value  0.00
[2018-08-22 15:11:44] Time updated by NTP
[2018-08-22 15:12:59] Measured distance: 2025.00 mm
[2018-08-22 15:12:59] Actual Level     : 375 mm
[2018-08-22 15:12:59] Actual volume    : 1178 Liter, StdDev: 0.00 Liter
[2018-08-22 15:12:59] Error status     : 0
[2018-08-22 15:12:59] Writing measurement data to SD Card
[2018-08-22 15:12:59] GET /xy.exe?antwort=dom.GetObject('HM_ZISTERNE_volActual').State(1178.00)
[2018-08-22 15:12:59] GET /xy.exe?antwort=dom.GetObject('HM_ZISTERNE_rSignalHealth').State(100.00)
[2018-08-22 15:13:00] GET /xy.exe?antwort=dom.GetObject('HM_ZISTERNE_prcActual').State(18.00)
[2018-08-22 15:13:00] GET /xy.exe?antwort=dom.GetObject('HM_ZISTERNE_stError').State(0.00)
[2018-08-22 16:11:59] Time updated by NTP
[2018-08-22 16:13:09] Measured distance: 2025.94 mm
[2018-08-22 16:13:09] Actual Level     : 374 mm
[2018-08-22 16:13:09] Actual volume    : 1174 Liter, StdDev: 0.75 Liter
[2018-08-22 16:13:09] Error status     : 0
[2018-08-22 16:13:09] Writing measurement data to SD Card
[2018-08-22 16:13:09] GET /xy.exe?antwort=dom.GetObject('HM_ZISTERNE_volActual').State(1174.00)
[2018-08-22 16:13:09] GET /xy.exe?antwort=dom.GetObject('HM_ZISTERNE_rSignalHealth').State(99.00)
[2018-08-22 16:13:09] GET /xy.exe?antwort=dom.GetObject('HM_ZISTERNE_prcActual').State(18.00)
[2018-08-22 16:13:09] GET /xy.exe?antwort=dom.GetObject('HM_ZISTERNE_stError').State(0.00)
[2018-08-22 17:05:54] HTTP Request receives: 
[2018-08-22 17:05:54] GET / HTTP/1.1

[2018-08-22 17:05:54] Option vSoundSet: No option found, keeping old value  3433.00
[2018-08-22 17:05:54] Option hOffsetSet: No option found, keeping old value  -25.00
[2018-08-22 17:05:54] Option aBaseAreaSet: No option found, keeping old value  31416.00
[2018-08-22 17:05:55] Option hSensorPosSet: No option found, keeping old value  240.00
[2018-08-22 17:05:55] Option hOverflowSet: No option found, keeping old value  200.00
[2018-08-22 17:05:55] Option hRefillSet: No option found, keeping old value  20.00
[2018-08-22 17:05:55] Option volRefillSet: No option found, keeping old value  20.00
[2018-08-22 17:05:55] Option dvolRefillSet: No option found, keeping old value  20.00
[2018-08-22 17:05:55] Option stResetVolume: No option found, keeping old value  0.00
[2018-08-22 17:05:55] HTTP Request receives: favicon.ico
[2018-08-22 17:05:55] GET /favicon.ico HTTP/1.1

[2018-08-22 17:05:55] Option vSoundSet: No option found, keeping old value  3433.00
[2018-08-22 17:05:55] Option hOffsetSet: No option found, keeping old value  -25.00
[2018-08-22 17:05:55] Option aBaseAreaSet: No option found, keeping old value  31416.00
[2018-08-22 17:05:55] Option hSensorPosSet: No option found, keeping old value  240.00
[2018-08-22 17:05:55] Option hOverflowSet: No option found, keeping old value  200.00
[2018-08-22 17:05:55] Option hRefillSet: No option found, keeping old value  20.00
[2018-08-22 17:05:55] Option volRefillSet: No option found, keeping old value  20.00
[2018-08-22 17:05:55] Option dvolRefillSet: No option found, keeping old value  20.00
[2018-08-22 17:05:55] Option stResetVolume: No option found, keeping old value  0.00
[2018-08-22 17:06:11] HTTP Request receives: 
[2018-08-22 17:06:11] GET / HTTP/1.1

[2018-08-22 17:06:11] Option vSoundSet: No option found, keeping old value  3433.00
[2018-08-22 17:06:11] Option hOffsetSet: No option found, keeping old value  -25.00
[2018-08-22 17:06:11] Option aBaseAreaSet: No option found, keeping old value  31416.00
[2018-08-22 17:06:11] Option hSensorPosSet: No option found, keeping old value  240.00
[2018-08-22 17:06:11] Option hOverflowSet: No option found, keeping old value  200.00
[2018-08-22 17:06:11] Option hRefillSet: No option found, keeping old value  20.00
[2018-08-22 17:06:11] Option volRefillSet: No option found, keeping old value  20.00
[2018-08-22 17:06:11] Option dvolRefillSet: No option found, keeping old value  20.00
[2018-08-22 17:06:11] Option stResetVolume: No option found, keeping old value  0.00
[2018-08-22 17:06:12] HTTP Request receives: favicon.ico
[2018-08-22 17:06:12] GET /favicon.ico HTTP/1.1

[2018-08-22 17:06:12] Option vSoundSet: No option found, keeping old value  3433.00
[2018-08-22 17:06:12] Option hOffsetSet: No option found, keeping old value  -25.00
[2018-08-22 17:06:12] Option aBaseAreaSet: No option found, keeping old value  31416.00
[2018-08-22 17:06:12] Option hSensorPosSet: No option found, keeping old value  240.00
[2018-08-22 17:06:12] Option hOverflowSet: No option found, keeping old value  200.00
[2018-08-22 17:06:12] Option hRefillSet: No option found, keeping old value  20.00
[2018-08-22 17:06:12] Option volRefillSet: No option found, keeping old value  20.00
[2018-08-22 17:06:12] Option dvolRefillSet: No option found, keeping old value  20.00
[2018-08-22 17:06:12] Option stResetVolume: No option found, keeping old value  0.00
[2018-08-22 17:06:18] HTTP Request receives: 
[2018-08-22 17:06:18] GET / HTTP/1.1

[2018-08-22 17:06:18] Option vSoundSet: No option found, keeping old value  3433.00
[2018-08-22 17:06:18] Option hOffsetSet: No option found, keeping old value  -25.00
[2018-08-22 17:06:18] Option aBaseAreaSet: No option found, keeping old value  31416.00
[2018-08-22 17:06:18] Option hSensorPosSet: No option found, keeping old value  240.00
[2018-08-22 17:06:18] Option hOverflowSet: No option found, keeping old value  200.00
[2018-08-22 17:06:18] Option hRefillSet: No option found, keeping old value  20.00
[2018-08-22 17:06:18] Option volRefillSet: No option found, keeping old value  20.00
[2018-08-22 17:06:18] Option dvolRefillSet: No option found, keeping old value  20.00
[2018-08-22 17:06:18] Option stResetVolume: No option found, keeping old value  0.00
[2018-08-22 17:06:19] HTTP Request receives: favicon.ico
[2018-08-22 17:06:19] GET /favicon.ico HTTP/1.1

[2018-08-22 17:06:19] Option vSoundSet: No option found, keeping old value  3433.00
[2018-08-22 17:06:19] Option hOffsetSet: No option found, keeping old value  -25.00
[2018-08-22 17:06:19] Option aBaseAreaSet: No option found, keeping old value  31416.00
[2018-08-22 17:06:19] Option hSensorPosSet: No option found, keeping old value  240.00
[2018-08-22 17:06:19] Option hOverflowSet: No option found, keeping old value  200.00
[2018-08-22 17:06:19] Option hRefillSet: No option found, keeping old value  20.00
[2018-08-22 17:06:19] Option volRefillSet: No option found, keeping old value  20.00
[2018-08-22 17:06:19] Option dvolRefillSet: No option found, keeping old value  20.00
[2018-08-22 17:06:19] Option stResetVolume: No option found, keeping old value  0.00
[2018-08-22 17:06:31] HTTP Request receives: 
[2018-08-22 17:06:31] GET / HTTP/1.1

[2018-08-22 17:06:31] Option vSoundSet: No option found, keeping old value  3433.00
[2018-08-22 17:06:31] Option hOffsetSet: No option found, keeping old value  -25.00
[2018-08-22 17:06:31] Option aBaseAreaSet: No option found, keeping old value  31416.00
[2018-08-22 17:06:31] Option hSensorPosSet: No option found, keeping old value  240.00
[2018-08-22 17:06:31] Option hOverflowSet: No option found, keeping old value  200.00
[2018-08-22 17:06:31] Option hRefillSet: No option found, keeping old value  20.00
[2018-08-22 17:06:31] Option volRefillSet: No option found, keeping old value  20.00
[2018-08-22 17:06:31] Option dvolRefillSet: No option found, keeping old value  20.00
[2018-08-22 17:06:31] Option stResetVolume: No option found, keeping old value  0.00
[2018-08-22 17:06:32] HTTP Request receives: favicon.ico
[2018-08-22 17:06:32] GET /favicon.ico HTTP/1.1

[2018-08-22 17:06:32] Option vSoundSet: No option found, keeping old value  3433.00
[2018-08-22 17:06:32] Option hOffsetSet: No option found, keeping old value  -25.00
[2018-08-22 17:06:32] Option aBaseAreaSet: No option found, keeping old value  31416.00
[2018-08-22 17:06:32] Option hSensorPosSet: No option found, keeping old value  240.00
[2018-08-22 17:06:32] Option hOverflowSet: No option found, keeping old value  200.00
[2018-08-22 17:06:32] Option hRefillSet: No option found, keeping old value  20.00
[2018-08-22 17:06:32] Option volRefillSet: No option found, keeping old value  20.00
[2018-08-22 17:06:33] Option dvolRefillSet: No option found, keeping old value  20.00
[2018-08-22 17:06:33] Option stResetVolume: No option found, keeping old value  0.00
[2018-08-22 17:12:16] Time updated by NTP
[2018-08-22 17:13:19] Measured distance: 2044.00 mm
[2018-08-22 17:13:19] Actual Level     : 356 mm
[2018-08-22 17:13:19] Actual volume    : 1118 Liter, StdDev: 0.00 Liter
[2018-08-22 17:13:19] Error status     : 0
[2018-08-22 17:13:19] Writing measurement data to SD Card
[2018-08-22 17:13:20] GET /xy.exe?antwort=dom.GetObject('HM_ZISTERNE_volActual').State(1118.00)
[2018-08-22 17:13:20] GET /xy.exe?antwort=dom.GetObject('HM_ZISTERNE_rSignalHealth').State(100.00)
[2018-08-22 17:13:20] GET /xy.exe?antwort=dom.GetObject('HM_ZISTERNE_prcActual').State(17.00)
[2018-08-22 17:13:20] GET /xy.exe?antwort=dom.GetObject('HM_ZISTERNE_stError').State(0.00)
[2018-08-22 18:12:32] Time updated by NTP
[2018-08-22 18:13:30] Measured distance: 2044.00 mm
[2018-08-22 18:13:30] Actual Level     : 356 mm
[2018-08-22 18:13:30] Actual volume    : 1118 Liter, StdDev: 0.00 Liter
[2018-08-22 18:13:30] Error status     : 0
[2018-08-22 18:13:30] Writing measurement data to SD Card
[2018-08-22 18:13:30] GET /xy.exe?antwort=dom.GetObject('HM_ZISTERNE_volActual').State(1118.00)
[2018-08-22 18:13:30] GET /xy.exe?antwort=dom.GetObject('HM_ZISTERNE_rSignalHealth').State(100.00)
[2018-08-22 18:13:30] GET /xy.exe?antwort=dom.GetObject('HM_ZISTERNE_prcActual').State(17.00)
[2018-08-22 18:13:30] GET /xy.exe?antwort=dom.GetObject('HM_ZISTERNE_stError').State(0.00)
[2018-08-22 18:27:52] HTTP Request receives: favicon.ico
[2018-08-22 18:27:52] GET /favicon.ico HTTP/1.1

[2018-08-22 18:27:52] Option vSoundSet: No option found, keeping old value  3433.00
[2018-08-22 18:27:52] Option hOffsetSet: No option found, keeping old value  -25.00
[2018-08-22 18:27:52] Option aBaseAreaSet: No option found, keeping old value  31416.00
[2018-08-22 18:27:52] Option hSensorPosSet: No option found, keeping old value  240.00
[2018-08-22 18:27:52] Option hOverflowSet: No option found, keeping old value  200.00
[2018-08-22 18:27:52] Option hRefillSet: No option found, keeping old value  20.00
[2018-08-22 18:27:52] Option volRefillSet: No option found, keeping old value  20.00
[2018-08-22 18:27:52] Option dvolRefillSet: No option found, keeping old value  20.00
[2018-08-22 18:27:52] Option stResetVolume: No option found, keeping old value  0.00
[2018-08-22 18:28:33] HTTP Request receives: favicon.ico
[2018-08-22 18:28:34] GET /favicon.ico HTTP/1.1

[2018-08-22 18:28:34] Option vSoundSet: No option found, keeping old value  3433.00
[2018-08-22 18:28:34] Option hOffsetSet: No option found, keeping old value  -25.00
[2018-08-22 18:28:34] Option aBaseAreaSet: No option found, keeping old value  31416.00
[2018-08-22 18:28:34] Option hSensorPosSet: No option found, keeping old value  240.00
[2018-08-22 18:28:34] Option hOverflowSet: No option found, keeping old value  200.00
[2018-08-22 18:28:34] Option hRefillSet: No option found, keeping old value  20.00
[2018-08-22 18:28:34] Option volRefillSet: No option found, keeping old value  20.00
[2018-08-22 18:28:34] Option dvolRefillSet: No option found, keeping old value  20.00
[2018-08-22 18:28:34] Option stResetVolume: No option found, keeping old value  0.00
[2018-08-22 18:55:50] HTTP Request receives: 
[2018-08-22 18:55:50] GET / HTTP/1.1

[2018-08-22 18:55:50] Option vSoundSet: No option found, keeping old value  3433.00
[2018-08-22 18:55:50] Option hOffsetSet: No option found, keeping old value  -25.00
[2018-08-22 18:55:50] Option aBaseAreaSet: No option found, keeping old value  31416.00
[2018-08-22 18:55:50] Option hSensorPosSet: No option found, keeping old value  240.00
[2018-08-22 18:55:50] Option hOverflowSet: No option found, keeping old value  200.00
[2018-08-22 18:55:50] Option hRefillSet: No option found, keeping old value  20.00
[2018-08-22 18:55:50] Option volRefillSet: No option found, keeping old value  20.00
[2018-08-22 18:55:50] Option dvolRefillSet: No option found, keeping old value  20.00
[2018-08-22 18:55:50] Option stResetVolume: No option found, keeping old value  0.00
[2018-08-22 18:55:51] HTTP Request receives: favicon.ico
[2018-08-22 18:55:51] GET /favicon.ico HTTP/1.1

[2018-08-22 18:55:51] Option vSoundSet: No option found, keeping old value  3433.00
[2018-08-22 18:55:51] Option hOffsetSet: No option found, keeping old value  -25.00
[2018-08-22 18:55:51] Option aBaseAreaSet: No option found, keeping old value  31416.00
[2018-08-22 18:55:51] Option hSensorPosSet: No option found, keeping old value  240.00
[2018-08-22 18:55:51] Option hOverflowSet: No option found, keeping old value  200.00
[2018-08-22 18:55:51] Option hRefillSet: No option found, keeping old value  20.00
[2018-08-22 18:55:51] Option volRefillSet: No option found, keeping old value  20.00
[2018-08-22 18:55:51] Option dvolRefillSet: No option found, keeping old value  20.00
[2018-08-22 18:55:51] Option stResetVolume: No option found, keeping old value  0.00
[2018-08-22 19:11:49] Time updated by NTP
[2018-08-22 19:13:41] Measured distance: 2044.28 mm
[2018-08-22 19:13:41] Actual Level     : 355 mm
[2018-08-22 19:13:41] Actual volume    : 1115 Liter, StdDev: 7.25 Liter
[2018-08-22 19:13:41] Error status     : 0
[2018-08-22 19:13:41] Writing measurement data to SD Card
[2018-08-22 19:13:41] GET /xy.exe?antwort=dom.GetObject('HM_ZISTERNE_volActual').State(1115.00)
[2018-08-22 19:13:41] GET /xy.exe?antwort=dom.GetObject('HM_ZISTERNE_rSignalHealth').State(93.00)
[2018-08-22 19:13:41] GET /xy.exe?antwort=dom.GetObject('HM_ZISTERNE_prcActual').State(17.00)
[2018-08-22 19:13:41] GET /xy.exe?antwort=dom.GetObject('HM_ZISTERNE_stError').State(0.00)
[2018-08-22 20:12:04] Time updated by NTP
[2018-08-22 20:13:50] Measured distance: 2049.00 mm
[2018-08-22 20:13:50] Actual Level     : 351 mm
[2018-08-22 20:13:50] Actual volume    : 1102 Liter, StdDev: 0.00 Liter
[2018-08-22 20:13:50] Error status     : 0
[2018-08-22 20:13:50] Writing measurement data to SD Card
[2018-08-22 20:13:50] GET /xy.exe?antwort=dom.GetObject('HM_ZISTERNE_volActual').State(1102.00)
[2018-08-22 20:13:50] GET /xy.exe?antwort=dom.GetObject('HM_ZISTERNE_rSignalHealth').State(100.00)
[2018-08-22 20:13:50] GET /xy.exe?antwort=dom.GetObject('HM_ZISTERNE_prcActual').State(17.00)
[2018-08-22 20:13:50] GET /xy.exe?antwort=dom.GetObject('HM_ZISTERNE_stError').State(0.00)
[2018-08-22 21:12:21] Time updated by NTP
[2018-08-22 21:14:01] Measured distance: 2049.00 mm
[2018-08-22 21:14:01] Actual Level     : 351 mm
[2018-08-22 21:14:01] Actual volume    : 1102 Liter, StdDev: 0.00 Liter
[2018-08-22 21:14:01] Error status     : 0
[2018-08-22 21:14:01] Writing measurement data to SD Card
[2018-08-22 21:14:01] GET /xy.exe?antwort=dom.GetObject('HM_ZISTERNE_volActual').State(1102.00)
[2018-08-22 21:14:01] GET /xy.exe?antwort=dom.GetObject('HM_ZISTERNE_rSignalHealth').State(100.00)
[2018-08-22 21:14:01] GET /xy.exe?antwort=dom.GetObject('HM_ZISTERNE_prcActual').State(17.00)
[2018-08-22 21:14:01] GET /xy.exe?antwort=dom.GetObject('HM_ZISTERNE_stError').State(0.00)
[2018-08-22 22:12:37] Time updated by NTP
[2018-08-22 22:14:11] Measured distance: 2049.00 mm
[2018-08-22 22:14:11] Actual Level     : 351 mm
[2018-08-22 22:14:11] Actual volume    : 1102 Liter, StdDev: 0.00 Liter
[2018-08-22 22:14:11] Error status     : 0
[2018-08-22 22:14:11] Writing measurement data to SD Card
[2018-08-22 22:14:11] GET /xy.exe?antwort=dom.GetObject('HM_ZISTERNE_volActual').State(1102.00)
[2018-08-22 22:14:11] GET /xy.exe?antwort=dom.GetObject('HM_ZISTERNE_rSignalHealth').State(100.00)
[2018-08-22 22:14:11] GET /xy.exe?antwort=dom.GetObject('HM_ZISTERNE_prcActual').State(17.00)
[2018-08-22 22:14:12] GET /xy.exe?antwort=dom.GetObject('HM_ZISTERNE_stError').State(0.00)
[2018-08-22 23:12:54] Time updated by NTP
[2018-08-22 23:14:22] Measured distance: 2049.00 mm
[2018-08-22 23:14:22] Actual Level     : 351 mm
[2018-08-22 23:14:22] Actual volume    : 1102 Liter, StdDev: 0.00 Liter
[2018-08-22 23:14:22] Error status     : 0
[2018-08-22 23:14:22] Writing measurement data to SD Card
[2018-08-22 23:14:22] GET /xy.exe?antwort=dom.GetObject('HM_ZISTERNE_volActual').State(1102.00)
[2018-08-22 23:14:22] GET /xy.exe?antwort=dom.GetObject('HM_ZISTERNE_rSignalHealth').State(100.00)
[2018-08-22 23:14:22] GET /xy.exe?antwort=dom.GetObject('HM_ZISTERNE_prcActual').State(17.00)
[2018-08-22 23:14:22] GET /xy.exe?antwort=dom.GetObject('HM_ZISTERNE_stError').State(0.00)
[2018-08-23 00:13:09] Time updated by NTP
[2018-08-23 00:14:31] Measured distance: 2049.00 mm
[2018-08-23 00:14:31] Actual Level     : 351 mm
[2018-08-23 00:14:31] Actual volume    : 1102 Liter, StdDev: 0.00 Liter
[2018-08-23 00:14:31] Error status     : 0
[2018-08-23 00:14:31] Writing measurement data to SD Card
[2018-08-23 00:14:32] GET /xy.exe?antwort=dom.GetObject('HM_ZISTERNE_volActual').State(1102.00)
[2018-08-23 00:14:32] GET /xy.exe?antwort=dom.GetObject('HM_ZISTERNE_rSignalHealth').State(100.00)
[2018-08-23 00:14:32] GET /xy.exe?antwort=dom.GetObject('HM_ZISTERNE_prcActual').State(17.00)
[2018-08-23 00:14:32] GET /xy.exe?antwort=dom.GetObject('HM_ZISTERNE_stError').State(0.00)
[2018-08-23 01:13:26] Time updated by NTP
[2018-08-23 01:14:42] Measured distance: 2049.40 mm
[2018-08-23 01:14:42] Actual Level     : 350 mm
[2018-08-23 01:14:42] Actual volume    : 1099 Liter, StdDev: 1.54 Liter
[2018-08-23 01:14:42] Error status     : 0
[2018-08-23 01:14:42] Writing measurement data to SD Card
[2018-08-23 01:14:42] GET /xy.exe?antwort=dom.GetObject('HM_ZISTERNE_volActual').State(1099.00)
[2018-08-23 01:14:42] GET /xy.exe?antwort=dom.GetObject('HM_ZISTERNE_rSignalHealth').State(98.00)
[2018-08-23 01:14:42] GET /xy.exe?antwort=dom.GetObject('HM_ZISTERNE_prcActual').State(17.00)
[2018-08-23 01:14:42] GET /xy.exe?antwort=dom.GetObject('HM_ZISTERNE_stError').State(0.00)
[2018-08-23 02:13:42] Time updated by NTP
[2018-08-23 02:14:53] Measured distance: 2047.00 mm
[2018-08-23 02:14:53] Actual Level     : 353 mm
[2018-08-23 02:14:53] Actual volume    : 1108 Liter, StdDev: 0.00 Liter
[2018-08-23 02:14:53] Error status     : 0
[2018-08-23 02:14:53] Writing measurement data to SD Card
[2018-08-23 02:14:53] GET /xy.exe?antwort=dom.GetObject('HM_ZISTERNE_volActual').State(1108.00)
[2018-08-23 02:14:53] GET /xy.exe?antwort=dom.GetObject('HM_ZISTERNE_rSignalHealth').State(100.00)
[2018-08-23 02:14:53] GET /xy.exe?antwort=dom.GetObject('HM_ZISTERNE_prcActual').State(17.00)
[2018-08-23 02:14:53] GET /xy.exe?antwort=dom.GetObject('HM_ZISTERNE_stError').State(0.00)
[2018-08-23 03:13:58] Time updated by NTP
[2018-08-23 03:15:02] Measured distance: 2047.00 mm
[2018-08-23 03:15:02] Actual Level     : 353 mm
[2018-08-23 03:15:02] Actual volume    : 1108 Liter, StdDev: 0.00 Liter
[2018-08-23 03:15:02] Error status     : 0
[2018-08-23 03:15:02] Writing measurement data to SD Card
[2018-08-23 03:15:02] GET /xy.exe?antwort=dom.GetObject('HM_ZISTERNE_volActual').State(1108.00)
[2018-08-23 03:15:02] GET /xy.exe?antwort=dom.GetObject('HM_ZISTERNE_rSignalHealth').State(100.00)
[2018-08-23 03:15:02] GET /xy.exe?antwort=dom.GetObject('HM_ZISTERNE_prcActual').State(17.00)
[2018-08-23 03:15:03] GET /xy.exe?antwort=dom.GetObject('HM_ZISTERNE_stError').State(0.00)
[2018-08-23 04:14:14] Time updated by NTP
[2018-08-23 04:15:13] Measured distance: 2047.00 mm
[2018-08-23 04:15:13] Actual Level     : 353 mm
[2018-08-23 04:15:13] Actual volume    : 1108 Liter, StdDev: 0.00 Liter
[2018-08-23 04:15:13] Error status     : 0
[2018-08-23 04:15:13] Writing measurement data to SD Card
[2018-08-23 04:15:13] GET /xy.exe?antwort=dom.GetObject('HM_ZISTERNE_volActual').State(1108.00)
[2018-08-23 04:15:13] GET /xy.exe?antwort=dom.GetObject('HM_ZISTERNE_rSignalHealth').State(100.00)
[2018-08-23 04:15:13] GET /xy.exe?antwort=dom.GetObject('HM_ZISTERNE_prcActual').State(17.00)
[2018-08-23 04:15:13] GET /xy.exe?antwort=dom.GetObject('HM_ZISTERNE_stError').State(0.00)
[2018-08-23 04:20:43] HTTP Request receives: 
[2018-08-23 04:20:43] GET / HTTP/1.1

[2018-08-23 04:20:43] Option vSoundSet: No option found, keeping old value  3433.00
[2018-08-23 04:20:43] Option hOffsetSet: No option found, keeping old value  -25.00
[2018-08-23 04:20:43] Option aBaseAreaSet: No option found, keeping old value  31416.00
[2018-08-23 04:20:43] Option hSensorPosSet: No option found, keeping old value  240.00
[2018-08-23 04:20:43] Option hOverflowSet: No option found, keeping old value  200.00
[2018-08-23 04:20:43] Option hRefillSet: No option found, keeping old value  20.00
[2018-08-23 04:20:43] Option volRefillSet: No option found, keeping old value  20.00
[2018-08-23 04:20:43] Option dvolRefillSet: No option found, keeping old value  20.00
[2018-08-23 04:20:44] Option stResetVolume: No option found, keeping old value  0.00
[2018-08-23 04:20:44] HTTP Request receives: favicon.ico
[2018-08-23 04:20:44] GET /favicon.ico HTTP/1.1

[2018-08-23 04:20:44] Option vSoundSet: No option found, keeping old value  3433.00
[2018-08-23 04:20:44] Option hOffsetSet: No option found, keeping old value  -25.00
[2018-08-23 04:20:44] Option aBaseAreaSet: No option found, keeping old value  31416.00
[2018-08-23 04:20:44] Option hSensorPosSet: No option found, keeping old value  240.00
[2018-08-23 04:20:44] Option hOverflowSet: No option found, keeping old value  200.00
[2018-08-23 04:20:44] Option hRefillSet: No option found, keeping old value  20.00
[2018-08-23 04:20:44] Option volRefillSet: No option found, keeping old value  20.00
[2018-08-23 04:20:44] Option dvolRefillSet: No option found, keeping old value  20.00
[2018-08-23 04:20:44] Option stResetVolume: No option found, keeping old value  0.00
[2018-08-23 05:13:30] Time updated by NTP
[2018-08-23 05:15:23] Measured distance: 2056.76 mm
[2018-08-23 05:15:23] Actual Level     : 343 mm
[2018-08-23 05:15:23] Actual volume    : 1077 Liter, StdDev: 7.29 Liter
[2018-08-23 05:15:23] Error status     : 0
[2018-08-23 05:15:23] Writing measurement data to SD Card
[2018-08-23 05:15:24] GET /xy.exe?antwort=dom.GetObject('HM_ZISTERNE_volActual').State(1077.00)
[2018-08-23 05:15:24] GET /xy.exe?antwort=dom.GetObject('HM_ZISTERNE_rSignalHealth').State(93.00)
[2018-08-23 05:15:24] GET /xy.exe?antwort=dom.GetObject('HM_ZISTERNE_prcActual').State(17.00)
[2018-08-23 05:15:24] GET /xy.exe?antwort=dom.GetObject('HM_ZISTERNE_stError').State(0.00)
[2018-08-23 06:13:46] Time updated by NTP
[2018-08-23 06:15:33] Measured distance: 2060.00 mm
[2018-08-23 06:15:33] Actual Level     : 340 mm
[2018-08-23 06:15:33] Actual volume    : 1068 Liter, StdDev: 0.00 Liter
[2018-08-23 06:15:33] Error status     : 0
[2018-08-23 06:15:33] Writing measurement data to SD Card
[2018-08-23 06:15:33] GET /xy.exe?antwort=dom.GetObject('HM_ZISTERNE_volActual').State(1068.00)
[2018-08-23 06:15:33] GET /xy.exe?antwort=dom.GetObject('HM_ZISTERNE_rSignalHealth').State(100.00)
[2018-08-23 06:15:33] GET /xy.exe?antwort=dom.GetObject('HM_ZISTERNE_prcActual').State(16.00)
[2018-08-23 06:15:33] GET /xy.exe?antwort=dom.GetObject('HM_ZISTERNE_stError').State(0.00)
[2018-08-23 07:14:02] Time updated by NTP
[2018-08-23 07:15:44] Measured distance: 2059.10 mm
[2018-08-23 07:15:44] Actual Level     : 340 mm
[2018-08-23 07:15:44] Actual volume    : 1068 Liter, StdDev: 5.70 Liter
[2018-08-23 07:15:44] Error status     : 0
[2018-08-23 07:15:44] Writing measurement data to SD Card
[2018-08-23 07:15:44] GET /xy.exe?antwort=dom.GetObject('HM_ZISTERNE_volActual').State(1068.00)
[2018-08-23 07:15:44] GET /xy.exe?antwort=dom.GetObject('HM_ZISTERNE_rSignalHealth').State(94.00)
[2018-08-23 07:15:44] GET /xy.exe?antwort=dom.GetObject('HM_ZISTERNE_prcActual').State(16.00)
[2018-08-23 07:15:44] GET /xy.exe?antwort=dom.GetObject('HM_ZISTERNE_stError').State(0.00)
[2018-08-23 07:30:38] HTTP Request receives: 
[2018-08-23 07:30:38] GET / HTTP/1.1

[2018-08-23 07:30:38] Option vSoundSet: No option found, keeping old value  3433.00
[2018-08-23 07:30:38] Option hOffsetSet: No option found, keeping old value  -25.00
[2018-08-23 07:30:38] Option aBaseAreaSet: No option found, keeping old value  31416.00
[2018-08-23 07:30:38] Option hSensorPosSet: No option found, keeping old value  240.00
[2018-08-23 07:30:39] Option hOverflowSet: No option found, keeping old value  200.00
[2018-08-23 07:30:39] Option hRefillSet: No option found, keeping old value  20.00
[2018-08-23 07:30:39] Option volRefillSet: No option found, keeping old value  20.00
[2018-08-23 07:30:39] Option dvolRefillSet: No option found, keeping old value  20.00
[2018-08-23 07:30:39] Option stResetVolume: No option found, keeping old value  0.00
[2018-08-23 07:30:39] HTTP Request receives: favicon.ico
[2018-08-23 07:30:39] GET /favicon.ico HTTP/1.1

[2018-08-23 07:30:39] Option vSoundSet: No option found, keeping old value  3433.00
[2018-08-23 07:30:39] Option hOffsetSet: No option found, keeping old value  -25.00
[2018-08-23 07:30:39] Option aBaseAreaSet: No option found, keeping old value  31416.00
[2018-08-23 07:30:40] Option hSensorPosSet: No option found, keeping old value  240.00
[2018-08-23 07:30:40] Option hOverflowSet: No option found, keeping old value  200.00
[2018-08-23 07:30:40] Option hRefillSet: No option found, keeping old value  20.00
[2018-08-23 07:30:40] Option volRefillSet: No option found, keeping old value  20.00
[2018-08-23 07:30:40] Option dvolRefillSet: No option found, keeping old value  20.00
[2018-08-23 07:30:40] Option stResetVolume: No option found, keeping old value  0.00
[2018-08-23 08:14:19] Time updated by NTP
[2018-08-23 08:15:54] Measured distance: 2060.00 mm
[2018-08-23 08:15:54] Actual Level     : 340 mm
[2018-08-23 08:15:54] Actual volume    : 1068 Liter, StdDev: 0.00 Liter
[2018-08-23 08:15:54] Error status     : 0
[2018-08-23 08:15:54] Writing measurement data to SD Card
[2018-08-23 08:15:54] GET /xy.exe?antwort=dom.GetObject('HM_ZISTERNE_volActual').State(1068.00)
[2018-08-23 08:15:54] GET /xy.exe?antwort=dom.GetObject('HM_ZISTERNE_rSignalHealth').State(100.00)
[2018-08-23 08:15:54] GET /xy.exe?antwort=dom.GetObject('HM_ZISTERNE_prcActual').State(16.00)
[2018-08-23 08:15:54] GET /xy.exe?antwort=dom.GetObject('HM_ZISTERNE_stError').State(0.00)
[2018-08-23 09:14:35] Time updated by NTP
[2018-08-23 09:16:05] Measured distance: 2060.38 mm
[2018-08-23 09:16:05] Actual Level     : 339 mm
[2018-08-23 09:16:05] Actual volume    : 1065 Liter, StdDev: 1.52 Liter
[2018-08-23 09:16:05] Error status     : 0
[2018-08-23 09:16:05] Writing measurement data to SD Card
[2018-08-23 09:16:05] GET /xy.exe?antwort=dom.GetObject('HM_ZISTERNE_volActual').State(1065.00)
[2018-08-23 09:16:05] GET /xy.exe?antwort=dom.GetObject('HM_ZISTERNE_rSignalHealth').State(98.00)
[2018-08-23 09:16:05] GET /xy.exe?antwort=dom.GetObject('HM_ZISTERNE_prcActual').State(16.00)
[2018-08-23 09:16:05] GET /xy.exe?antwort=dom.GetObject('HM_ZISTERNE_stError').State(0.00)
[2018-08-23 10:14:51] Time updated by NTP
[2018-08-23 10:16:14] Measured distance: 2065.00 mm
[2018-08-23 10:16:14] Actual Level     : 335 mm
[2018-08-23 10:16:14] Actual volume    : 1052 Liter, StdDev: 0.00 Liter
[2018-08-23 10:16:14] Error status     : 0
[2018-08-23 10:16:14] Writing measurement data to SD Card
[2018-08-23 10:16:15] GET /xy.exe?antwort=dom.GetObject('HM_ZISTERNE_volActual').State(1052.00)
[2018-08-23 10:16:15] GET /xy.exe?antwort=dom.GetObject('HM_ZISTERNE_rSignalHealth').State(100.00)
[2018-08-23 10:16:15] GET /xy.exe?antwort=dom.GetObject('HM_ZISTERNE_prcActual').State(16.00)
[2018-08-23 10:16:15] GET /xy.exe?antwort=dom.GetObject('HM_ZISTERNE_stError').State(0.00)
[2018-08-23 11:15:07] Time updated by NTP
[2018-08-23 11:16:25] Measured distance: 2068.42 mm
[2018-08-23 11:16:25] Actual Level     : 331 mm
[2018-08-23 11:16:25] Actual volume    : 1039 Liter, StdDev: 3.21 Liter
[2018-08-23 11:16:25] Error status     : 0
[2018-08-23 11:16:25] Writing measurement data to SD Card
[2018-08-23 11:16:25] GET /xy.exe?antwort=dom.GetObject('HM_ZISTERNE_volActual').State(1039.00)
[2018-08-23 11:16:25] GET /xy.exe?antwort=dom.GetObject('HM_ZISTERNE_rSignalHealth').State(96.00)
[2018-08-23 11:16:25] GET /xy.exe?antwort=dom.GetObject('HM_ZISTERNE_prcActual').State(16.00)
[2018-08-23 11:16:25] GET /xy.exe?antwort=dom.GetObject('HM_ZISTERNE_stError').State(0.00)
[2018-08-23 12:15:24] Time updated by NTP
[2018-08-23 12:16:35] Measured distance: 2083.00 mm
[2018-08-23 12:16:35] Actual Level     : 317 mm
[2018-08-23 12:16:36] Actual volume    : 995 Liter, StdDev: 0.00 Liter
[2018-08-23 12:16:36] Error status     : 0
[2018-08-23 12:16:36] Writing measurement data to SD Card
[2018-08-23 12:16:36] GET /xy.exe?antwort=dom.GetObject('HM_ZISTERNE_volActual').State(995.00)
[2018-08-23 12:16:36] GET /xy.exe?antwort=dom.GetObject('HM_ZISTERNE_rSignalHealth').State(100.00)
[2018-08-23 12:16:36] GET /xy.exe?antwort=dom.GetObject('HM_ZISTERNE_prcActual').State(15.00)
[2018-08-23 12:16:36] GET /xy.exe?antwort=dom.GetObject('HM_ZISTERNE_stError').State(0.00)
[2018-08-23 12:18:25] HTTP Request receives: favicon.ico
[2018-08-23 12:18:25] GET /favicon.ico HTTP/1.1

[2018-08-23 12:18:25] Option vSoundSet: No option found, keeping old value  3433.00
[2018-08-23 12:18:25] Option hOffsetSet: No option found, keeping old value  -25.00
[2018-08-23 12:18:25] Option aBaseAreaSet: No option found, keeping old value  31416.00
[2018-08-23 12:18:25] Option hSensorPosSet: No option found, keeping old value  240.00
[2018-08-23 12:18:25] Option hOverflowSet: No option found, keeping old value  200.00
[2018-08-23 12:18:25] Option hRefillSet: No option found, keeping old value  20.00
[2018-08-23 12:18:26] Option volRefillSet: No option found, keeping old value  20.00
[2018-08-23 12:18:26] Option dvolRefillSet: No option found, keeping old value  20.00
[2018-08-23 12:18:26] Option stResetVolume: No option found, keeping old value  0.00
[2018-08-23 12:18:30] HTTP Request receives: 
[2018-08-23 12:18:30] GET / HTTP/1.1

[2018-08-23 12:18:30] Option vSoundSet: No option found, keeping old value  3433.00
[2018-08-23 12:18:30] Option hOffsetSet: No option found, keeping old value  -25.00
[2018-08-23 12:18:30] Option aBaseAreaSet: No option found, keeping old value  31416.00
[2018-08-23 12:18:30] Option hSensorPosSet: No option found, keeping old value  240.00
[2018-08-23 12:18:30] Option hOverflowSet: No option found, keeping old value  200.00
[2018-08-23 12:18:30] Option hRefillSet: No option found, keeping old value  20.00
[2018-08-23 12:18:30] Option volRefillSet: No option found, keeping old value  20.00
[2018-08-23 12:18:30] Option dvolRefillSet: No option found, keeping old value  20.00
[2018-08-23 12:18:30] Option stResetVolume: No option found, keeping old value  0.00
[2018-08-23 12:18:31] HTTP Request receives: favicon.ico
[2018-08-23 12:18:31] GET /favicon.ico HTTP/1.1

[2018-08-23 12:18:31] Option vSoundSet: No option found, keeping old value  3433.00
[2018-08-23 12:18:31] Option hOffsetSet: No option found, keeping old value  -25.00
[2018-08-23 12:18:31] Option aBaseAreaSet: No option found, keeping old value  31416.00
[2018-08-23 12:18:31] Option hSensorPosSet: No option found, keeping old value  240.00
[2018-08-23 12:18:31] Option hOverflowSet: No option found, keeping old value  200.00
[2018-08-23 12:18:31] Option hRefillSet: No option found, keeping old value  20.00
[2018-08-23 12:18:31] Option volRefillSet: No option found, keeping old value  20.00
[2018-08-23 12:18:31] Option dvolRefillSet: No option found, keeping old value  20.00
[2018-08-23 12:18:31] Option stResetVolume: No option found, keeping old value  0.00
[2018-08-23 13:15:39] Time updated by NTP
[2018-08-23 13:16:45] Measured distance: 2084.00 mm
[2018-08-23 13:16:45] Actual Level     : 316 mm
[2018-08-23 13:16:45] Actual volume    : 992 Liter, StdDev: 0.00 Liter
[2018-08-23 13:16:45] Error status     : 0
[2018-08-23 13:16:45] Writing measurement data to SD Card
[2018-08-23 13:16:45] GET /xy.exe?antwort=dom.GetObject('HM_ZISTERNE_volActual').State(992.00)
[2018-08-23 13:16:45] GET /xy.exe?antwort=dom.GetObject('HM_ZISTERNE_rSignalHealth').State(100.00)
[2018-08-23 13:16:45] GET /xy.exe?antwort=dom.GetObject('HM_ZISTERNE_prcActual').State(15.00)
[2018-08-23 13:16:45] GET /xy.exe?antwort=dom.GetObject('HM_ZISTERNE_stError').State(0.00)
[2018-08-23 13:57:59] HTTP Request receives: 
[2018-08-23 13:57:59] GET / HTTP/1.1

[2018-08-23 13:57:59] Option vSoundSet: No option found, keeping old value  3433.00
[2018-08-23 13:57:59] Option hOffsetSet: No option found, keeping old value  -25.00
[2018-08-23 13:57:59] Option aBaseAreaSet: No option found, keeping old value  31416.00
[2018-08-23 13:57:59] Option hSensorPosSet: No option found, keeping old value  240.00
[2018-08-23 13:57:59] Option hOverflowSet: No option found, keeping old value  200.00
[2018-08-23 13:57:59] Option hRefillSet: No option found, keeping old value  20.00
[2018-08-23 13:57:59] Option volRefillSet: No option found, keeping old value  20.00
[2018-08-23 13:57:59] Option dvolRefillSet: No option found, keeping old value  20.00
[2018-08-23 13:57:59] Option stResetVolume: No option found, keeping old value  0.00
[2018-08-23 13:58:00] HTTP Request receives: favicon.ico
[2018-08-23 13:58:00] GET /favicon.ico HTTP/1.1

[2018-08-23 13:58:00] Option vSoundSet: No option found, keeping old value  3433.00
[2018-08-23 13:58:00] Option hOffsetSet: No option found, keeping old value  -25.00
[2018-08-23 13:58:00] Option aBaseAreaSet: No option found, keeping old value  31416.00
[2018-08-23 13:58:00] Option hSensorPosSet: No option found, keeping old value  240.00
[2018-08-23 13:58:00] Option hOverflowSet: No option found, keeping old value  200.00
[2018-08-23 13:58:00] Option hRefillSet: No option found, keeping old value  20.00
[2018-08-23 13:58:00] Option volRefillSet: No option found, keeping old value  20.00
[2018-08-23 13:58:00] Option dvolRefillSet: No option found, keeping old value  20.00
[2018-08-23 13:58:00] Option stResetVolume: No option found, keeping old value  0.00
[2018-08-23 14:14:56] Time updated by NTP
[2018-08-23 14:16:56] Measured distance: 2082.66 mm
[2018-08-23 14:16:56] Actual Level     : 317 mm
[2018-08-23 14:16:56] Actual volume    : 995 Liter, StdDev: 5.88 Liter
[2018-08-23 14:16:56] Error status     : 0
[2018-08-23 14:16:56] Writing measurement data to SD Card
[2018-08-23 14:16:56] GET /xy.exe?antwort=dom.GetObject('HM_ZISTERNE_volActual').State(995.00)
[2018-08-23 14:16:56] GET /xy.exe?antwort=dom.GetObject('HM_ZISTERNE_rSignalHealth').State(94.00)
[2018-08-23 14:16:56] GET /xy.exe?antwort=dom.GetObject('HM_ZISTERNE_prcActual').State(15.00)
[2018-08-23 14:16:56] GET /xy.exe?antwort=dom.GetObject('HM_ZISTERNE_stError').State(0.00)
[2018-08-23 15:15:12] Time updated by NTP
[2018-08-23 15:17:06] Measured distance: 2088.00 mm
[2018-08-23 15:17:06] Actual Level     : 312 mm
[2018-08-23 15:17:06] Actual volume    : 980 Liter, StdDev: 0.00 Liter
[2018-08-23 15:17:06] Error status     : 0
[2018-08-23 15:17:06] Writing measurement data to SD Card
[2018-08-23 15:17:07] GET /xy.exe?antwort=dom.GetObject('HM_ZISTERNE_volActual').State(980.00)
[2018-08-23 15:17:07] GET /xy.exe?antwort=dom.GetObject('HM_ZISTERNE_rSignalHealth').State(100.00)
[2018-08-23 15:17:07] GET /xy.exe?antwort=dom.GetObject('HM_ZISTERNE_prcActual').State(15.00)
[2018-08-23 15:17:07] GET /xy.exe?antwort=dom.GetObject('HM_ZISTERNE_stError').State(0.00)
[2018-08-23 15:47:05] HTTP Request receives: 
[2018-08-23 15:47:05] GET / HTTP/1.1

[2018-08-23 15:47:05] Option vSoundSet: No option found, keeping old value  3433.00
[2018-08-23 15:47:05] Option hOffsetSet: No option found, keeping old value  -25.00
[2018-08-23 15:47:05] Option aBaseAreaSet: No option found, keeping old value  31416.00
[2018-08-23 15:47:05] Option hSensorPosSet: No option found, keeping old value  240.00
[2018-08-23 15:47:05] Option hOverflowSet: No option found, keeping old value  200.00
[2018-08-23 15:47:05] Option hRefillSet: No option found, keeping old value  20.00
[2018-08-23 15:47:05] Option volRefillSet: No option found, keeping old value  20.00
[2018-08-23 15:47:05] Option dvolRefillSet: No option found, keeping old value  20.00
[2018-08-23 15:47:05] Option stResetVolume: No option found, keeping old value  0.00
[2018-08-23 15:47:06] HTTP Request receives: favicon.ico
[2018-08-23 15:47:06] GET /favicon.ico HTTP/1.1

[2018-08-23 15:47:06] Option vSoundSet: No option found, keeping old value  3433.00
[2018-08-23 15:47:06] Option hOffsetSet: No option found, keeping old value  -25.00
[2018-08-23 15:47:06] Option aBaseAreaSet: No option found, keeping old value  31416.00
[2018-08-23 15:47:06] Option hSensorPosSet: No option found, keeping old value  240.00
[2018-08-23 15:47:06] Option hOverflowSet: No option found, keeping old value  200.00
[2018-08-23 15:47:06] Option hRefillSet: No option found, keeping old value  20.00
[2018-08-23 15:47:06] Option volRefillSet: No option found, keeping old value  20.00
[2018-08-23 15:47:06] Option dvolRefillSet: No option found, keeping old value  20.00
[2018-08-23 15:47:06] Option stResetVolume: No option found, keeping old value  0.00
[2018-08-23 16:15:28] Time updated by NTP
[2018-08-23 16:17:16] Measured distance: 2096.78 mm
[2018-08-23 16:17:16] Actual Level     : 303 mm
[2018-08-23 16:17:16] Actual volume    : 951 Liter, StdDev: 4.71 Liter
[2018-08-23 16:17:16] Error status     : 0
[2018-08-23 16:17:16] Writing measurement data to SD Card
[2018-08-23 16:17:16] GET /xy.exe?antwort=dom.GetObject('HM_ZISTERNE_volActual').State(951.00)
[2018-08-23 16:17:16] GET /xy.exe?antwort=dom.GetObject('HM_ZISTERNE_rSignalHealth').State(95.00)
[2018-08-23 16:17:16] GET /xy.exe?antwort=dom.GetObject('HM_ZISTERNE_prcActual').State(15.00)
[2018-08-23 16:17:16] GET /xy.exe?antwort=dom.GetObject('HM_ZISTERNE_stError').State(0.00)
[2018-08-23 17:15:44] Time updated by NTP
[2018-08-23 17:17:26] Measured distance: 2115.00 mm
[2018-08-23 17:17:26] Actual Level     : 285 mm
[2018-08-23 17:17:26] Actual volume    : 895 Liter, StdDev: 0.00 Liter
[2018-08-23 17:17:26] Error status     : 0
[2018-08-23 17:17:27] Writing measurement data to SD Card
[2018-08-23 17:17:27] GET /xy.exe?antwort=dom.GetObject('HM_ZISTERNE_volActual').State(895.00)
[2018-08-23 17:17:27] GET /xy.exe?antwort=dom.GetObject('HM_ZISTERNE_rSignalHealth').State(100.00)
[2018-08-23 17:17:27] GET /xy.exe?antwort=dom.GetObject('HM_ZISTERNE_prcActual').State(14.00)
[2018-08-23 17:17:27] GET /xy.exe?antwort=dom.GetObject('HM_ZISTERNE_stError').State(0.00)
[2018-08-23 18:05:08] HTTP Request receives: 
[2018-08-23 18:05:08] GET / HTTP/1.1

[2018-08-23 18:05:08] Option vSoundSet: No option found, keeping old value  3433.00
[2018-08-23 18:05:08] Option hOffsetSet: No option found, keeping old value  -25.00
[2018-08-23 18:05:08] Option aBaseAreaSet: No option found, keeping old value  31416.00
[2018-08-23 18:05:08] Option hSensorPosSet: No option found, keeping old value  240.00
[2018-08-23 18:05:08] Option hOverflowSet: No option found, keeping old value  200.00
[2018-08-23 18:05:08] Option hRefillSet: No option found, keeping old value  20.00
[2018-08-23 18:05:08] Option volRefillSet: No option found, keeping old value  20.00
[2018-08-23 18:05:08] Option dvolRefillSet: No option found, keeping old value  20.00
[2018-08-23 18:05:08] Option stResetVolume: No option found, keeping old value  0.00
[2018-08-23 18:05:11] HTTP Request receives: favicon.ico
[2018-08-23 18:05:11] GET /favicon.ico HTTP/1.1

[2018-08-23 18:05:11] Option vSoundSet: No option found, keeping old value  3433.00
[2018-08-23 18:05:11] Option hOffsetSet: No option found, keeping old value  -25.00
[2018-08-23 18:05:11] Option aBaseAreaSet: No option found, keeping old value  31416.00
[2018-08-23 18:05:11] Option hSensorPosSet: No option found, keeping old value  240.00
[2018-08-23 18:05:11] Option hOverflowSet: No option found, keeping old value  200.00
[2018-08-23 18:05:11] Option hRefillSet: No option found, keeping old value  20.00
[2018-08-23 18:05:11] Option volRefillSet: No option found, keeping old value  20.00
[2018-08-23 18:05:11] Option dvolRefillSet: No option found, keeping old value  20.00
[2018-08-23 18:05:11] Option stResetVolume: No option found, keeping old value  0.00
[2018-08-23 18:16:01] Time updated by NTP
[2018-08-23 18:17:37] Measured distance: 2112.86 mm
[2018-08-23 18:17:37] Actual Level     : 287 mm
[2018-08-23 18:17:37] Actual volume    : 901 Liter, StdDev: 6.03 Liter
[2018-08-23 18:17:37] Error status     : 0
[2018-08-23 18:17:37] Writing measurement data to SD Card
[2018-08-23 18:17:37] GET /xy.exe?antwort=dom.GetObject('HM_ZISTERNE_volActual').State(901.00)
[2018-08-23 18:17:37] GET /xy.exe?antwort=dom.GetObject('HM_ZISTERNE_rSignalHealth').State(94.00)
[2018-08-23 18:17:37] GET /xy.exe?antwort=dom.GetObject('HM_ZISTERNE_prcActual').State(14.00)
[2018-08-23 18:17:37] GET /xy.exe?antwort=dom.GetObject('HM_ZISTERNE_stError').State(0.00)
[2018-08-23 19:16:17] Time updated by NTP
[2018-08-23 19:17:48] Measured distance: 2115.54 mm
[2018-08-23 19:17:48] Actual Level     : 284 mm
[2018-08-23 19:17:48] Actual volume    : 892 Liter, StdDev: 6.69 Liter
[2018-08-23 19:17:48] Error status     : 0
[2018-08-23 19:17:48] Writing measurement data to SD Card
[2018-08-23 19:17:48] GET /xy.exe?antwort=dom.GetObject('HM_ZISTERNE_volActual').State(892.00)
[2018-08-23 19:17:48] GET /xy.exe?antwort=dom.GetObject('HM_ZISTERNE_rSignalHealth').State(93.00)
[2018-08-23 19:17:48] GET /xy.exe?antwort=dom.GetObject('HM_ZISTERNE_prcActual').State(14.00)
[2018-08-23 19:17:48] GET /xy.exe?antwort=dom.GetObject('HM_ZISTERNE_stError').State(0.00)
[2018-08-23 20:16:33] Time updated by NTP
[2018-08-23 20:17:57] Measured distance: 2119.00 mm
[2018-08-23 20:17:57] Actual Level     : 281 mm
[2018-08-23 20:17:57] Actual volume    : 882 Liter, StdDev: 0.00 Liter
[2018-08-23 20:17:57] Error status     : 0
[2018-08-23 20:17:57] Writing measurement data to SD Card
[2018-08-23 20:17:57] GET /xy.exe?antwort=dom.GetObject('HM_ZISTERNE_volActual').State(882.00)
[2018-08-23 20:17:57] GET /xy.exe?antwort=dom.GetObject('HM_ZISTERNE_rSignalHealth').State(100.00)
[2018-08-23 20:17:57] GET /xy.exe?antwort=dom.GetObject('HM_ZISTERNE_prcActual').State(14.00)
[2018-08-23 20:17:58] GET /xy.exe?antwort=dom.GetObject('HM_ZISTERNE_stError').State(0.00)
[2018-08-23 21:16:49] Time updated by NTP
[2018-08-23 21:17:22] HTTP Request receives: 
[2018-08-23 21:17:22] GET / HTTP/1.1

[2018-08-23 21:17:22] Option vSoundSet: No option found, keeping old value  3433.00
[2018-08-23 21:17:22] Option hOffsetSet: No option found, keeping old value  -25.00
[2018-08-23 21:17:22] Option aBaseAreaSet: No option found, keeping old value  31416.00
[2018-08-23 21:17:22] Option hSensorPosSet: No option found, keeping old value  240.00
[2018-08-23 21:17:22] Option hOverflowSet: No option found, keeping old value  200.00
[2018-08-23 21:17:22] Option hRefillSet: No option found, keeping old value  20.00
[2018-08-23 21:17:22] Option volRefillSet: No option found, keeping old value  20.00
[2018-08-23 21:17:22] Option dvolRefillSet: No option found, keeping old value  20.00
[2018-08-23 21:17:22] Option stResetVolume: No option found, keeping old value  0.00
[2018-08-23 21:17:25] HTTP Request receives: favicon.ico
[2018-08-23 21:17:25] GET /favicon.ico HTTP/1.1

[2018-08-23 21:17:25] Option vSoundSet: No option found, keeping old value  3433.00
[2018-08-23 21:17:25] Option hOffsetSet: No option found, keeping old value  -25.00
[2018-08-23 21:17:25] Option aBaseAreaSet: No option found, keeping old value  31416.00
[2018-08-23 21:17:25] Option hSensorPosSet: No option found, keeping old value  240.00
[2018-08-23 21:17:25] Option hOverflowSet: No option found, keeping old value  200.00
[2018-08-23 21:17:25] Option hRefillSet: No option found, keeping old value  20.00
[2018-08-23 21:17:25] Option volRefillSet: No option found, keeping old value  20.00
[2018-08-23 21:17:25] Option dvolRefillSet: No option found, keeping old value  20.00
[2018-08-23 21:17:25] Option stResetVolume: No option found, keeping old value  0.00
[2018-08-23 21:17:25] HTTP Request receives: Res_Ctl.csv
[2018-08-23 21:17:25] GET /Res_Ctl.csv HTTP/1.1

[2018-08-23 21:17:25] Option vSoundSet: No option found, keeping old value  3433.00
[2018-08-23 21:17:25] Option hOffsetSet: No option found, keeping old value  -25.00
[2018-08-23 21:17:25] Option aBaseAreaSet: No option found, keeping old value  31416.00
[2018-08-23 21:17:25] Option hSensorPosSet: No option found, keeping old value  240.00
[2018-08-23 21:17:25] Option hOverflowSet: No option found, keeping old value  200.00
[2018-08-23 21:17:25] Option hRefillSet: No option found, keeping old value  20.00
[2018-08-23 21:17:25] Option volRefillSet: No option found, keeping old value  20.00
[2018-08-23 21:17:25] Option dvolRefillSet: No option found, keeping old value  20.00
[2018-08-23 21:17:25] Option stResetVolume: No option found, keeping old value  0.00
[2018-08-23 21:17:27] Writing headline for measurement data to SD Card
[2018-08-23 21:17:27] Timeout detected
[2018-08-23 21:17:27] Timeout detected
[2018-08-23 21:17:28] HTTP Request receives: Res_Ctl.log
[2018-08-23 21:17:28] GET /Res_Ctl.log HTTP/1.1

[2018-08-23 21:17:28] Option vSoundSet: No option found, keeping old value  3433.00
[2018-08-23 21:17:28] Option hOffsetSet: No option found, keeping old value  -25.00
[2018-08-23 21:17:28] Option aBaseAreaSet: No option found, keeping old value  31416.00
[2018-08-23 21:17:28] Option hSensorPosSet: No option found, keeping old value  240.00
[2018-08-23 21:17:28] Option hOverflowSet: No option found, keeping old value  200.00
[2018-08-23 21:17:28] Option hRefillSet: No option found, keeping old value  20.00
[2018-08-23 21:17:28] Option volRefillSet: No option found, keeping old value  20.00
[2018-08-23 21:17:28] Option dvolRefillSet: No option found, keeping old value  20.00
[2018-08-23 21:17:28] Option stResetVolume: No option found, keeping old value  0.00
