[2018-09-01 12:58:19] Time updated by NTP
[2018-09-01 12:59:54] Datapoint 6614 received 0.000000
[2018-09-01 12:59:54] Rain in last 24h from weather station [mm]: 0.00
[2018-09-01 12:59:54] Writing measurement data to SD Card
[2018-09-01 12:59:54] GET /xy.exe?antwort=dom.GetObject('HM_ZISTERNE_volActual').State(1928.00)
[2018-09-01 12:59:54] GET /xy.exe?antwort=dom.GetObject('HM_ZISTERNE_rSignalHealth').State(100.00)
[2018-09-01 12:59:54] GET /xy.exe?antwort=dom.GetObject('HM_ZISTERNE_prcActual').State(30.00)
[2018-09-01 12:59:54] GET /xy.exe?antwort=dom.GetObject('HM_ZISTERNE_stError').State(0.00)
[2018-09-01 13:58:34] Time updated by NTP
[2018-09-01 14:00:04] Datapoint 6614 received 0.000000
[2018-09-01 14:00:04] Rain in last 24h from weather station [mm]: 0.00
[2018-09-01 14:00:04] Writing measurement data to SD Card
[2018-09-01 14:00:04] GET /xy.exe?antwort=dom.GetObject('HM_ZISTERNE_volActual').State(1922.00)
[2018-09-01 14:00:04] GET /xy.exe?antwort=dom.GetObject('HM_ZISTERNE_rSignalHealth').State(97.00)
[2018-09-01 14:00:04] GET /xy.exe?antwort=dom.GetObject('HM_ZISTERNE_prcActual').State(30.00)
[2018-09-01 14:00:04] GET /xy.exe?antwort=dom.GetObject('HM_ZISTERNE_stError').State(0.00)
[2018-09-01 14:58:38] Timeout US measurement detected
[2018-09-01 14:58:38] Timeout US measurement detected
[2018-09-01 14:58:38] Timeout US measurement detected
[2018-09-01 14:58:38] Timeout US measurement detected
[2018-09-01 14:58:38] Timeout US measurement detected
[2018-09-01 14:58:38] Timeout US measurement detected
[2018-09-01 14:58:38] Timeout US measurement detected
[2018-09-01 14:58:38] Timeout US measurement detected
[2018-09-01 14:58:38] Timeout US measurement detected
[2018-09-01 14:58:38] Timeout US measurement detected
[2018-09-01 14:58:38] Timeout US measurement detected
[2018-09-01 14:58:38] Timeout US measurement detected
[2018-09-01 14:58:38] Timeout US measurement detected
[2018-09-01 14:58:38] Timeout US measurement detected
[2018-09-01 15:00:04] Datapoint 6614 received 0.000000
[2018-09-01 15:00:04] Rain in last 24h from weather station [mm]: 0.00
[2018-09-01 15:00:04] Writing measurement data to SD Card
[2018-09-01 15:00:04] GET /xy.exe?antwort=dom.GetObject('HM_ZISTERNE_volActual').State(1922.00)
[2018-09-01 15:00:05] GET /xy.exe?antwort=dom.GetObject('HM_ZISTERNE_rSignalHealth').State(95.00)
[2018-09-01 15:00:05] GET /xy.exe?antwort=dom.GetObject('HM_ZISTERNE_prcActual').State(30.00)
[2018-09-01 15:00:05] GET /xy.exe?antwort=dom.GetObject('HM_ZISTERNE_stError').State(0.00)
[2018-09-01 15:59:04] Time updated by NTP
[2018-09-01 16:00:22] Datapoint 6614 received 0.000000
[2018-09-01 16:00:22] Rain in last 24h from weather station [mm]: 0.00
[2018-09-01 16:00:22] Writing measurement data to SD Card
[2018-09-01 16:00:22] GET /xy.exe?antwort=dom.GetObject('HM_ZISTERNE_volActual').State(1922.00)
[2018-09-01 16:00:22] GET /xy.exe?antwort=dom.GetObject('HM_ZISTERNE_rSignalHealth').State(100.00)
[2018-09-01 16:00:22] GET /xy.exe?antwort=dom.GetObject('HM_ZISTERNE_prcActual').State(30.00)
[2018-09-01 16:00:22] GET /xy.exe?antwort=dom.GetObject('HM_ZISTERNE_stError').State(0.00)
[2018-09-01 16:59:20] Time updated by NTP
[2018-09-01 17:00:32] Datapoint 6614 received 0.000000
[2018-09-01 17:00:32] Rain in last 24h from weather station [mm]: 0.00
[2018-09-01 17:00:32] Writing measurement data to SD Card
[2018-09-01 17:00:32] GET /xy.exe?antwort=dom.GetObject('HM_ZISTERNE_volActual').State(1894.00)
[2018-09-01 17:00:32] GET /xy.exe?antwort=dom.GetObject('HM_ZISTERNE_rSignalHealth').State(100.00)
[2018-09-01 17:00:32] GET /xy.exe?antwort=dom.GetObject('HM_ZISTERNE_prcActual').State(30.00)
[2018-09-01 17:00:32] GET /xy.exe?antwort=dom.GetObject('HM_ZISTERNE_stError').State(0.00)
[2018-09-01 17:59:34] Time updated by NTP
[2018-09-01 18:00:40] Datapoint 6614 received 0.000000
[2018-09-01 18:00:40] Rain in last 24h from weather station [mm]: 0.00
[2018-09-01 18:00:40] Writing measurement data to SD Card
[2018-09-01 18:00:40] GET /xy.exe?antwort=dom.GetObject('HM_ZISTERNE_volActual').State(1891.00)
[2018-09-01 18:00:40] GET /xy.exe?antwort=dom.GetObject('HM_ZISTERNE_rSignalHealth').State(98.00)
[2018-09-01 18:00:40] GET /xy.exe?antwort=dom.GetObject('HM_ZISTERNE_prcActual').State(30.00)
[2018-09-01 18:00:40] GET /xy.exe?antwort=dom.GetObject('HM_ZISTERNE_stError').State(0.00)
[2018-09-01 18:59:50] Time updated by NTP
[2018-09-01 19:00:50] Datapoint 6614 received 0.000000
[2018-09-01 19:00:50] Rain in last 24h from weather station [mm]: 0.00
[2018-09-01 19:00:50] Writing measurement data to SD Card
[2018-09-01 19:00:50] GET /xy.exe?antwort=dom.GetObject('HM_ZISTERNE_volActual').State(1888.00)
[2018-09-01 19:00:50] GET /xy.exe?antwort=dom.GetObject('HM_ZISTERNE_rSignalHealth').State(100.00)
[2018-09-01 19:00:50] GET /xy.exe?antwort=dom.GetObject('HM_ZISTERNE_prcActual').State(30.00)
[2018-09-01 19:00:50] GET /xy.exe?antwort=dom.GetObject('HM_ZISTERNE_stError').State(0.00)
[2018-09-01 20:00:04] Time updated by NTP
[2018-09-01 20:00:58] Datapoint 6614 received 0.000000
[2018-09-01 20:00:58] Rain in last 24h from weather station [mm]: 0.00
[2018-09-01 20:00:58] Writing measurement data to SD Card
[2018-09-01 20:00:59] GET /xy.exe?antwort=dom.GetObject('HM_ZISTERNE_volActual').State(1884.00)
[2018-09-01 20:00:59] GET /xy.exe?antwort=dom.GetObject('HM_ZISTERNE_rSignalHealth').State(98.00)
[2018-09-01 20:00:59] GET /xy.exe?antwort=dom.GetObject('HM_ZISTERNE_prcActual').State(29.00)
[2018-09-01 20:00:59] GET /xy.exe?antwort=dom.GetObject('HM_ZISTERNE_stError').State(0.00)
[2018-09-01 21:00:20] Time updated by NTP
[2018-09-01 21:01:08] Datapoint 6614 received 0.000000
[2018-09-01 21:01:08] Rain in last 24h from weather station [mm]: 0.00
[2018-09-01 21:01:08] Writing measurement data to SD Card
[2018-09-01 21:01:08] GET /xy.exe?antwort=dom.GetObject('HM_ZISTERNE_volActual').State(1884.00)
[2018-09-01 21:01:08] GET /xy.exe?antwort=dom.GetObject('HM_ZISTERNE_rSignalHealth').State(100.00)
[2018-09-01 21:01:08] GET /xy.exe?antwort=dom.GetObject('HM_ZISTERNE_prcActual').State(29.00)
[2018-09-01 21:01:08] GET /xy.exe?antwort=dom.GetObject('HM_ZISTERNE_stError').State(0.00)
[2018-09-01 22:00:34] Time updated by NTP
[2018-09-01 22:01:17] Datapoint 6614 received 0.000000
[2018-09-01 22:01:17] Rain in last 24h from weather station [mm]: 0.00
[2018-09-01 22:01:17] Writing measurement data to SD Card
[2018-09-01 22:01:17] GET /xy.exe?antwort=dom.GetObject('HM_ZISTERNE_volActual').State(1875.00)
[2018-09-01 22:01:17] GET /xy.exe?antwort=dom.GetObject('HM_ZISTERNE_rSignalHealth').State(98.00)
[2018-09-01 22:01:17] GET /xy.exe?antwort=dom.GetObject('HM_ZISTERNE_prcActual').State(29.00)
[2018-09-01 22:01:17] GET /xy.exe?antwort=dom.GetObject('HM_ZISTERNE_stError').State(0.00)
[2018-09-01 23:00:50] Time updated by NTP
[2018-09-01 23:01:26] Datapoint 6614 received 0.000000
[2018-09-01 23:01:26] Rain in last 24h from weather station [mm]: 0.00
[2018-09-01 23:01:26] Writing measurement data to SD Card
[2018-09-01 23:01:26] GET /xy.exe?antwort=dom.GetObject('HM_ZISTERNE_volActual').State(1875.00)
[2018-09-01 23:01:26] GET /xy.exe?antwort=dom.GetObject('HM_ZISTERNE_rSignalHealth').State(98.00)
[2018-09-01 23:01:27] GET /xy.exe?antwort=dom.GetObject('HM_ZISTERNE_prcActual').State(29.00)
[2018-09-01 23:01:27] GET /xy.exe?antwort=dom.GetObject('HM_ZISTERNE_stError').State(0.00)
[2018-09-02 00:00:05] Time updated by NTP
[2018-09-02 00:01:36] Datapoint 6614 received 0.000000
[2018-09-02 00:01:36] Rain in last 24h from weather station [mm]: 0.00
[2018-09-02 00:01:36] Writing measurement data to SD Card
[2018-09-02 00:01:36] GET /xy.exe?antwort=dom.GetObject('HM_ZISTERNE_volActual').State(1875.00)
[2018-09-02 00:01:36] GET /xy.exe?antwort=dom.GetObject('HM_ZISTERNE_rSignalHealth').State(100.00)
[2018-09-02 00:01:36] GET /xy.exe?antwort=dom.GetObject('HM_ZISTERNE_prcActual').State(29.00)
[2018-09-02 00:01:36] GET /xy.exe?antwort=dom.GetObject('HM_ZISTERNE_stError').State(0.00)
[2018-09-02 01:00:20] Time updated by NTP
[2018-09-02 01:01:44] Datapoint 6614 received 0.000000
[2018-09-02 01:01:44] Rain in last 24h from weather station [mm]: 0.00
[2018-09-02 01:01:44] Writing measurement data to SD Card
[2018-09-02 01:01:44] GET /xy.exe?antwort=dom.GetObject('HM_ZISTERNE_volActual').State(1875.00)
[2018-09-02 01:01:45] GET /xy.exe?antwort=dom.GetObject('HM_ZISTERNE_rSignalHealth').State(100.00)
[2018-09-02 01:01:45] GET /xy.exe?antwort=dom.GetObject('HM_ZISTERNE_prcActual').State(29.00)
[2018-09-02 01:01:45] GET /xy.exe?antwort=dom.GetObject('HM_ZISTERNE_stError').State(0.00)
[2018-09-02 02:00:35] Time updated by NTP
[2018-09-02 02:01:54] Datapoint 6614 received 0.000000
[2018-09-02 02:01:54] Rain in last 24h from weather station [mm]: 0.00
[2018-09-02 02:01:54] Writing measurement data to SD Card
[2018-09-02 02:01:54] GET /xy.exe?antwort=dom.GetObject('HM_ZISTERNE_volActual').State(1872.00)
[2018-09-02 02:01:54] GET /xy.exe?antwort=dom.GetObject('HM_ZISTERNE_rSignalHealth').State(100.00)
[2018-09-02 02:01:54] GET /xy.exe?antwort=dom.GetObject('HM_ZISTERNE_prcActual').State(29.00)
[2018-09-02 02:01:54] GET /xy.exe?antwort=dom.GetObject('HM_ZISTERNE_stError').State(0.00)
[2018-09-02 03:00:50] Time updated by NTP
[2018-09-02 03:02:03] Datapoint 6614 received 0.000000
[2018-09-02 03:02:03] Rain in last 24h from weather station [mm]: 0.00
[2018-09-02 03:02:03] Writing measurement data to SD Card
[2018-09-02 03:02:03] GET /xy.exe?antwort=dom.GetObject('HM_ZISTERNE_volActual').State(1869.00)
[2018-09-02 03:02:03] GET /xy.exe?antwort=dom.GetObject('HM_ZISTERNE_rSignalHealth').State(99.00)
[2018-09-02 03:02:03] GET /xy.exe?antwort=dom.GetObject('HM_ZISTERNE_prcActual').State(29.00)
[2018-09-02 03:02:03] GET /xy.exe?antwort=dom.GetObject('HM_ZISTERNE_stError').State(0.00)
[2018-09-02 04:01:05] Time updated by NTP
[2018-09-02 04:02:12] Datapoint 6614 received 0.000000
[2018-09-02 04:02:12] Rain in last 24h from weather station [mm]: 0.00
[2018-09-02 04:02:12] Writing measurement data to SD Card
[2018-09-02 04:02:12] GET /xy.exe?antwort=dom.GetObject('HM_ZISTERNE_volActual').State(1869.00)
[2018-09-02 04:02:12] GET /xy.exe?antwort=dom.GetObject('HM_ZISTERNE_rSignalHealth').State(98.00)
[2018-09-02 04:02:12] GET /xy.exe?antwort=dom.GetObject('HM_ZISTERNE_prcActual').State(29.00)
[2018-09-02 04:02:12] GET /xy.exe?antwort=dom.GetObject('HM_ZISTERNE_stError').State(0.00)
[2018-09-02 05:01:21] Time updated by NTP
[2018-09-02 05:02:22] Datapoint 6614 received 0.000000
[2018-09-02 05:02:22] Rain in last 24h from weather station [mm]: 0.00
[2018-09-02 05:02:22] Writing measurement data to SD Card
[2018-09-02 05:02:22] GET /xy.exe?antwort=dom.GetObject('HM_ZISTERNE_volActual').State(1859.00)
[2018-09-02 05:02:22] GET /xy.exe?antwort=dom.GetObject('HM_ZISTERNE_rSignalHealth').State(100.00)
[2018-09-02 05:02:22] GET /xy.exe?antwort=dom.GetObject('HM_ZISTERNE_prcActual').State(29.00)
[2018-09-02 05:02:22] GET /xy.exe?antwort=dom.GetObject('HM_ZISTERNE_stError').State(0.00)
[2018-09-02 06:01:35] Time updated by NTP
[2018-09-02 06:02:30] Datapoint 6614 received 0.000000
[2018-09-02 06:02:30] Rain in last 24h from weather station [mm]: 0.00
[2018-09-02 06:02:30] Writing measurement data to SD Card
[2018-09-02 06:02:30] GET /xy.exe?antwort=dom.GetObject('HM_ZISTERNE_volActual').State(1850.00)
[2018-09-02 06:02:31] GET /xy.exe?antwort=dom.GetObject('HM_ZISTERNE_rSignalHealth').State(100.00)
[2018-09-02 06:02:31] GET /xy.exe?antwort=dom.GetObject('HM_ZISTERNE_prcActual').State(29.00)
[2018-09-02 06:02:31] GET /xy.exe?antwort=dom.GetObject('HM_ZISTERNE_stError').State(0.00)
[2018-09-02 07:01:51] Time updated by NTP
[2018-09-02 07:02:40] Datapoint 6614 received 0.590000
[2018-09-02 07:02:40] Rain in last 24h from weather station [mm]: 0.59
[2018-09-02 07:02:40] Writing measurement data to SD Card
[2018-09-02 07:02:40] GET /xy.exe?antwort=dom.GetObject('HM_ZISTERNE_volActual').State(1894.00)
[2018-09-02 07:02:40] GET /xy.exe?antwort=dom.GetObject('HM_ZISTERNE_rSignalHealth').State(99.00)
[2018-09-02 07:02:40] GET /xy.exe?antwort=dom.GetObject('HM_ZISTERNE_prcActual').State(30.00)
[2018-09-02 07:02:41] GET /xy.exe?antwort=dom.GetObject('HM_ZISTERNE_stError').State(0.00)
[2018-09-02 08:02:06] Time updated by NTP
[2018-09-02 08:02:50] Datapoint 6614 received 0.890000
[2018-09-02 08:02:50] Rain in last 24h from weather station [mm]: 0.89
[2018-09-02 08:02:50] Writing measurement data to SD Card
[2018-09-02 08:02:50] GET /xy.exe?antwort=dom.GetObject('HM_ZISTERNE_volActual').State(1938.00)
[2018-09-02 08:02:50] GET /xy.exe?antwort=dom.GetObject('HM_ZISTERNE_rSignalHealth').State(98.00)
[2018-09-02 08:02:50] GET /xy.exe?antwort=dom.GetObject('HM_ZISTERNE_prcActual').State(30.00)
[2018-09-02 08:02:50] GET /xy.exe?antwort=dom.GetObject('HM_ZISTERNE_stError').State(0.00)
[2018-09-02 09:01:21] Time updated by NTP
[2018-09-02 09:02:58] Datapoint 6614 received 1.480000
[2018-09-02 09:02:58] Rain in last 24h from weather station [mm]: 1.48
[2018-09-02 09:02:58] Writing measurement data to SD Card
[2018-09-02 09:02:58] GET /xy.exe?antwort=dom.GetObject('HM_ZISTERNE_volActual').State(1979.00)
[2018-09-02 09:02:58] GET /xy.exe?antwort=dom.GetObject('HM_ZISTERNE_rSignalHealth').State(97.00)
[2018-09-02 09:02:58] GET /xy.exe?antwort=dom.GetObject('HM_ZISTERNE_prcActual').State(31.00)
[2018-09-02 09:02:58] GET /xy.exe?antwort=dom.GetObject('HM_ZISTERNE_stError').State(0.00)
[2018-09-02 10:01:36] Time updated by NTP
[2018-09-02 10:03:08] Datapoint 6614 received 1.770000
[2018-09-02 10:03:08] Rain in last 24h from weather station [mm]: 1.77
[2018-09-02 10:03:08] Writing measurement data to SD Card
[2018-09-02 10:03:08] GET /xy.exe?antwort=dom.GetObject('HM_ZISTERNE_volActual').State(2001.00)
[2018-09-02 10:03:08] GET /xy.exe?antwort=dom.GetObject('HM_ZISTERNE_rSignalHealth').State(100.00)
[2018-09-02 10:03:08] GET /xy.exe?antwort=dom.GetObject('HM_ZISTERNE_prcActual').State(31.00)
[2018-09-02 10:03:08] GET /xy.exe?antwort=dom.GetObject('HM_ZISTERNE_stError').State(0.00)
[2018-09-02 11:01:52] Time updated by NTP
[2018-09-02 11:03:17] Datapoint 6614 received 1.770000
[2018-09-02 11:03:17] Rain in last 24h from weather station [mm]: 1.77
[2018-09-02 11:03:17] Writing measurement data to SD Card
[2018-09-02 11:03:17] GET /xy.exe?antwort=dom.GetObject('HM_ZISTERNE_volActual').State(1994.00)
[2018-09-02 11:03:17] GET /xy.exe?antwort=dom.GetObject('HM_ZISTERNE_rSignalHealth').State(100.00)
[2018-09-02 11:03:18] GET /xy.exe?antwort=dom.GetObject('HM_ZISTERNE_prcActual').State(31.00)
[2018-09-02 11:03:18] GET /xy.exe?antwort=dom.GetObject('HM_ZISTERNE_stError').State(0.00)
[2018-09-02 12:02:07] Time updated by NTP
[2018-09-02 12:03:27] Datapoint 6614 received 1.770000
[2018-09-02 12:03:27] Rain in last 24h from weather station [mm]: 1.77
[2018-09-02 12:03:27] Writing measurement data to SD Card
[2018-09-02 12:03:27] GET /xy.exe?antwort=dom.GetObject('HM_ZISTERNE_volActual').State(1979.00)
[2018-09-02 12:03:27] GET /xy.exe?antwort=dom.GetObject('HM_ZISTERNE_rSignalHealth').State(100.00)
[2018-09-02 12:03:27] GET /xy.exe?antwort=dom.GetObject('HM_ZISTERNE_prcActual').State(31.00)
[2018-09-02 12:03:27] GET /xy.exe?antwort=dom.GetObject('HM_ZISTERNE_stError').State(0.00)
[2018-09-02 13:02:23] Time updated by NTP
[2018-09-02 13:03:37] Datapoint 6614 received 1.770000
[2018-09-02 13:03:37] Rain in last 24h from weather station [mm]: 1.77
[2018-09-02 13:03:37] Writing measurement data to SD Card
[2018-09-02 13:03:37] GET /xy.exe?antwort=dom.GetObject('HM_ZISTERNE_volActual').State(1979.00)
[2018-09-02 13:03:37] GET /xy.exe?antwort=dom.GetObject('HM_ZISTERNE_rSignalHealth').State(100.00)
[2018-09-02 13:03:37] GET /xy.exe?antwort=dom.GetObject('HM_ZISTERNE_prcActual').State(31.00)
[2018-09-02 13:03:37] GET /xy.exe?antwort=dom.GetObject('HM_ZISTERNE_stError').State(0.00)
[2018-09-02 14:03:37] Datapoint 6614 received 1.770000
[2018-09-02 14:03:37] Rain in last 24h from weather station [mm]: 1.77
[2018-09-02 14:03:37] Writing measurement data to SD Card
[2018-09-02 14:03:37] GET /xy.exe?antwort=dom.GetObject('HM_ZISTERNE_volActual').State(1957.00)
[2018-09-02 14:03:37] GET /xy.exe?antwort=dom.GetObject('HM_ZISTERNE_rSignalHealth').State(97.00)
[2018-09-02 14:03:37] GET /xy.exe?antwort=dom.GetObject('HM_ZISTERNE_prcActual').State(31.00)
[2018-09-02 14:03:37] GET /xy.exe?antwort=dom.GetObject('HM_ZISTERNE_stError').State(0.00)
[2018-09-02 15:02:54] Time updated by NTP
[2018-09-02 15:03:56] Datapoint 6614 received 1.770000
[2018-09-02 15:03:56] Rain in last 24h from weather station [mm]: 1.77
[2018-09-02 15:03:56] Writing measurement data to SD Card
[2018-09-02 15:03:56] GET /xy.exe?antwort=dom.GetObject('HM_ZISTERNE_volActual').State(1963.00)
[2018-09-02 15:03:56] GET /xy.exe?antwort=dom.GetObject('HM_ZISTERNE_rSignalHealth').State(95.00)
[2018-09-02 15:03:56] GET /xy.exe?antwort=dom.GetObject('HM_ZISTERNE_prcActual').State(31.00)
[2018-09-02 15:03:56] GET /xy.exe?antwort=dom.GetObject('HM_ZISTERNE_stError').State(0.00)
[2018-09-02 16:03:09] Time updated by NTP
[2018-09-02 16:04:05] Datapoint 6614 received 2.650000
[2018-09-02 16:04:05] Rain in last 24h from weather station [mm]: 2.65
[2018-09-02 16:04:05] Writing measurement data to SD Card
[2018-09-02 16:04:05] GET /xy.exe?antwort=dom.GetObject('HM_ZISTERNE_volActual').State(2032.00)
[2018-09-02 16:04:05] GET /xy.exe?antwort=dom.GetObject('HM_ZISTERNE_rSignalHealth').State(100.00)
[2018-09-02 16:04:06] GET /xy.exe?antwort=dom.GetObject('HM_ZISTERNE_prcActual').State(32.00)
[2018-09-02 16:04:06] GET /xy.exe?antwort=dom.GetObject('HM_ZISTERNE_stError').State(0.00)
[2018-09-02 17:03:25] Time updated by NTP
[2018-09-02 17:04:15] Datapoint 6614 received 2.650000
[2018-09-02 17:04:15] Rain in last 24h from weather station [mm]: 2.65
[2018-09-02 17:04:15] Writing measurement data to SD Card
[2018-09-02 17:04:15] GET /xy.exe?antwort=dom.GetObject('HM_ZISTERNE_volActual').State(1988.00)
[2018-09-02 17:04:15] GET /xy.exe?antwort=dom.GetObject('HM_ZISTERNE_rSignalHealth').State(93.00)
[2018-09-02 17:04:15] GET /xy.exe?antwort=dom.GetObject('HM_ZISTERNE_prcActual').State(31.00)
[2018-09-02 17:04:15] GET /xy.exe?antwort=dom.GetObject('HM_ZISTERNE_stError').State(0.00)
[2018-09-02 18:03:40] Time updated by NTP
[2018-09-02 18:04:24] Datapoint 6614 received 3.540000
[2018-09-02 18:04:25] Rain in last 24h from weather station [mm]: 3.54
[2018-09-02 18:04:25] Writing measurement data to SD Card
[2018-09-02 18:04:25] GET /xy.exe?antwort=dom.GetObject('HM_ZISTERNE_volActual').State(2067.00)
[2018-09-02 18:04:25] GET /xy.exe?antwort=dom.GetObject('HM_ZISTERNE_rSignalHealth').State(100.00)
[2018-09-02 18:04:25] GET /xy.exe?antwort=dom.GetObject('HM_ZISTERNE_prcActual').State(32.00)
[2018-09-02 18:04:25] GET /xy.exe?antwort=dom.GetObject('HM_ZISTERNE_stError').State(0.00)
[2018-09-02 19:02:56] Time updated by NTP
[2018-09-02 19:04:34] Datapoint 6614 received 3.840000
[2018-09-02 19:04:34] Rain in last 24h from weather station [mm]: 3.84
[2018-09-02 19:04:34] Writing measurement data to SD Card
[2018-09-02 19:04:34] GET /xy.exe?antwort=dom.GetObject('HM_ZISTERNE_volActual').State(2086.00)
[2018-09-02 19:04:34] GET /xy.exe?antwort=dom.GetObject('HM_ZISTERNE_rSignalHealth').State(100.00)
[2018-09-02 19:04:34] GET /xy.exe?antwort=dom.GetObject('HM_ZISTERNE_prcActual').State(33.00)
[2018-09-02 19:04:35] GET /xy.exe?antwort=dom.GetObject('HM_ZISTERNE_stError').State(0.00)
[2018-09-02 20:03:11] Time updated by NTP
[2018-09-02 20:04:44] Datapoint 6614 received 4.130000
[2018-09-02 20:04:44] Rain in last 24h from weather station [mm]: 4.13
[2018-09-02 20:04:44] Writing measurement data to SD Card
[2018-09-02 20:04:44] GET /xy.exe?antwort=dom.GetObject('HM_ZISTERNE_volActual').State(2117.00)
[2018-09-02 20:04:44] GET /xy.exe?antwort=dom.GetObject('HM_ZISTERNE_rSignalHealth').State(100.00)
[2018-09-02 20:04:44] GET /xy.exe?antwort=dom.GetObject('HM_ZISTERNE_prcActual').State(33.00)
[2018-09-02 20:04:44] GET /xy.exe?antwort=dom.GetObject('HM_ZISTERNE_stError').State(0.00)
[2018-09-02 21:03:27] Time updated by NTP
[2018-09-02 21:04:53] Datapoint 6614 received 4.430000
[2018-09-02 21:04:53] Rain in last 24h from weather station [mm]: 4.43
[2018-09-02 21:04:53] Writing measurement data to SD Card
[2018-09-02 21:04:53] GET /xy.exe?antwort=dom.GetObject('HM_ZISTERNE_volActual').State(2120.00)
[2018-09-02 21:04:53] GET /xy.exe?antwort=dom.GetObject('HM_ZISTERNE_rSignalHealth').State(100.00)
[2018-09-02 21:04:53] GET /xy.exe?antwort=dom.GetObject('HM_ZISTERNE_prcActual').State(33.00)
[2018-09-02 21:04:54] GET /xy.exe?antwort=dom.GetObject('HM_ZISTERNE_stError').State(0.00)
[2018-09-02 22:03:42] Time updated by NTP
[2018-09-02 22:05:03] Datapoint 6614 received 4.430000
[2018-09-02 22:05:03] Rain in last 24h from weather station [mm]: 4.43
[2018-09-02 22:05:03] Writing measurement data to SD Card
[2018-09-02 22:05:03] GET /xy.exe?antwort=dom.GetObject('HM_ZISTERNE_volActual').State(2120.00)
[2018-09-02 22:05:03] GET /xy.exe?antwort=dom.GetObject('HM_ZISTERNE_rSignalHealth').State(100.00)
[2018-09-02 22:05:03] GET /xy.exe?antwort=dom.GetObject('HM_ZISTERNE_prcActual').State(33.00)
[2018-09-02 22:05:03] GET /xy.exe?antwort=dom.GetObject('HM_ZISTERNE_stError').State(0.00)
[2018-09-02 23:03:58] Time updated by NTP
[2018-09-02 23:05:12] Datapoint 6614 received 4.430000
[2018-09-02 23:05:12] Rain in last 24h from weather station [mm]: 4.43
[2018-09-02 23:05:13] Writing measurement data to SD Card
[2018-09-02 23:05:13] GET /xy.exe?antwort=dom.GetObject('HM_ZISTERNE_volActual').State(2120.00)
[2018-09-02 23:05:13] GET /xy.exe?antwort=dom.GetObject('HM_ZISTERNE_rSignalHealth').State(100.00)
[2018-09-02 23:05:13] GET /xy.exe?antwort=dom.GetObject('HM_ZISTERNE_prcActual').State(33.00)
[2018-09-02 23:05:13] GET /xy.exe?antwort=dom.GetObject('HM_ZISTERNE_stError').State(0.00)
[2018-09-03 00:04:13] Time updated by NTP
[2018-09-03 00:05:22] Datapoint 6614 received 4.430000
[2018-09-03 00:05:22] Rain in last 24h from weather station [mm]: 4.43
[2018-09-03 00:05:22] GET /xy.exe?antwort=dom.GetObject('HM_ZISTERNE_stFiltChkErr').State(2.00)
[2018-09-03 00:05:22] Writing measurement data to SD Card
[2018-09-03 00:05:22] GET /xy.exe?antwort=dom.GetObject('HM_ZISTERNE_volActual').State(2120.00)
[2018-09-03 00:05:23] GET /xy.exe?antwort=dom.GetObject('HM_ZISTERNE_rSignalHealth').State(100.00)
[2018-09-03 00:05:23] GET /xy.exe?antwort=dom.GetObject('HM_ZISTERNE_prcActual').State(33.00)
[2018-09-03 00:05:23] GET /xy.exe?antwort=dom.GetObject('HM_ZISTERNE_stError').State(0.00)
[2018-09-03 01:04:30] Time updated by NTP
[2018-09-03 01:05:33] Datapoint 6614 received 4.430000
[2018-09-03 01:05:33] Rain in last 24h from weather station [mm]: 4.43
[2018-09-03 01:05:33] Writing measurement data to SD Card
[2018-09-03 01:05:33] GET /xy.exe?antwort=dom.GetObject('HM_ZISTERNE_volActual').State(2120.00)
[2018-09-03 01:05:33] GET /xy.exe?antwort=dom.GetObject('HM_ZISTERNE_rSignalHealth').State(100.00)
[2018-09-03 01:05:33] GET /xy.exe?antwort=dom.GetObject('HM_ZISTERNE_prcActual').State(33.00)
[2018-09-03 01:05:33] GET /xy.exe?antwort=dom.GetObject('HM_ZISTERNE_stError').State(0.00)
[2018-09-03 02:04:45] Time updated by NTP
[2018-09-03 02:05:42] Datapoint 6614 received 4.430000
[2018-09-03 02:05:42] Rain in last 24h from weather station [mm]: 4.43
[2018-09-03 02:05:42] Writing measurement data to SD Card
[2018-09-03 02:05:42] GET /xy.exe?antwort=dom.GetObject('HM_ZISTERNE_volActual').State(2114.00)
[2018-09-03 02:05:43] GET /xy.exe?antwort=dom.GetObject('HM_ZISTERNE_rSignalHealth').State(100.00)
[2018-09-03 02:05:43] GET /xy.exe?antwort=dom.GetObject('HM_ZISTERNE_prcActual').State(33.00)
[2018-09-03 02:05:43] GET /xy.exe?antwort=dom.GetObject('HM_ZISTERNE_stError').State(0.00)
[2018-09-03 03:05:01] Time updated by NTP
[2018-09-03 03:05:52] Datapoint 6614 received 4.430000
[2018-09-03 03:05:52] Rain in last 24h from weather station [mm]: 4.43
[2018-09-03 03:05:52] Writing measurement data to SD Card
[2018-09-03 03:05:52] GET /xy.exe?antwort=dom.GetObject('HM_ZISTERNE_volActual').State(2111.00)
[2018-09-03 03:05:52] GET /xy.exe?antwort=dom.GetObject('HM_ZISTERNE_rSignalHealth').State(98.00)
[2018-09-03 03:05:52] GET /xy.exe?antwort=dom.GetObject('HM_ZISTERNE_prcActual').State(33.00)
[2018-09-03 03:05:52] GET /xy.exe?antwort=dom.GetObject('HM_ZISTERNE_stError').State(0.00)
[2018-09-03 04:04:16] Time updated by NTP
[2018-09-03 04:06:01] Datapoint 6614 received 4.430000
[2018-09-03 04:06:01] Rain in last 24h from weather station [mm]: 4.43
[2018-09-03 04:06:02] Writing measurement data to SD Card
[2018-09-03 04:06:02] GET /xy.exe?antwort=dom.GetObject('HM_ZISTERNE_volActual').State(2108.00)
[2018-09-03 04:06:02] GET /xy.exe?antwort=dom.GetObject('HM_ZISTERNE_rSignalHealth').State(100.00)
[2018-09-03 04:06:02] GET /xy.exe?antwort=dom.GetObject('HM_ZISTERNE_prcActual').State(33.00)
[2018-09-03 04:06:02] GET /xy.exe?antwort=dom.GetObject('HM_ZISTERNE_stError').State(0.00)
[2018-09-03 05:04:31] Time updated by NTP
[2018-09-03 05:06:11] Datapoint 6614 received 4.430000
[2018-09-03 05:06:11] Rain in last 24h from weather station [mm]: 4.43
[2018-09-03 05:06:11] Writing measurement data to SD Card
[2018-09-03 05:06:11] GET /xy.exe?antwort=dom.GetObject('HM_ZISTERNE_volActual').State(2101.00)
[2018-09-03 05:06:11] GET /xy.exe?antwort=dom.GetObject('HM_ZISTERNE_rSignalHealth').State(100.00)
[2018-09-03 05:06:11] GET /xy.exe?antwort=dom.GetObject('HM_ZISTERNE_prcActual').State(33.00)
[2018-09-03 05:06:11] GET /xy.exe?antwort=dom.GetObject('HM_ZISTERNE_stError').State(0.00)
[2018-09-03 06:04:48] Time updated by NTP
[2018-09-03 06:06:22] Datapoint 6614 received 3.840000
[2018-09-03 06:06:22] Rain in last 24h from weather station [mm]: 3.84
[2018-09-03 06:06:22] Writing measurement data to SD Card
[2018-09-03 06:06:22] GET /xy.exe?antwort=dom.GetObject('HM_ZISTERNE_volActual').State(2098.00)
[2018-09-03 06:06:22] GET /xy.exe?antwort=dom.GetObject('HM_ZISTERNE_rSignalHealth').State(100.00)
[2018-09-03 06:06:22] GET /xy.exe?antwort=dom.GetObject('HM_ZISTERNE_prcActual').State(33.00)
[2018-09-03 06:06:22] GET /xy.exe?antwort=dom.GetObject('HM_ZISTERNE_stError').State(0.00)
[2018-09-03 07:05:03] Time updated by NTP
[2018-09-03 07:06:31] Datapoint 6614 received 3.540000
[2018-09-03 07:06:31] Rain in last 24h from weather station [mm]: 3.54
[2018-09-03 07:06:31] Writing measurement data to SD Card
[2018-09-03 07:06:31] GET /xy.exe?antwort=dom.GetObject('HM_ZISTERNE_volActual').State(2092.00)
[2018-09-03 07:06:32] GET /xy.exe?antwort=dom.GetObject('HM_ZISTERNE_rSignalHealth').State(100.00)
[2018-09-03 07:06:32] GET /xy.exe?antwort=dom.GetObject('HM_ZISTERNE_prcActual').State(33.00)
[2018-09-03 07:06:32] GET /xy.exe?antwort=dom.GetObject('HM_ZISTERNE_stError').State(0.00)
[2018-09-03 08:05:19] Time updated by NTP
[2018-09-03 08:06:41] Datapoint 6614 received 2.950000
[2018-09-03 08:06:41] Rain in last 24h from weather station [mm]: 2.95
[2018-09-03 08:06:41] Writing measurement data to SD Card
[2018-09-03 08:06:41] GET /xy.exe?antwort=dom.GetObject('HM_ZISTERNE_volActual').State(2086.00)
[2018-09-03 08:06:41] GET /xy.exe?antwort=dom.GetObject('HM_ZISTERNE_rSignalHealth').State(100.00)
[2018-09-03 08:06:41] GET /xy.exe?antwort=dom.GetObject('HM_ZISTERNE_prcActual').State(33.00)
[2018-09-03 08:06:41] GET /xy.exe?antwort=dom.GetObject('HM_ZISTERNE_stError').State(0.00)
[2018-09-03 09:05:07] Timeout US measurement detected
[2018-09-03 09:05:07] Timeout US measurement detected
[2018-09-03 09:05:07] Timeout US measurement detected
[2018-09-03 09:05:07] Timeout US measurement detected
[2018-09-03 09:05:07] Timeout US measurement detected
[2018-09-03 09:05:07] Timeout US measurement detected
[2018-09-03 09:06:41] Datapoint 6614 received 2.650000
[2018-09-03 09:06:41] Rain in last 24h from weather station [mm]: 2.65
[2018-09-03 09:06:42] Writing measurement data to SD Card
[2018-09-03 09:06:42] GET /xy.exe?antwort=dom.GetObject('HM_ZISTERNE_volActual').State(2082.00)
[2018-09-03 09:06:42] GET /xy.exe?antwort=dom.GetObject('HM_ZISTERNE_rSignalHealth').State(98.00)
[2018-09-03 09:06:42] GET /xy.exe?antwort=dom.GetObject('HM_ZISTERNE_prcActual').State(33.00)
[2018-09-03 09:06:42] GET /xy.exe?antwort=dom.GetObject('HM_ZISTERNE_stError').State(0.00)
[2018-09-03 10:05:50] Time updated by NTP
[2018-09-03 10:07:00] Datapoint 6614 received 2.650000
[2018-09-03 10:07:00] Rain in last 24h from weather station [mm]: 2.65
[2018-09-03 10:07:00] Writing measurement data to SD Card
[2018-09-03 10:07:00] GET /xy.exe?antwort=dom.GetObject('HM_ZISTERNE_volActual').State(2082.00)
[2018-09-03 10:07:00] GET /xy.exe?antwort=dom.GetObject('HM_ZISTERNE_rSignalHealth').State(98.00)
[2018-09-03 10:07:00] GET /xy.exe?antwort=dom.GetObject('HM_ZISTERNE_prcActual').State(33.00)
[2018-09-03 10:07:00] GET /xy.exe?antwort=dom.GetObject('HM_ZISTERNE_stError').State(0.00)
[2018-09-03 11:06:05] Time updated by NTP
[2018-09-03 11:07:09] Datapoint 6614 received 2.650000
[2018-09-03 11:07:09] Rain in last 24h from weather station [mm]: 2.65
[2018-09-03 11:07:09] Writing measurement data to SD Card
[2018-09-03 11:07:09] GET /xy.exe?antwort=dom.GetObject('HM_ZISTERNE_volActual').State(2079.00)
[2018-09-03 11:07:09] GET /xy.exe?antwort=dom.GetObject('HM_ZISTERNE_rSignalHealth').State(100.00)
[2018-09-03 11:07:09] GET /xy.exe?antwort=dom.GetObject('HM_ZISTERNE_prcActual').State(33.00)
[2018-09-03 11:07:10] GET /xy.exe?antwort=dom.GetObject('HM_ZISTERNE_stError').State(0.00)
[2018-09-03 12:06:22] Time updated by NTP
[2018-09-03 12:07:20] Datapoint 6614 received 2.650000
[2018-09-03 12:07:20] Rain in last 24h from weather station [mm]: 2.65
[2018-09-03 12:07:20] Writing measurement data to SD Card
[2018-09-03 12:07:20] GET /xy.exe?antwort=dom.GetObject('HM_ZISTERNE_volActual').State(2073.00)
[2018-09-03 12:07:20] GET /xy.exe?antwort=dom.GetObject('HM_ZISTERNE_rSignalHealth').State(100.00)
[2018-09-03 12:07:20] GET /xy.exe?antwort=dom.GetObject('HM_ZISTERNE_prcActual').State(32.00)
[2018-09-03 12:07:21] GET /xy.exe?antwort=dom.GetObject('HM_ZISTERNE_stError').State(0.00)
[2018-09-03 13:06:37] Time updated by NTP
[2018-09-03 13:07:30] Datapoint 6614 received 2.650000
[2018-09-03 13:07:30] Rain in last 24h from weather station [mm]: 2.65
[2018-09-03 13:07:30] Writing measurement data to SD Card
[2018-09-03 13:07:30] GET /xy.exe?antwort=dom.GetObject('HM_ZISTERNE_volActual').State(2067.00)
[2018-09-03 13:07:30] GET /xy.exe?antwort=dom.GetObject('HM_ZISTERNE_rSignalHealth').State(100.00)
[2018-09-03 13:07:30] GET /xy.exe?antwort=dom.GetObject('HM_ZISTERNE_prcActual').State(32.00)
[2018-09-03 13:07:30] GET /xy.exe?antwort=dom.GetObject('HM_ZISTERNE_stError').State(0.00)
[2018-09-03 14:06:53] Time updated by NTP
[2018-09-03 14:07:39] Datapoint 6614 received 2.650000
[2018-09-03 14:07:39] Rain in last 24h from weather station [mm]: 2.65
[2018-09-03 14:07:39] Writing measurement data to SD Card
[2018-09-03 14:07:40] GET /xy.exe?antwort=dom.GetObject('HM_ZISTERNE_volActual').State(2067.00)
[2018-09-03 14:07:40] GET /xy.exe?antwort=dom.GetObject('HM_ZISTERNE_rSignalHealth').State(100.00)
[2018-09-03 14:07:40] GET /xy.exe?antwort=dom.GetObject('HM_ZISTERNE_prcActual').State(32.00)
[2018-09-03 14:07:40] GET /xy.exe?antwort=dom.GetObject('HM_ZISTERNE_stError').State(0.00)
[2018-09-03 15:07:08] Time updated by NTP
[2018-09-03 15:07:49] Datapoint 6614 received 1.770000
[2018-09-03 15:07:49] Rain in last 24h from weather station [mm]: 1.77
[2018-09-03 15:07:49] Writing measurement data to SD Card
[2018-09-03 15:07:49] GET /xy.exe?antwort=dom.GetObject('HM_ZISTERNE_volActual').State(2067.00)
[2018-09-03 15:07:49] GET /xy.exe?antwort=dom.GetObject('HM_ZISTERNE_rSignalHealth').State(100.00)
[2018-09-03 15:07:49] GET /xy.exe?antwort=dom.GetObject('HM_ZISTERNE_prcActual').State(32.00)
[2018-09-03 15:07:49] GET /xy.exe?antwort=dom.GetObject('HM_ZISTERNE_stError').State(0.00)
[2018-09-03 16:06:24] Time updated by NTP
[2018-09-03 16:07:59] Datapoint 6614 received 1.770000
[2018-09-03 16:07:59] Rain in last 24h from weather station [mm]: 1.77
[2018-09-03 16:07:59] Writing measurement data to SD Card
[2018-09-03 16:07:59] GET /xy.exe?antwort=dom.GetObject('HM_ZISTERNE_volActual').State(2064.00)
[2018-09-03 16:07:59] GET /xy.exe?antwort=dom.GetObject('HM_ZISTERNE_rSignalHealth').State(98.00)
[2018-09-03 16:07:59] GET /xy.exe?antwort=dom.GetObject('HM_ZISTERNE_prcActual').State(32.00)
[2018-09-03 16:07:59] GET /xy.exe?antwort=dom.GetObject('HM_ZISTERNE_stError').State(0.00)
[2018-09-03 17:06:39] Time updated by NTP
[2018-09-03 17:08:08] Datapoint 6614 received 0.890000
[2018-09-03 17:08:08] Rain in last 24h from weather station [mm]: 0.89
[2018-09-03 17:08:08] Writing measurement data to SD Card
[2018-09-03 17:08:08] GET /xy.exe?antwort=dom.GetObject('HM_ZISTERNE_volActual').State(2007.00)
[2018-09-03 17:08:08] GET /xy.exe?antwort=dom.GetObject('HM_ZISTERNE_rSignalHealth').State(98.00)
[2018-09-03 17:08:08] GET /xy.exe?antwort=dom.GetObject('HM_ZISTERNE_prcActual').State(31.00)
[2018-09-03 17:08:08] GET /xy.exe?antwort=dom.GetObject('HM_ZISTERNE_stError').State(0.00)
[2018-09-03 18:06:56] Time updated by NTP
[2018-09-03 18:08:19] Datapoint 6614 received 0.590000
[2018-09-03 18:08:19] Rain in last 24h from weather station [mm]: 0.59
[2018-09-03 18:08:19] Writing measurement data to SD Card
[2018-09-03 18:08:19] GET /xy.exe?antwort=dom.GetObject('HM_ZISTERNE_volActual').State(2016.00)
[2018-09-03 18:08:19] GET /xy.exe?antwort=dom.GetObject('HM_ZISTERNE_rSignalHealth').State(98.00)
[2018-09-03 18:08:19] GET /xy.exe?antwort=dom.GetObject('HM_ZISTERNE_prcActual').State(32.00)
[2018-09-03 18:08:19] GET /xy.exe?antwort=dom.GetObject('HM_ZISTERNE_stError').State(0.00)
[2018-09-03 19:07:11] Time updated by NTP
[2018-09-03 19:08:28] Datapoint 6614 received 0.300000
[2018-09-03 19:08:28] Rain in last 24h from weather station [mm]: 0.30
[2018-09-03 19:08:28] Writing measurement data to SD Card
[2018-09-03 19:08:28] GET /xy.exe?antwort=dom.GetObject('HM_ZISTERNE_volActual').State(2016.00)
[2018-09-03 19:08:28] GET /xy.exe?antwort=dom.GetObject('HM_ZISTERNE_rSignalHealth').State(98.00)
[2018-09-03 19:08:28] GET /xy.exe?antwort=dom.GetObject('HM_ZISTERNE_prcActual').State(32.00)
[2018-09-03 19:08:28] GET /xy.exe?antwort=dom.GetObject('HM_ZISTERNE_stError').State(0.00)
[2018-09-03 20:07:27] Time updated by NTP
[2018-09-03 20:08:38] Datapoint 6614 received 0.000000
[2018-09-03 20:08:38] Rain in last 24h from weather station [mm]: 0.00
[2018-09-03 20:08:38] Writing measurement data to SD Card
[2018-09-03 20:08:38] GET /xy.exe?antwort=dom.GetObject('HM_ZISTERNE_volActual').State(2013.00)
[2018-09-03 20:08:38] GET /xy.exe?antwort=dom.GetObject('HM_ZISTERNE_rSignalHealth').State(98.00)
[2018-09-03 20:08:38] GET /xy.exe?antwort=dom.GetObject('HM_ZISTERNE_prcActual').State(32.00)
[2018-09-03 20:08:38] GET /xy.exe?antwort=dom.GetObject('HM_ZISTERNE_stError').State(0.00)
[2018-09-03 21:07:42] Time updated by NTP
[2018-09-03 21:08:48] Datapoint 6614 received 0.000000
[2018-09-03 21:08:48] Rain in last 24h from weather station [mm]: 0.00
[2018-09-03 21:08:48] Writing measurement data to SD Card
[2018-09-03 21:08:48] GET /xy.exe?antwort=dom.GetObject('HM_ZISTERNE_volActual').State(2010.00)
[2018-09-03 21:08:48] GET /xy.exe?antwort=dom.GetObject('HM_ZISTERNE_rSignalHealth').State(99.00)
[2018-09-03 21:08:48] GET /xy.exe?antwort=dom.GetObject('HM_ZISTERNE_prcActual').State(31.00)
[2018-09-03 21:08:48] GET /xy.exe?antwort=dom.GetObject('HM_ZISTERNE_stError').State(0.00)
[2018-09-03 22:07:59] Time updated by NTP
[2018-09-03 22:08:58] Datapoint 6614 received 0.000000
[2018-09-03 22:08:58] Rain in last 24h from weather station [mm]: 0.00
[2018-09-03 22:08:58] Writing measurement data to SD Card
[2018-09-03 22:08:58] GET /xy.exe?antwort=dom.GetObject('HM_ZISTERNE_volActual').State(1994.00)
[2018-09-03 22:08:58] GET /xy.exe?antwort=dom.GetObject('HM_ZISTERNE_rSignalHealth').State(98.00)
[2018-09-03 22:08:58] GET /xy.exe?antwort=dom.GetObject('HM_ZISTERNE_prcActual').State(31.00)
[2018-09-03 22:08:58] GET /xy.exe?antwort=dom.GetObject('HM_ZISTERNE_stError').State(0.00)
[2018-09-03 23:08:14] Time updated by NTP
[2018-09-03 23:09:08] Datapoint 6614 received 0.000000
[2018-09-03 23:09:08] Rain in last 24h from weather station [mm]: 0.00
[2018-09-03 23:09:08] Writing measurement data to SD Card
[2018-09-03 23:09:08] GET /xy.exe?antwort=dom.GetObject('HM_ZISTERNE_volActual').State(1994.00)
[2018-09-03 23:09:08] GET /xy.exe?antwort=dom.GetObject('HM_ZISTERNE_rSignalHealth').State(97.00)
[2018-09-03 23:09:08] GET /xy.exe?antwort=dom.GetObject('HM_ZISTERNE_prcActual').State(31.00)
[2018-09-03 23:09:08] GET /xy.exe?antwort=dom.GetObject('HM_ZISTERNE_stError').State(0.00)
[2018-09-04 00:08:30] Time updated by NTP
[2018-09-04 00:09:17] Datapoint 6614 received 0.000000
[2018-09-04 00:09:17] Rain in last 24h from weather station [mm]: 0.00
[2018-09-04 00:09:17] GET /xy.exe?antwort=dom.GetObject('HM_ZISTERNE_volUsage').State(-126.00)
[2018-09-04 00:09:18] GET /xy.exe?antwort=dom.GetObject('HM_ZISTERNE_volUsage10d').State(-126.00)
[2018-09-04 00:09:18] Writing measurement data to SD Card
[2018-09-04 00:09:18] GET /xy.exe?antwort=dom.GetObject('HM_ZISTERNE_volActual').State(1994.00)
[2018-09-04 00:09:18] GET /xy.exe?antwort=dom.GetObject('HM_ZISTERNE_rSignalHealth').State(94.00)
[2018-09-04 00:09:18] GET /xy.exe?antwort=dom.GetObject('HM_ZISTERNE_prcActual').State(31.00)
[2018-09-04 00:09:18] GET /xy.exe?antwort=dom.GetObject('HM_ZISTERNE_stError').State(0.00)
[2018-09-04 01:07:45] Time updated by NTP
[2018-09-04 01:09:27] Datapoint 6614 received 0.000000
[2018-09-04 01:09:27] Rain in last 24h from weather station [mm]: 0.00
[2018-09-04 01:09:27] Writing measurement data to SD Card
[2018-09-04 01:09:27] GET /xy.exe?antwort=dom.GetObject('HM_ZISTERNE_volActual').State(2004.00)
[2018-09-04 01:09:27] GET /xy.exe?antwort=dom.GetObject('HM_ZISTERNE_rSignalHealth').State(100.00)
[2018-09-04 01:09:27] GET /xy.exe?antwort=dom.GetObject('HM_ZISTERNE_prcActual').State(31.00)
[2018-09-04 01:09:27] GET /xy.exe?antwort=dom.GetObject('HM_ZISTERNE_stError').State(0.00)
[2018-09-04 02:08:02] Time updated by NTP
[2018-09-04 02:09:38] Datapoint 6614 received 0.000000
[2018-09-04 02:09:38] Rain in last 24h from weather station [mm]: 0.00
[2018-09-04 02:09:38] Writing measurement data to SD Card
[2018-09-04 02:09:38] GET /xy.exe?antwort=dom.GetObject('HM_ZISTERNE_volActual').State(2004.00)
[2018-09-04 02:09:38] GET /xy.exe?antwort=dom.GetObject('HM_ZISTERNE_rSignalHealth').State(100.00)
[2018-09-04 02:09:38] GET /xy.exe?antwort=dom.GetObject('HM_ZISTERNE_prcActual').State(31.00)
[2018-09-04 02:09:38] GET /xy.exe?antwort=dom.GetObject('HM_ZISTERNE_stError').State(0.00)
[2018-09-04 03:08:17] Time updated by NTP
[2018-09-04 03:09:47] Datapoint 6614 received 0.000000
[2018-09-04 03:09:47] Rain in last 24h from weather station [mm]: 0.00
[2018-09-04 03:09:47] Writing measurement data to SD Card
[2018-09-04 03:09:47] GET /xy.exe?antwort=dom.GetObject('HM_ZISTERNE_volActual').State(2004.00)
[2018-09-04 03:09:47] GET /xy.exe?antwort=dom.GetObject('HM_ZISTERNE_rSignalHealth').State(100.00)
[2018-09-04 03:09:47] GET /xy.exe?antwort=dom.GetObject('HM_ZISTERNE_prcActual').State(31.00)
[2018-09-04 03:09:47] GET /xy.exe?antwort=dom.GetObject('HM_ZISTERNE_stError').State(0.00)
[2018-09-04 04:08:33] Time updated by NTP
[2018-09-04 04:09:57] Datapoint 6614 received 0.000000
[2018-09-04 04:09:57] Rain in last 24h from weather station [mm]: 0.00
[2018-09-04 04:09:57] Writing measurement data to SD Card
[2018-09-04 04:09:57] GET /xy.exe?antwort=dom.GetObject('HM_ZISTERNE_volActual').State(2001.00)
[2018-09-04 04:09:57] GET /xy.exe?antwort=dom.GetObject('HM_ZISTERNE_rSignalHealth').State(96.00)
[2018-09-04 04:09:57] GET /xy.exe?antwort=dom.GetObject('HM_ZISTERNE_prcActual').State(31.00)
[2018-09-04 04:09:57] GET /xy.exe?antwort=dom.GetObject('HM_ZISTERNE_stError').State(0.00)
[2018-09-04 05:08:49] Time updated by NTP
[2018-09-04 05:10:07] Datapoint 6614 received 0.000000
[2018-09-04 05:10:07] Rain in last 24h from weather station [mm]: 0.00
[2018-09-04 05:10:07] Writing measurement data to SD Card
[2018-09-04 05:10:07] GET /xy.exe?antwort=dom.GetObject('HM_ZISTERNE_volActual').State(1985.00)
[2018-09-04 05:10:08] GET /xy.exe?antwort=dom.GetObject('HM_ZISTERNE_rSignalHealth').State(100.00)
[2018-09-04 05:10:08] GET /xy.exe?antwort=dom.GetObject('HM_ZISTERNE_prcActual').State(31.00)
[2018-09-04 05:10:08] GET /xy.exe?antwort=dom.GetObject('HM_ZISTERNE_stError').State(0.00)
[2018-09-04 06:09:05] Time updated by NTP
[2018-09-04 06:10:17] Datapoint 6614 received 0.000000
[2018-09-04 06:10:17] Rain in last 24h from weather station [mm]: 0.00
[2018-09-04 06:10:17] Writing measurement data to SD Card
[2018-09-04 06:10:17] GET /xy.exe?antwort=dom.GetObject('HM_ZISTERNE_volActual').State(1985.00)
[2018-09-04 06:10:17] GET /xy.exe?antwort=dom.GetObject('HM_ZISTERNE_rSignalHealth').State(100.00)
[2018-09-04 06:10:17] GET /xy.exe?antwort=dom.GetObject('HM_ZISTERNE_prcActual').State(31.00)
[2018-09-04 06:10:17] GET /xy.exe?antwort=dom.GetObject('HM_ZISTERNE_stError').State(0.00)
[2018-09-04 07:09:20] Time updated by NTP
[2018-09-04 07:10:27] Datapoint 6614 received 0.000000
[2018-09-04 07:10:27] Rain in last 24h from weather station [mm]: 0.00
[2018-09-04 07:10:27] Writing measurement data to SD Card
[2018-09-04 07:10:27] GET /xy.exe?antwort=dom.GetObject('HM_ZISTERNE_volActual').State(1985.00)
[2018-09-04 07:10:27] GET /xy.exe?antwort=dom.GetObject('HM_ZISTERNE_rSignalHealth').State(100.00)
[2018-09-04 07:10:27] GET /xy.exe?antwort=dom.GetObject('HM_ZISTERNE_prcActual').State(31.00)
[2018-09-04 07:10:27] GET /xy.exe?antwort=dom.GetObject('HM_ZISTERNE_stError').State(0.00)
[2018-09-04 08:09:36] Time updated by NTP
[2018-09-04 08:10:36] Datapoint 6614 received 0.000000
[2018-09-04 08:10:36] Rain in last 24h from weather station [mm]: 0.00
[2018-09-04 08:10:36] Writing measurement data to SD Card
[2018-09-04 08:10:36] GET /xy.exe?antwort=dom.GetObject('HM_ZISTERNE_volActual').State(1985.00)
[2018-09-04 08:10:36] GET /xy.exe?antwort=dom.GetObject('HM_ZISTERNE_rSignalHealth').State(100.00)
[2018-09-04 08:10:36] GET /xy.exe?antwort=dom.GetObject('HM_ZISTERNE_prcActual').State(31.00)
[2018-09-04 08:10:36] GET /xy.exe?antwort=dom.GetObject('HM_ZISTERNE_stError').State(0.00)
[2018-09-04 09:09:52] Time updated by NTP
[2018-09-04 09:10:47] Datapoint 6614 received 0.000000
[2018-09-04 09:10:47] Rain in last 24h from weather station [mm]: 0.00
[2018-09-04 09:10:47] Writing measurement data to SD Card
[2018-09-04 09:10:47] GET /xy.exe?antwort=dom.GetObject('HM_ZISTERNE_volActual').State(1985.00)
[2018-09-04 09:10:47] GET /xy.exe?antwort=dom.GetObject('HM_ZISTERNE_rSignalHealth').State(100.00)
[2018-09-04 09:10:47] GET /xy.exe?antwort=dom.GetObject('HM_ZISTERNE_prcActual').State(31.00)
[2018-09-04 09:10:47] GET /xy.exe?antwort=dom.GetObject('HM_ZISTERNE_stError').State(0.00)
[2018-09-04 10:09:07] Time updated by NTP
[2018-09-04 10:10:56] Datapoint 6614 received 0.000000
[2018-09-04 10:10:56] Rain in last 24h from weather station [mm]: 0.00
[2018-09-04 10:10:56] Writing measurement data to SD Card
[2018-09-04 10:10:56] GET /xy.exe?antwort=dom.GetObject('HM_ZISTERNE_volActual').State(1982.00)
[2018-09-04 10:10:56] GET /xy.exe?antwort=dom.GetObject('HM_ZISTERNE_rSignalHealth').State(94.00)
[2018-09-04 10:10:56] GET /xy.exe?antwort=dom.GetObject('HM_ZISTERNE_prcActual').State(31.00)
[2018-09-04 10:10:56] GET /xy.exe?antwort=dom.GetObject('HM_ZISTERNE_stError').State(0.00)
[2018-09-04 11:09:24] Time updated by NTP
[2018-09-04 11:11:07] Datapoint 6614 received 0.000000
[2018-09-04 11:11:07] Rain in last 24h from weather station [mm]: 0.00
[2018-09-04 11:11:07] Writing measurement data to SD Card
[2018-09-04 11:11:07] GET /xy.exe?antwort=dom.GetObject('HM_ZISTERNE_volActual').State(1972.00)
[2018-09-04 11:11:07] GET /xy.exe?antwort=dom.GetObject('HM_ZISTERNE_rSignalHealth').State(93.00)
[2018-09-04 11:11:07] GET /xy.exe?antwort=dom.GetObject('HM_ZISTERNE_prcActual').State(31.00)
[2018-09-04 11:11:07] GET /xy.exe?antwort=dom.GetObject('HM_ZISTERNE_stError').State(0.00)
[2018-09-04 12:09:39] Time updated by NTP
[2018-09-04 12:11:16] Datapoint 6614 received 0.000000
[2018-09-04 12:11:16] Rain in last 24h from weather station [mm]: 0.00
[2018-09-04 12:11:16] Writing measurement data to SD Card
[2018-09-04 12:11:16] GET /xy.exe?antwort=dom.GetObject('HM_ZISTERNE_volActual').State(1969.00)
[2018-09-04 12:11:16] GET /xy.exe?antwort=dom.GetObject('HM_ZISTERNE_rSignalHealth').State(100.00)
[2018-09-04 12:11:17] GET /xy.exe?antwort=dom.GetObject('HM_ZISTERNE_prcActual').State(31.00)
[2018-09-04 12:11:17] GET /xy.exe?antwort=dom.GetObject('HM_ZISTERNE_stError').State(0.00)
[2018-09-04 13:09:56] Time updated by NTP
[2018-09-04 13:11:27] Datapoint 6614 received 0.000000
[2018-09-04 13:11:27] Rain in last 24h from weather station [mm]: 0.00
[2018-09-04 13:11:27] Writing measurement data to SD Card
[2018-09-04 13:11:27] GET /xy.exe?antwort=dom.GetObject('HM_ZISTERNE_volActual').State(1969.00)
[2018-09-04 13:11:27] GET /xy.exe?antwort=dom.GetObject('HM_ZISTERNE_rSignalHealth').State(100.00)
[2018-09-04 13:11:27] GET /xy.exe?antwort=dom.GetObject('HM_ZISTERNE_prcActual').State(31.00)
[2018-09-04 13:11:27] GET /xy.exe?antwort=dom.GetObject('HM_ZISTERNE_stError').State(0.00)
[2018-09-04 14:10:11] Time updated by NTP
[2018-09-04 14:11:36] Datapoint 6614 received 0.000000
[2018-09-04 14:11:36] Rain in last 24h from weather station [mm]: 0.00
[2018-09-04 14:11:37] Writing measurement data to SD Card
[2018-09-04 14:11:37] GET /xy.exe?antwort=dom.GetObject('HM_ZISTERNE_volActual').State(1966.00)
[2018-09-04 14:11:37] GET /xy.exe?antwort=dom.GetObject('HM_ZISTERNE_rSignalHealth').State(98.00)
[2018-09-04 14:11:37] GET /xy.exe?antwort=dom.GetObject('HM_ZISTERNE_prcActual').State(31.00)
[2018-09-04 14:11:37] GET /xy.exe?antwort=dom.GetObject('HM_ZISTERNE_stError').State(0.00)
[2018-09-04 15:10:27] Time updated by NTP
[2018-09-04 15:11:46] Datapoint 6614 received 0.000000
[2018-09-04 15:11:46] Rain in last 24h from weather station [mm]: 0.00
[2018-09-04 15:11:46] Writing measurement data to SD Card
[2018-09-04 15:11:46] GET /xy.exe?antwort=dom.GetObject('HM_ZISTERNE_volActual').State(1985.00)
[2018-09-04 15:11:46] GET /xy.exe?antwort=dom.GetObject('HM_ZISTERNE_rSignalHealth').State(95.00)
[2018-09-04 15:11:46] GET /xy.exe?antwort=dom.GetObject('HM_ZISTERNE_prcActual').State(31.00)
[2018-09-04 15:11:46] GET /xy.exe?antwort=dom.GetObject('HM_ZISTERNE_stError').State(0.00)
[2018-09-04 16:10:43] Time updated by NTP
[2018-09-04 16:11:57] Datapoint 6614 received 0.000000
[2018-09-04 16:11:57] Rain in last 24h from weather station [mm]: 0.00
[2018-09-04 16:11:57] Writing measurement data to SD Card
[2018-09-04 16:11:57] GET /xy.exe?antwort=dom.GetObject('HM_ZISTERNE_volActual').State(1979.00)
[2018-09-04 16:11:57] GET /xy.exe?antwort=dom.GetObject('HM_ZISTERNE_rSignalHealth').State(94.00)
[2018-09-04 16:11:57] GET /xy.exe?antwort=dom.GetObject('HM_ZISTERNE_prcActual').State(31.00)
[2018-09-04 16:11:57] GET /xy.exe?antwort=dom.GetObject('HM_ZISTERNE_stError').State(0.00)
[2018-09-04 17:10:59] Time updated by NTP
[2018-09-04 17:12:06] Datapoint 6614 received 0.000000
[2018-09-04 17:12:06] Rain in last 24h from weather station [mm]: 0.00
[2018-09-04 17:12:06] Writing measurement data to SD Card
[2018-09-04 17:12:06] GET /xy.exe?antwort=dom.GetObject('HM_ZISTERNE_volActual').State(1941.00)
[2018-09-04 17:12:06] GET /xy.exe?antwort=dom.GetObject('HM_ZISTERNE_rSignalHealth').State(98.00)
[2018-09-04 17:12:07] GET /xy.exe?antwort=dom.GetObject('HM_ZISTERNE_prcActual').State(30.00)
[2018-09-04 17:12:07] GET /xy.exe?antwort=dom.GetObject('HM_ZISTERNE_stError').State(0.00)
[2018-09-04 18:11:15] Time updated by NTP
[2018-09-04 18:12:17] Datapoint 6614 received 0.000000
[2018-09-04 18:12:17] Rain in last 24h from weather station [mm]: 0.00
[2018-09-04 18:12:17] Writing measurement data to SD Card
[2018-09-04 18:12:17] GET /xy.exe?antwort=dom.GetObject('HM_ZISTERNE_volActual').State(1932.00)
[2018-09-04 18:12:17] GET /xy.exe?antwort=dom.GetObject('HM_ZISTERNE_rSignalHealth').State(94.00)
[2018-09-04 18:12:17] GET /xy.exe?antwort=dom.GetObject('HM_ZISTERNE_prcActual').State(30.00)
[2018-09-04 18:12:17] GET /xy.exe?antwort=dom.GetObject('HM_ZISTERNE_stError').State(0.00)
[2018-09-04 19:11:31] Time updated by NTP
[2018-09-04 19:12:26] Datapoint 6614 received 0.000000
[2018-09-04 19:12:26] Rain in last 24h from weather station [mm]: 0.00
[2018-09-04 19:12:27] Writing measurement data to SD Card
[2018-09-04 19:12:27] GET /xy.exe?antwort=dom.GetObject('HM_ZISTERNE_volActual').State(1935.00)
[2018-09-04 19:12:27] GET /xy.exe?antwort=dom.GetObject('HM_ZISTERNE_rSignalHealth').State(97.00)
[2018-09-04 19:12:27] GET /xy.exe?antwort=dom.GetObject('HM_ZISTERNE_prcActual').State(30.00)
[2018-09-04 19:12:27] GET /xy.exe?antwort=dom.GetObject('HM_ZISTERNE_stError').State(0.00)
[2018-09-04 20:10:46] Time updated by NTP
[2018-09-04 20:11:31] Timeout US measurement detected
[2018-09-04 20:12:36] Datapoint 6614 received 0.000000
[2018-09-04 20:12:36] Rain in last 24h from weather station [mm]: 0.00
[2018-09-04 20:12:36] Writing measurement data to SD Card
[2018-09-04 20:12:36] GET /xy.exe?antwort=dom.GetObject('HM_ZISTERNE_volActual').State(1928.00)
[2018-09-04 20:12:36] GET /xy.exe?antwort=dom.GetObject('HM_ZISTERNE_rSignalHealth').State(99.00)
[2018-09-04 20:12:36] GET /xy.exe?antwort=dom.GetObject('HM_ZISTERNE_prcActual').State(30.00)
[2018-09-04 20:12:36] GET /xy.exe?antwort=dom.GetObject('HM_ZISTERNE_stError').State(0.00)
[2018-09-04 21:11:03] Time updated by NTP
[2018-09-04 21:12:47] Datapoint 6614 received 0.000000
[2018-09-04 21:12:47] Rain in last 24h from weather station [mm]: 0.00
[2018-09-04 21:12:47] Writing measurement data to SD Card
[2018-09-04 21:12:47] GET /xy.exe?antwort=dom.GetObject('HM_ZISTERNE_volActual').State(1922.00)
[2018-09-04 21:12:47] GET /xy.exe?antwort=dom.GetObject('HM_ZISTERNE_rSignalHealth').State(98.00)
[2018-09-04 21:12:47] GET /xy.exe?antwort=dom.GetObject('HM_ZISTERNE_prcActual').State(30.00)
[2018-09-04 21:12:47] GET /xy.exe?antwort=dom.GetObject('HM_ZISTERNE_stError').State(0.00)
[2018-09-04 22:11:18] Time updated by NTP
[2018-09-04 22:12:56] Datapoint 6614 received 0.000000
[2018-09-04 22:12:56] Rain in last 24h from weather station [mm]: 0.00
[2018-09-04 22:12:56] Writing measurement data to SD Card
[2018-09-04 22:12:56] GET /xy.exe?antwort=dom.GetObject('HM_ZISTERNE_volActual').State(1928.00)
[2018-09-04 22:12:56] GET /xy.exe?antwort=dom.GetObject('HM_ZISTERNE_rSignalHealth').State(94.00)
[2018-09-04 22:12:56] GET /xy.exe?antwort=dom.GetObject('HM_ZISTERNE_prcActual').State(30.00)
[2018-09-04 22:12:57] GET /xy.exe?antwort=dom.GetObject('HM_ZISTERNE_stError').State(0.00)
[2018-09-04 23:11:35] Time updated by NTP
[2018-09-04 23:13:07] Datapoint 6614 received 0.000000
[2018-09-04 23:13:07] Rain in last 24h from weather station [mm]: 0.00
[2018-09-04 23:13:07] Writing measurement data to SD Card
[2018-09-04 23:13:07] GET /xy.exe?antwort=dom.GetObject('HM_ZISTERNE_volActual').State(1919.00)
[2018-09-04 23:13:07] GET /xy.exe?antwort=dom.GetObject('HM_ZISTERNE_rSignalHealth').State(99.00)
[2018-09-04 23:13:07] GET /xy.exe?antwort=dom.GetObject('HM_ZISTERNE_prcActual').State(30.00)
[2018-09-04 23:13:07] GET /xy.exe?antwort=dom.GetObject('HM_ZISTERNE_stError').State(0.00)
[2018-09-05 00:11:50] Time updated by NTP
[2018-09-05 00:13:16] Datapoint 6614 received 0.000000
[2018-09-05 00:13:16] Rain in last 24h from weather station [mm]: 0.00
[2018-09-05 00:13:17] GET /xy.exe?antwort=dom.GetObject('HM_ZISTERNE_volUsage').State(-78.00)
[2018-09-05 00:13:17] GET /xy.exe?antwort=dom.GetObject('HM_ZISTERNE_volUsage10d').State(-121.00)
[2018-09-05 00:13:17] Writing measurement data to SD Card
[2018-09-05 00:13:17] GET /xy.exe?antwort=dom.GetObject('HM_ZISTERNE_volActual').State(1916.00)
[2018-09-05 00:13:17] GET /xy.exe?antwort=dom.GetObject('HM_ZISTERNE_rSignalHealth').State(98.00)
[2018-09-05 00:13:17] GET /xy.exe?antwort=dom.GetObject('HM_ZISTERNE_prcActual').State(30.00)
[2018-09-05 00:13:17] GET /xy.exe?antwort=dom.GetObject('HM_ZISTERNE_stError').State(0.00)
[2018-09-05 01:12:07] Time updated by NTP
[2018-09-05 01:13:27] Datapoint 6614 received 0.000000
[2018-09-05 01:13:27] Rain in last 24h from weather station [mm]: 0.00
[2018-09-05 01:13:27] Writing measurement data to SD Card
[2018-09-05 01:13:27] GET /xy.exe?antwort=dom.GetObject('HM_ZISTERNE_volActual').State(1916.00)
[2018-09-05 01:13:27] GET /xy.exe?antwort=dom.GetObject('HM_ZISTERNE_rSignalHealth').State(100.00)
[2018-09-05 01:13:27] GET /xy.exe?antwort=dom.GetObject('HM_ZISTERNE_prcActual').State(30.00)
[2018-09-05 01:13:27] GET /xy.exe?antwort=dom.GetObject('HM_ZISTERNE_stError').State(0.00)
[2018-09-05 02:12:22] Time updated by NTP
[2018-09-05 02:13:37] Datapoint 6614 received 0.000000
[2018-09-05 02:13:37] Rain in last 24h from weather station [mm]: 0.00
[2018-09-05 02:13:37] Writing measurement data to SD Card
[2018-09-05 02:13:37] GET /xy.exe?antwort=dom.GetObject('HM_ZISTERNE_volActual').State(1916.00)
[2018-09-05 02:13:37] GET /xy.exe?antwort=dom.GetObject('HM_ZISTERNE_rSignalHealth').State(100.00)
[2018-09-05 02:13:37] GET /xy.exe?antwort=dom.GetObject('HM_ZISTERNE_prcActual').State(30.00)
[2018-09-05 02:13:37] GET /xy.exe?antwort=dom.GetObject('HM_ZISTERNE_stError').State(0.00)
[2018-09-05 03:12:39] Time updated by NTP
[2018-09-05 03:13:47] Datapoint 6614 received 0.000000
[2018-09-05 03:13:47] Rain in last 24h from weather station [mm]: 0.00
[2018-09-05 03:13:47] Writing measurement data to SD Card
[2018-09-05 03:13:47] GET /xy.exe?antwort=dom.GetObject('HM_ZISTERNE_volActual').State(1916.00)
[2018-09-05 03:13:47] GET /xy.exe?antwort=dom.GetObject('HM_ZISTERNE_rSignalHealth').State(100.00)
[2018-09-05 03:13:47] GET /xy.exe?antwort=dom.GetObject('HM_ZISTERNE_prcActual').State(30.00)
[2018-09-05 03:13:48] GET /xy.exe?antwort=dom.GetObject('HM_ZISTERNE_stError').State(0.00)
[2018-09-05 04:12:54] Time updated by NTP
[2018-09-05 04:13:57] Datapoint 6614 received 0.000000
[2018-09-05 04:13:57] Rain in last 24h from weather station [mm]: 0.00
[2018-09-05 04:13:57] Writing measurement data to SD Card
[2018-09-05 04:13:57] GET /xy.exe?antwort=dom.GetObject('HM_ZISTERNE_volActual').State(1910.00)
[2018-09-05 04:13:57] GET /xy.exe?antwort=dom.GetObject('HM_ZISTERNE_rSignalHealth').State(100.00)
[2018-09-05 04:13:57] GET /xy.exe?antwort=dom.GetObject('HM_ZISTERNE_prcActual').State(30.00)
[2018-09-05 04:13:57] GET /xy.exe?antwort=dom.GetObject('HM_ZISTERNE_stError').State(0.00)
[2018-09-05 05:12:11] Time updated by NTP
[2018-09-05 05:14:07] Datapoint 6614 received 0.000000
[2018-09-05 05:14:07] Rain in last 24h from weather station [mm]: 0.00
[2018-09-05 05:14:07] Writing measurement data to SD Card
[2018-09-05 05:14:08] GET /xy.exe?antwort=dom.GetObject('HM_ZISTERNE_volActual').State(1900.00)
[2018-09-05 05:14:08] GET /xy.exe?antwort=dom.GetObject('HM_ZISTERNE_rSignalHealth').State(100.00)
[2018-09-05 05:14:08] GET /xy.exe?antwort=dom.GetObject('HM_ZISTERNE_prcActual').State(30.00)
[2018-09-05 05:14:08] GET /xy.exe?antwort=dom.GetObject('HM_ZISTERNE_stError').State(0.00)
[2018-09-05 06:12:26] Time updated by NTP
[2018-09-05 06:14:17] Datapoint 6614 received 0.000000
[2018-09-05 06:14:17] Rain in last 24h from weather station [mm]: 0.00
[2018-09-05 06:14:17] Writing measurement data to SD Card
[2018-09-05 06:14:17] GET /xy.exe?antwort=dom.GetObject('HM_ZISTERNE_volActual').State(1897.00)
[2018-09-05 06:14:17] GET /xy.exe?antwort=dom.GetObject('HM_ZISTERNE_rSignalHealth').State(98.00)
[2018-09-05 06:14:17] GET /xy.exe?antwort=dom.GetObject('HM_ZISTERNE_prcActual').State(30.00)
[2018-09-05 06:14:17] GET /xy.exe?antwort=dom.GetObject('HM_ZISTERNE_stError').State(0.00)
[2018-09-05 07:12:43] Time updated by NTP
[2018-09-05 07:14:28] Datapoint 6614 received 0.000000
[2018-09-05 07:14:28] Rain in last 24h from weather station [mm]: 0.00
[2018-09-05 07:14:28] Writing measurement data to SD Card
[2018-09-05 07:14:28] GET /xy.exe?antwort=dom.GetObject('HM_ZISTERNE_volActual').State(1894.00)
[2018-09-05 07:14:28] GET /xy.exe?antwort=dom.GetObject('HM_ZISTERNE_rSignalHealth').State(98.00)
[2018-09-05 07:14:28] GET /xy.exe?antwort=dom.GetObject('HM_ZISTERNE_prcActual').State(30.00)
[2018-09-05 07:14:28] GET /xy.exe?antwort=dom.GetObject('HM_ZISTERNE_stError').State(0.00)
[2018-09-05 08:12:58] Time updated by NTP
[2018-09-05 08:14:37] Datapoint 6614 received 0.000000
[2018-09-05 08:14:37] Rain in last 24h from weather station [mm]: 0.00
[2018-09-05 08:14:37] Writing measurement data to SD Card
[2018-09-05 08:14:37] GET /xy.exe?antwort=dom.GetObject('HM_ZISTERNE_volActual').State(1894.00)
[2018-09-05 08:14:37] GET /xy.exe?antwort=dom.GetObject('HM_ZISTERNE_rSignalHealth').State(98.00)
[2018-09-05 08:14:37] GET /xy.exe?antwort=dom.GetObject('HM_ZISTERNE_prcActual').State(30.00)
[2018-09-05 08:14:38] GET /xy.exe?antwort=dom.GetObject('HM_ZISTERNE_stError').State(0.00)
[2018-09-05 09:13:15] Time updated by NTP
[2018-09-05 09:14:48] Datapoint 6614 received 0.000000
[2018-09-05 09:14:48] Rain in last 24h from weather station [mm]: 0.00
[2018-09-05 09:14:48] Writing measurement data to SD Card
[2018-09-05 09:14:48] GET /xy.exe?antwort=dom.GetObject('HM_ZISTERNE_volActual').State(1894.00)
[2018-09-05 09:14:48] GET /xy.exe?antwort=dom.GetObject('HM_ZISTERNE_rSignalHealth').State(98.00)
[2018-09-05 09:14:48] GET /xy.exe?antwort=dom.GetObject('HM_ZISTERNE_prcActual').State(30.00)
[2018-09-05 09:14:48] GET /xy.exe?antwort=dom.GetObject('HM_ZISTERNE_stError').State(0.00)
[2018-09-05 10:13:30] Time updated by NTP
[2018-09-05 10:14:57] Datapoint 6614 received 0.000000
[2018-09-05 10:14:57] Rain in last 24h from weather station [mm]: 0.00
[2018-09-05 10:14:57] Writing measurement data to SD Card
[2018-09-05 10:14:58] GET /xy.exe?antwort=dom.GetObject('HM_ZISTERNE_volActual').State(1894.00)
[2018-09-05 10:14:58] GET /xy.exe?antwort=dom.GetObject('HM_ZISTERNE_rSignalHealth').State(99.00)
[2018-09-05 10:14:58] GET /xy.exe?antwort=dom.GetObject('HM_ZISTERNE_prcActual').State(30.00)
[2018-09-05 10:14:58] GET /xy.exe?antwort=dom.GetObject('HM_ZISTERNE_stError').State(0.00)
[2018-09-05 11:13:47] Time updated by NTP
[2018-09-05 11:15:08] Datapoint 6614 received 0.000000
[2018-09-05 11:15:08] Rain in last 24h from weather station [mm]: 0.00
[2018-09-05 11:15:08] Writing measurement data to SD Card
[2018-09-05 11:15:08] GET /xy.exe?antwort=dom.GetObject('HM_ZISTERNE_volActual').State(1894.00)
[2018-09-05 11:15:08] GET /xy.exe?antwort=dom.GetObject('HM_ZISTERNE_rSignalHealth').State(99.00)
[2018-09-05 11:15:08] GET /xy.exe?antwort=dom.GetObject('HM_ZISTERNE_prcActual').State(30.00)
[2018-09-05 11:15:08] GET /xy.exe?antwort=dom.GetObject('HM_ZISTERNE_stError').State(0.00)
[2018-09-05 12:14:02] Time updated by NTP
[2018-09-05 12:15:18] Datapoint 6614 received 0.000000
[2018-09-05 12:15:18] Rain in last 24h from weather station [mm]: 0.00
[2018-09-05 12:15:18] Writing measurement data to SD Card
[2018-09-05 12:15:18] GET /xy.exe?antwort=dom.GetObject('HM_ZISTERNE_volActual').State(1894.00)
[2018-09-05 12:15:18] GET /xy.exe?antwort=dom.GetObject('HM_ZISTERNE_rSignalHealth').State(100.00)
[2018-09-05 12:15:18] GET /xy.exe?antwort=dom.GetObject('HM_ZISTERNE_prcActual').State(30.00)
[2018-09-05 12:15:18] GET /xy.exe?antwort=dom.GetObject('HM_ZISTERNE_stError').State(0.00)
[2018-09-05 13:15:18] Datapoint 6614 received 0.000000
[2018-09-05 13:15:18] Rain in last 24h from weather station [mm]: 0.00
[2018-09-05 13:15:18] Writing measurement data to SD Card
[2018-09-05 13:15:18] GET /xy.exe?antwort=dom.GetObject('HM_ZISTERNE_volActual').State(1894.00)
[2018-09-05 13:15:18] GET /xy.exe?antwort=dom.GetObject('HM_ZISTERNE_rSignalHealth').State(100.00)
[2018-09-05 13:15:18] GET /xy.exe?antwort=dom.GetObject('HM_ZISTERNE_prcActual').State(30.00)
[2018-09-05 13:15:19] GET /xy.exe?antwort=dom.GetObject('HM_ZISTERNE_stError').State(0.00)
[2018-09-05 14:13:34] Time updated by NTP
[2018-09-05 14:15:38] Datapoint 6614 received 0.000000
[2018-09-05 14:15:38] Rain in last 24h from weather station [mm]: 0.00
[2018-09-05 14:15:38] Writing measurement data to SD Card
[2018-09-05 14:15:38] GET /xy.exe?antwort=dom.GetObject('HM_ZISTERNE_volActual').State(1894.00)
[2018-09-05 14:15:38] GET /xy.exe?antwort=dom.GetObject('HM_ZISTERNE_rSignalHealth').State(100.00)
[2018-09-05 14:15:38] GET /xy.exe?antwort=dom.GetObject('HM_ZISTERNE_prcActual').State(30.00)
[2018-09-05 14:15:38] GET /xy.exe?antwort=dom.GetObject('HM_ZISTERNE_stError').State(0.00)
[2018-09-05 15:13:50] Time updated by NTP
[2018-09-05 15:15:48] Datapoint 6614 received 0.000000
[2018-09-05 15:15:48] Rain in last 24h from weather station [mm]: 0.00
[2018-09-05 15:15:48] Writing measurement data to SD Card
[2018-09-05 15:15:49] GET /xy.exe?antwort=dom.GetObject('HM_ZISTERNE_volActual').State(1894.00)
[2018-09-05 15:15:49] GET /xy.exe?antwort=dom.GetObject('HM_ZISTERNE_rSignalHealth').State(100.00)
[2018-09-05 15:15:49] GET /xy.exe?antwort=dom.GetObject('HM_ZISTERNE_prcActual').State(30.00)
[2018-09-05 15:15:49] GET /xy.exe?antwort=dom.GetObject('HM_ZISTERNE_stError').State(0.00)
[2018-09-05 16:14:06] Time updated by NTP
[2018-09-05 16:15:58] Datapoint 6614 received 0.000000
[2018-09-05 16:15:58] Rain in last 24h from weather station [mm]: 0.00
[2018-09-05 16:15:58] Writing measurement data to SD Card
[2018-09-05 16:15:58] GET /xy.exe?antwort=dom.GetObject('HM_ZISTERNE_volActual').State(1894.00)
[2018-09-05 16:15:58] GET /xy.exe?antwort=dom.GetObject('HM_ZISTERNE_rSignalHealth').State(100.00)
[2018-09-05 16:15:58] GET /xy.exe?antwort=dom.GetObject('HM_ZISTERNE_prcActual').State(30.00)
[2018-09-05 16:15:58] GET /xy.exe?antwort=dom.GetObject('HM_ZISTERNE_stError').State(0.00)
[2018-09-05 17:14:22] Time updated by NTP
[2018-09-05 17:16:09] Datapoint 6614 received 0.000000
[2018-09-05 17:16:09] Rain in last 24h from weather station [mm]: 0.00
[2018-09-05 17:16:09] Writing measurement data to SD Card
[2018-09-05 17:16:09] GET /xy.exe?antwort=dom.GetObject('HM_ZISTERNE_volActual').State(1850.00)
[2018-09-05 17:16:09] GET /xy.exe?antwort=dom.GetObject('HM_ZISTERNE_rSignalHealth').State(100.00)
[2018-09-05 17:16:09] GET /xy.exe?antwort=dom.GetObject('HM_ZISTERNE_prcActual').State(29.00)
[2018-09-05 17:16:09] GET /xy.exe?antwort=dom.GetObject('HM_ZISTERNE_stError').State(0.00)
[2018-09-05 18:14:39] Time updated by NTP
[2018-09-05 18:16:19] Datapoint 6614 received 0.000000
[2018-09-05 18:16:19] Rain in last 24h from weather station [mm]: 0.00
[2018-09-05 18:16:19] Writing measurement data to SD Card
[2018-09-05 18:16:19] GET /xy.exe?antwort=dom.GetObject('HM_ZISTERNE_volActual').State(1844.00)
[2018-09-05 18:16:19] GET /xy.exe?antwort=dom.GetObject('HM_ZISTERNE_rSignalHealth').State(98.00)
[2018-09-05 18:16:19] GET /xy.exe?antwort=dom.GetObject('HM_ZISTERNE_prcActual').State(29.00)
[2018-09-05 18:16:19] GET /xy.exe?antwort=dom.GetObject('HM_ZISTERNE_stError').State(0.00)
[2018-09-05 19:14:54] Time updated by NTP
[2018-09-05 19:16:29] Datapoint 6614 received 0.000000
[2018-09-05 19:16:29] Rain in last 24h from weather station [mm]: 0.00
[2018-09-05 19:16:29] Writing measurement data to SD Card
[2018-09-05 19:16:29] GET /xy.exe?antwort=dom.GetObject('HM_ZISTERNE_volActual').State(1844.00)
[2018-09-05 19:16:29] GET /xy.exe?antwort=dom.GetObject('HM_ZISTERNE_rSignalHealth').State(100.00)
[2018-09-05 19:16:29] GET /xy.exe?antwort=dom.GetObject('HM_ZISTERNE_prcActual').State(29.00)
[2018-09-05 19:16:29] GET /xy.exe?antwort=dom.GetObject('HM_ZISTERNE_stError').State(0.00)
[2018-09-05 20:15:11] Time updated by NTP
[2018-09-05 20:16:39] Datapoint 6614 received 0.000000
[2018-09-05 20:16:39] Rain in last 24h from weather station [mm]: 0.00
[2018-09-05 20:16:39] Writing measurement data to SD Card
[2018-09-05 20:16:39] GET /xy.exe?antwort=dom.GetObject('HM_ZISTERNE_volActual').State(1834.00)
[2018-09-05 20:16:40] GET /xy.exe?antwort=dom.GetObject('HM_ZISTERNE_rSignalHealth').State(98.00)
[2018-09-05 20:16:40] GET /xy.exe?antwort=dom.GetObject('HM_ZISTERNE_prcActual').State(29.00)
[2018-09-05 20:16:40] GET /xy.exe?antwort=dom.GetObject('HM_ZISTERNE_stError').State(0.00)
[2018-09-05 21:15:26] Time updated by NTP
[2018-09-05 21:16:49] Datapoint 6614 received 0.000000
[2018-09-05 21:16:49] Rain in last 24h from weather station [mm]: 0.00
[2018-09-05 21:16:49] Writing measurement data to SD Card
[2018-09-05 21:16:49] GET /xy.exe?antwort=dom.GetObject('HM_ZISTERNE_volActual').State(1834.00)
[2018-09-05 21:16:49] GET /xy.exe?antwort=dom.GetObject('HM_ZISTERNE_rSignalHealth').State(98.00)
[2018-09-05 21:16:49] GET /xy.exe?antwort=dom.GetObject('HM_ZISTERNE_prcActual').State(29.00)
[2018-09-05 21:16:49] GET /xy.exe?antwort=dom.GetObject('HM_ZISTERNE_stError').State(0.00)
[2018-09-05 22:15:43] Time updated by NTP
[2018-09-05 22:17:00] Datapoint 6614 received 0.000000
[2018-09-05 22:17:00] Rain in last 24h from weather station [mm]: 0.00
[2018-09-05 22:17:00] Writing measurement data to SD Card
[2018-09-05 22:17:00] GET /xy.exe?antwort=dom.GetObject('HM_ZISTERNE_volActual').State(1831.00)
[2018-09-05 22:17:00] GET /xy.exe?antwort=dom.GetObject('HM_ZISTERNE_rSignalHealth').State(100.00)
[2018-09-05 22:17:00] GET /xy.exe?antwort=dom.GetObject('HM_ZISTERNE_prcActual').State(29.00)
[2018-09-05 22:17:00] GET /xy.exe?antwort=dom.GetObject('HM_ZISTERNE_stError').State(0.00)
[2018-09-05 23:15:59] Time updated by NTP
[2018-09-05 23:17:10] Datapoint 6614 received 0.000000
[2018-09-05 23:17:10] Rain in last 24h from weather station [mm]: 0.00
[2018-09-05 23:17:10] Writing measurement data to SD Card
[2018-09-05 23:17:10] GET /xy.exe?antwort=dom.GetObject('HM_ZISTERNE_volActual').State(1831.00)
[2018-09-05 23:17:10] GET /xy.exe?antwort=dom.GetObject('HM_ZISTERNE_rSignalHealth').State(100.00)
[2018-09-05 23:17:10] GET /xy.exe?antwort=dom.GetObject('HM_ZISTERNE_prcActual').State(29.00)
[2018-09-05 23:17:10] GET /xy.exe?antwort=dom.GetObject('HM_ZISTERNE_stError').State(0.00)
[2018-09-06 00:15:15] Time updated by NTP
[2018-09-06 00:17:20] Datapoint 6614 received 0.000000
[2018-09-06 00:17:20] Rain in last 24h from weather station [mm]: 0.00
[2018-09-06 00:17:20] GET /xy.exe?antwort=dom.GetObject('HM_ZISTERNE_volUsage').State(-85.00)
[2018-09-06 00:17:20] GET /xy.exe?antwort=dom.GetObject('HM_ZISTERNE_volUsage10d').State(-117.00)
[2018-09-06 00:17:20] Writing measurement data to SD Card
[2018-09-06 00:17:20] GET /xy.exe?antwort=dom.GetObject('HM_ZISTERNE_volActual').State(1831.00)
[2018-09-06 00:17:20] GET /xy.exe?antwort=dom.GetObject('HM_ZISTERNE_rSignalHealth').State(100.00)
[2018-09-06 00:17:20] GET /xy.exe?antwort=dom.GetObject('HM_ZISTERNE_prcActual').State(29.00)
[2018-09-06 00:17:20] GET /xy.exe?antwort=dom.GetObject('HM_ZISTERNE_stError').State(0.00)
[2018-09-06 01:15:31] Time updated by NTP
[2018-09-06 01:17:30] Datapoint 6614 received 0.000000
[2018-09-06 01:17:30] Rain in last 24h from weather station [mm]: 0.00
[2018-09-06 01:17:30] Writing measurement data to SD Card
[2018-09-06 01:17:30] GET /xy.exe?antwort=dom.GetObject('HM_ZISTERNE_volActual').State(1831.00)
[2018-09-06 01:17:31] GET /xy.exe?antwort=dom.GetObject('HM_ZISTERNE_rSignalHealth').State(100.00)
[2018-09-06 01:17:31] GET /xy.exe?antwort=dom.GetObject('HM_ZISTERNE_prcActual').State(29.00)
[2018-09-06 01:17:31] GET /xy.exe?antwort=dom.GetObject('HM_ZISTERNE_stError').State(0.00)
[2018-09-06 02:15:47] Time updated by NTP
[2018-09-06 02:17:40] Datapoint 6614 received 0.000000
[2018-09-06 02:17:40] Rain in last 24h from weather station [mm]: 0.00
[2018-09-06 02:17:40] Writing measurement data to SD Card
[2018-09-06 02:17:40] GET /xy.exe?antwort=dom.GetObject('HM_ZISTERNE_volActual').State(1828.00)
[2018-09-06 02:17:40] GET /xy.exe?antwort=dom.GetObject('HM_ZISTERNE_rSignalHealth').State(98.00)
[2018-09-06 02:17:40] GET /xy.exe?antwort=dom.GetObject('HM_ZISTERNE_prcActual').State(29.00)
[2018-09-06 02:17:40] GET /xy.exe?antwort=dom.GetObject('HM_ZISTERNE_stError').State(0.00)
[2018-09-06 03:16:03] Time updated by NTP
[2018-09-06 03:17:51] Datapoint 6614 received 0.000000
[2018-09-06 03:17:51] Rain in last 24h from weather station [mm]: 0.00
[2018-09-06 03:17:51] Writing measurement data to SD Card
[2018-09-06 03:17:51] GET /xy.exe?antwort=dom.GetObject('HM_ZISTERNE_volActual').State(1828.00)
[2018-09-06 03:17:51] GET /xy.exe?antwort=dom.GetObject('HM_ZISTERNE_rSignalHealth').State(98.00)
[2018-09-06 03:17:51] GET /xy.exe?antwort=dom.GetObject('HM_ZISTERNE_prcActual').State(29.00)
[2018-09-06 03:17:51] GET /xy.exe?antwort=dom.GetObject('HM_ZISTERNE_stError').State(0.00)
[2018-09-06 04:16:20] Time updated by NTP
[2018-09-06 04:18:01] Datapoint 6614 received 0.000000
[2018-09-06 04:18:01] Rain in last 24h from weather station [mm]: 0.00
[2018-09-06 04:18:01] Writing measurement data to SD Card
[2018-09-06 04:18:01] GET /xy.exe?antwort=dom.GetObject('HM_ZISTERNE_volActual').State(1818.00)
[2018-09-06 04:18:01] GET /xy.exe?antwort=dom.GetObject('HM_ZISTERNE_rSignalHealth').State(98.00)
[2018-09-06 04:18:01] GET /xy.exe?antwort=dom.GetObject('HM_ZISTERNE_prcActual').State(28.00)
[2018-09-06 04:18:01] GET /xy.exe?antwort=dom.GetObject('HM_ZISTERNE_stError').State(0.00)
[2018-09-06 05:16:35] Time updated by NTP
[2018-09-06 05:18:11] Datapoint 6614 received 0.000000
[2018-09-06 05:18:11] Rain in last 24h from weather station [mm]: 0.00
[2018-09-06 05:18:11] Writing measurement data to SD Card
[2018-09-06 05:18:11] GET /xy.exe?antwort=dom.GetObject('HM_ZISTERNE_volActual').State(1818.00)
[2018-09-06 05:18:11] GET /xy.exe?antwort=dom.GetObject('HM_ZISTERNE_rSignalHealth').State(100.00)
[2018-09-06 05:18:11] GET /xy.exe?antwort=dom.GetObject('HM_ZISTERNE_prcActual').State(28.00)
[2018-09-06 05:18:11] GET /xy.exe?antwort=dom.GetObject('HM_ZISTERNE_stError').State(0.00)
[2018-09-06 06:16:52] Time updated by NTP
[2018-09-06 06:18:21] Datapoint 6614 received 0.000000
[2018-09-06 06:18:21] Rain in last 24h from weather station [mm]: 0.00
[2018-09-06 06:18:21] Writing measurement data to SD Card
[2018-09-06 06:18:21] GET /xy.exe?antwort=dom.GetObject('HM_ZISTERNE_volActual').State(1815.00)
[2018-09-06 06:18:21] GET /xy.exe?antwort=dom.GetObject('HM_ZISTERNE_rSignalHealth').State(100.00)
[2018-09-06 06:18:22] GET /xy.exe?antwort=dom.GetObject('HM_ZISTERNE_prcActual').State(28.00)
[2018-09-06 06:18:22] GET /xy.exe?antwort=dom.GetObject('HM_ZISTERNE_stError').State(0.00)
[2018-09-06 07:17:07] Time updated by NTP
[2018-09-06 07:18:31] Datapoint 6614 received 0.000000
[2018-09-06 07:18:31] Rain in last 24h from weather station [mm]: 0.00
[2018-09-06 07:18:31] Writing measurement data to SD Card
[2018-09-06 07:18:31] GET /xy.exe?antwort=dom.GetObject('HM_ZISTERNE_volActual').State(1815.00)
[2018-09-06 07:18:31] GET /xy.exe?antwort=dom.GetObject('HM_ZISTERNE_rSignalHealth').State(100.00)
[2018-09-06 07:18:31] GET /xy.exe?antwort=dom.GetObject('HM_ZISTERNE_prcActual').State(28.00)
[2018-09-06 07:18:31] GET /xy.exe?antwort=dom.GetObject('HM_ZISTERNE_stError').State(0.00)
[2018-09-06 08:17:24] Time updated by NTP
[2018-09-06 08:18:42] Datapoint 6614 received 0.000000
[2018-09-06 08:18:42] Rain in last 24h from weather station [mm]: 0.00
[2018-09-06 08:18:42] Writing measurement data to SD Card
[2018-09-06 08:18:42] GET /xy.exe?antwort=dom.GetObject('HM_ZISTERNE_volActual').State(1815.00)
[2018-09-06 08:18:42] GET /xy.exe?antwort=dom.GetObject('HM_ZISTERNE_rSignalHealth').State(100.00)
[2018-09-06 08:18:42] GET /xy.exe?antwort=dom.GetObject('HM_ZISTERNE_prcActual').State(28.00)
[2018-09-06 08:18:42] GET /xy.exe?antwort=dom.GetObject('HM_ZISTERNE_stError').State(0.00)
[2018-09-06 09:16:40] Time updated by NTP
[2018-09-06 09:18:52] Datapoint 6614 received 0.000000
[2018-09-06 09:18:52] Rain in last 24h from weather station [mm]: 0.00
[2018-09-06 09:18:52] Writing measurement data to SD Card
[2018-09-06 09:18:52] GET /xy.exe?antwort=dom.GetObject('HM_ZISTERNE_volActual').State(1815.00)
[2018-09-06 09:18:52] GET /xy.exe?antwort=dom.GetObject('HM_ZISTERNE_rSignalHealth').State(100.00)
[2018-09-06 09:18:52] GET /xy.exe?antwort=dom.GetObject('HM_ZISTERNE_prcActual').State(28.00)
[2018-09-06 09:18:52] GET /xy.exe?antwort=dom.GetObject('HM_ZISTERNE_stError').State(0.00)
[2018-09-06 10:16:56] Time updated by NTP
[2018-09-06 10:19:02] Datapoint 6614 received 0.000000
[2018-09-06 10:19:02] Rain in last 24h from weather station [mm]: 0.00
[2018-09-06 10:19:02] Writing measurement data to SD Card
[2018-09-06 10:19:02] GET /xy.exe?antwort=dom.GetObject('HM_ZISTERNE_volActual').State(1812.00)
[2018-09-06 10:19:02] GET /xy.exe?antwort=dom.GetObject('HM_ZISTERNE_rSignalHealth').State(98.00)
[2018-09-06 10:19:02] GET /xy.exe?antwort=dom.GetObject('HM_ZISTERNE_prcActual').State(28.00)
[2018-09-06 10:19:02] GET /xy.exe?antwort=dom.GetObject('HM_ZISTERNE_stError').State(0.00)
[2018-09-06 11:17:12] Time updated by NTP
[2018-09-06 11:19:12] Datapoint 6614 received 0.000000
[2018-09-06 11:19:12] Rain in last 24h from weather station [mm]: 0.00
[2018-09-06 11:19:12] Writing measurement data to SD Card
[2018-09-06 11:19:12] GET /xy.exe?antwort=dom.GetObject('HM_ZISTERNE_volActual').State(1812.00)
[2018-09-06 11:19:13] GET /xy.exe?antwort=dom.GetObject('HM_ZISTERNE_rSignalHealth').State(98.00)
[2018-09-06 11:19:13] GET /xy.exe?antwort=dom.GetObject('HM_ZISTERNE_prcActual').State(28.00)
[2018-09-06 11:19:13] GET /xy.exe?antwort=dom.GetObject('HM_ZISTERNE_stError').State(0.00)
[2018-09-06 12:17:28] Time updated by NTP
[2018-09-06 12:19:22] Datapoint 6614 received 0.000000
[2018-09-06 12:19:22] Rain in last 24h from weather station [mm]: 0.00
[2018-09-06 12:19:22] Writing measurement data to SD Card
[2018-09-06 12:19:22] GET /xy.exe?antwort=dom.GetObject('HM_ZISTERNE_volActual').State(1812.00)
[2018-09-06 12:19:22] GET /xy.exe?antwort=dom.GetObject('HM_ZISTERNE_rSignalHealth').State(98.00)
[2018-09-06 12:19:22] GET /xy.exe?antwort=dom.GetObject('HM_ZISTERNE_prcActual').State(28.00)
[2018-09-06 12:19:22] GET /xy.exe?antwort=dom.GetObject('HM_ZISTERNE_stError').State(0.00)
[2018-09-06 13:17:44] Time updated by NTP
[2018-09-06 13:19:33] Datapoint 6614 received 0.000000
[2018-09-06 13:19:33] Rain in last 24h from weather station [mm]: 0.00
[2018-09-06 13:19:33] Writing measurement data to SD Card
[2018-09-06 13:19:33] GET /xy.exe?antwort=dom.GetObject('HM_ZISTERNE_volActual').State(1809.00)
[2018-09-06 13:19:33] GET /xy.exe?antwort=dom.GetObject('HM_ZISTERNE_rSignalHealth').State(98.00)
[2018-09-06 13:19:33] GET /xy.exe?antwort=dom.GetObject('HM_ZISTERNE_prcActual').State(28.00)
[2018-09-06 13:19:33] GET /xy.exe?antwort=dom.GetObject('HM_ZISTERNE_stError').State(0.00)
[2018-09-06 14:18:01] Time updated by NTP
[2018-09-06 14:19:43] Datapoint 6614 received 0.000000
[2018-09-06 14:19:43] Rain in last 24h from weather station [mm]: 0.00
[2018-09-06 14:19:43] Writing measurement data to SD Card
[2018-09-06 14:19:43] GET /xy.exe?antwort=dom.GetObject('HM_ZISTERNE_volActual').State(1806.00)
[2018-09-06 14:19:43] GET /xy.exe?antwort=dom.GetObject('HM_ZISTERNE_rSignalHealth').State(100.00)
[2018-09-06 14:19:43] GET /xy.exe?antwort=dom.GetObject('HM_ZISTERNE_prcActual').State(28.00)
[2018-09-06 14:19:43] GET /xy.exe?antwort=dom.GetObject('HM_ZISTERNE_stError').State(0.00)
[2018-09-06 15:18:16] Time updated by NTP
[2018-09-06 15:19:53] Datapoint 6614 received 0.000000
[2018-09-06 15:19:53] Rain in last 24h from weather station [mm]: 0.00
[2018-09-06 15:19:53] Writing measurement data to SD Card
[2018-09-06 15:19:53] GET /xy.exe?antwort=dom.GetObject('HM_ZISTERNE_volActual').State(1796.00)
[2018-09-06 15:19:53] GET /xy.exe?antwort=dom.GetObject('HM_ZISTERNE_rSignalHealth').State(100.00)
[2018-09-06 15:19:53] GET /xy.exe?antwort=dom.GetObject('HM_ZISTERNE_prcActual').State(28.00)
[2018-09-06 15:19:53] GET /xy.exe?antwort=dom.GetObject('HM_ZISTERNE_stError').State(0.00)
[2018-09-06 16:18:33] Time updated by NTP
[2018-09-06 16:20:03] Datapoint 6614 received 0.000000
[2018-09-06 16:20:03] Rain in last 24h from weather station [mm]: 0.00
[2018-09-06 16:20:03] Writing measurement data to SD Card
[2018-09-06 16:20:03] GET /xy.exe?antwort=dom.GetObject('HM_ZISTERNE_volActual').State(1790.00)
[2018-09-06 16:20:04] GET /xy.exe?antwort=dom.GetObject('HM_ZISTERNE_rSignalHealth').State(98.00)
[2018-09-06 16:20:04] GET /xy.exe?antwort=dom.GetObject('HM_ZISTERNE_prcActual').State(28.00)
[2018-09-06 16:20:04] GET /xy.exe?antwort=dom.GetObject('HM_ZISTERNE_stError').State(0.00)
[2018-09-06 17:18:48] Time updated by NTP
[2018-09-06 17:19:56] Timeout US measurement detected
[2018-09-06 17:20:13] Datapoint 6614 received 3.250000
[2018-09-06 17:20:13] Rain in last 24h from weather station [mm]: 3.25
[2018-09-06 17:20:13] Writing measurement data to SD Card
[2018-09-06 17:20:13] GET /xy.exe?antwort=dom.GetObject('HM_ZISTERNE_volActual').State(2114.00)
[2018-09-06 17:20:13] GET /xy.exe?antwort=dom.GetObject('HM_ZISTERNE_rSignalHealth').State(99.00)
[2018-09-06 17:20:13] GET /xy.exe?antwort=dom.GetObject('HM_ZISTERNE_prcActual').State(33.00)
[2018-09-06 17:20:13] GET /xy.exe?antwort=dom.GetObject('HM_ZISTERNE_stError').State(0.00)
[2018-09-06 18:18:04] Time updated by NTP
[2018-09-06 18:20:24] Datapoint 6614 received 5.900000
[2018-09-06 18:20:24] Rain in last 24h from weather station [mm]: 5.90
[2018-09-06 18:20:24] Writing measurement data to SD Card
[2018-09-06 18:20:24] GET /xy.exe?antwort=dom.GetObject('HM_ZISTERNE_volActual').State(2541.00)
[2018-09-06 18:20:24] GET /xy.exe?antwort=dom.GetObject('HM_ZISTERNE_rSignalHealth').State(97.00)
[2018-09-06 18:20:24] GET /xy.exe?antwort=dom.GetObject('HM_ZISTERNE_prcActual').State(40.00)
[2018-09-06 18:20:24] GET /xy.exe?antwort=dom.GetObject('HM_ZISTERNE_stError').State(0.00)
[2018-09-06 18:21:39] Writing headline for measurement data to SD Card
