[2018-08-28 20:16:54] Timeout US measurement detected
[2018-08-28 20:16:54] Timeout US measurement detected
[2018-08-28 20:16:54] Timeout US measurement detected
[2018-08-28 20:16:54] Timeout US measurement detected
[2018-08-28 20:16:54] Timeout US measurement detected
[2018-08-28 20:16:54] Timeout US measurement detected
[2018-08-28 20:16:54] Timeout US measurement detected
[2018-08-28 20:16:54] Timeout US measurement detected
[2018-08-28 20:16:54] Timeout US measurement detected
[2018-08-28 20:16:54] Timeout US measurement detected
[2018-08-28 20:16:54] Timeout US measurement detected
[2018-08-28 20:16:54] Timeout US measurement detected
[2018-08-28 20:16:54] Timeout US measurement detected
[2018-08-28 20:16:54] Timeout US measurement detected
[2018-08-28 20:16:54] Timeout US measurement detected
[2018-08-28 20:16:54] Timeout US measurement detected
[2018-08-28 20:18:19] Writing measurement data to SD Card
[2018-08-28 20:18:19] GET /xy.exe?antwort=dom.GetObject('HM_ZISTERNE_volActual').State(612.00)
[2018-08-28 20:18:19] GET /xy.exe?antwort=dom.GetObject('HM_ZISTERNE_rSignalHealth').State(98.00)
[2018-08-28 20:18:19] GET /xy.exe?antwort=dom.GetObject('HM_ZISTERNE_prcActual').State(9.00)
[2018-08-28 20:18:19] GET /xy.exe?antwort=dom.GetObject('HM_ZISTERNE_stError').State(0.00)
[2018-08-28 20:18:19] GET /xy.exe?antwort=dom.GetObject('HM_ZISTERNE_stFiltChkErr').State(0.00)
[2018-08-28 20:18:19] Refilling required
[2018-08-28 20:18:19] Refilling on. Duration 60 s
[2018-08-28 20:18:19] Off-Time: 2018-08-28 20:19:19
[2018-08-28 20:19:19] Refilling off, Refilling volume: 20 liter
[2018-08-28 20:19:20] Writing settings to EEP
[2018-08-28 20:19:37] Timeout US measurement detected
[2018-08-28 20:20:15] Timeout US measurement detected
[2018-08-28 20:20:36] Timeout US measurement detected
[2018-08-28 20:20:52] Timeout US measurement detected
[2018-08-28 20:21:00] Writing measurement data to SD Card
[2018-08-28 20:21:00] GET /xy.exe?antwort=dom.GetObject('HM_ZISTERNE_volActual').State(631.00)
[2018-08-28 20:21:00] GET /xy.exe?antwort=dom.GetObject('HM_ZISTERNE_rSignalHealth').State(98.00)
[2018-08-28 20:21:00] GET /xy.exe?antwort=dom.GetObject('HM_ZISTERNE_prcActual').State(10.00)
[2018-08-28 20:21:00] GET /xy.exe?antwort=dom.GetObject('HM_ZISTERNE_stError').State(0.00)
[2018-08-28 20:21:00] GET /xy.exe?antwort=dom.GetObject('HM_ZISTERNE_stFiltChkErr').State(0.00)
[2018-08-28 21:18:10] Time updated by NTP
[2018-08-28 21:18:38] Writing measurement data to SD Card
[2018-08-28 21:18:38] GET /xy.exe?antwort=dom.GetObject('HM_ZISTERNE_volActual').State(628.00)
[2018-08-28 21:18:38] GET /xy.exe?antwort=dom.GetObject('HM_ZISTERNE_rSignalHealth').State(98.00)
[2018-08-28 21:18:38] GET /xy.exe?antwort=dom.GetObject('HM_ZISTERNE_prcActual').State(9.00)
[2018-08-28 21:18:38] GET /xy.exe?antwort=dom.GetObject('HM_ZISTERNE_stError').State(0.00)
[2018-08-28 21:18:38] GET /xy.exe?antwort=dom.GetObject('HM_ZISTERNE_stFiltChkErr').State(0.00)
[2018-08-28 22:17:14] Timeout US measurement detected
[2018-08-28 22:18:39] Writing measurement data to SD Card
[2018-08-28 22:18:39] GET /xy.exe?antwort=dom.GetObject('HM_ZISTERNE_volActual').State(637.00)
[2018-08-28 22:18:39] GET /xy.exe?antwort=dom.GetObject('HM_ZISTERNE_rSignalHealth').State(94.00)
[2018-08-28 22:18:39] GET /xy.exe?antwort=dom.GetObject('HM_ZISTERNE_prcActual').State(10.00)
[2018-08-28 22:18:39] GET /xy.exe?antwort=dom.GetObject('HM_ZISTERNE_stError').State(0.00)
[2018-08-28 22:18:39] GET /xy.exe?antwort=dom.GetObject('HM_ZISTERNE_stFiltChkErr').State(0.00)
[2018-08-28 23:17:41] Time updated by NTP
[2018-08-28 23:18:58] Writing measurement data to SD Card
[2018-08-28 23:18:58] GET /xy.exe?antwort=dom.GetObject('HM_ZISTERNE_volActual').State(625.00)
[2018-08-28 23:18:58] GET /xy.exe?antwort=dom.GetObject('HM_ZISTERNE_rSignalHealth').State(98.00)
[2018-08-28 23:18:58] GET /xy.exe?antwort=dom.GetObject('HM_ZISTERNE_prcActual').State(9.00)
[2018-08-28 23:18:59] GET /xy.exe?antwort=dom.GetObject('HM_ZISTERNE_stError').State(0.00)
[2018-08-28 23:18:59] GET /xy.exe?antwort=dom.GetObject('HM_ZISTERNE_stFiltChkErr').State(0.00)
[2018-08-28 23:18:59] Refilling required
[2018-08-28 23:18:59] Refilling on. Duration 60 s
[2018-08-28 23:18:59] Off-Time: 2018-08-28 23:19:59
[2018-08-28 23:20:00] Refilling off, Refilling volume: 20 liter
[2018-08-28 23:20:00] Writing settings to EEP
[2018-08-28 23:21:40] Writing measurement data to SD Card
[2018-08-28 23:21:42] Connection to CCU failed
[2018-08-28 23:21:44] Connection to CCU failed
[2018-08-28 23:21:46] Connection to CCU failed
[2018-08-28 23:21:47] Connection to CCU failed
[2018-08-28 23:21:49] Connection to CCU failed
[1970-00-00 00:00:00] Initializing SD Card ok
[1970-00-00 00:00:00] Check if fixed ethernet address is used in network
[1970-01-01 00:00:02] Using Fixed IP
[1970-01-01 00:00:02] IP-Address: 192.168.178.5
[2018-08-29 04:02:29] Reading settings from EEP
[2018-08-29 04:02:29] EEP checksum ok 
[2018-08-29 04:02:29] EEPSize 33 Byte
[2018-08-29 04:02:29] System startup
[2018-08-29 04:03:29] Time updated by NTP
[2018-08-29 04:04:09] Writing measurement data to SD Card
[2018-08-29 04:04:09] GET /xy.exe?antwort=dom.GetObject('HM_ZISTERNE_volActual').State(640.00)
[2018-08-29 04:04:09] GET /xy.exe?antwort=dom.GetObject('HM_ZISTERNE_rSignalHealth').State(100.00)
[2018-08-29 04:04:09] GET /xy.exe?antwort=dom.GetObject('HM_ZISTERNE_prcActual').State(10.00)
[2018-08-29 04:04:09] GET /xy.exe?antwort=dom.GetObject('HM_ZISTERNE_stError').State(0.00)
[2018-08-29 04:04:09] GET /xy.exe?antwort=dom.GetObject('HM_ZISTERNE_stFiltChkErr').State(0.00)
[2018-08-29 05:02:45] Time updated by NTP
[2018-08-29 05:03:10] Timeout US measurement detected
[2018-08-29 05:03:10] Timeout US measurement detected
[2018-08-29 05:03:10] Timeout US measurement detected
[2018-08-29 05:03:10] Timeout US measurement detected
[2018-08-29 05:03:45] Timeout US measurement detected
[2018-08-29 05:03:45] Timeout US measurement detected
[2018-08-29 05:03:45] Timeout US measurement detected
[2018-08-29 05:03:45] Timeout US measurement detected
[2018-08-29 05:03:51] Timeout US measurement detected
[2018-08-29 05:03:51] Timeout US measurement detected
[2018-08-29 05:03:54] Timeout US measurement detected
[2018-08-29 05:03:54] Timeout US measurement detected
[2018-08-29 05:04:10] Timeout US measurement detected
[2018-08-29 05:04:10] Timeout US measurement detected
[2018-08-29 05:04:17] Timeout US measurement detected
[2018-08-29 05:04:20] Writing measurement data to SD Card
[2018-08-29 05:04:20] GET /xy.exe?antwort=dom.GetObject('HM_ZISTERNE_volActual').State(631.00)
[2018-08-29 05:04:20] GET /xy.exe?antwort=dom.GetObject('HM_ZISTERNE_rSignalHealth').State(98.00)
[2018-08-29 05:04:20] GET /xy.exe?antwort=dom.GetObject('HM_ZISTERNE_prcActual').State(10.00)
[2018-08-29 05:04:20] GET /xy.exe?antwort=dom.GetObject('HM_ZISTERNE_stError').State(0.00)
[2018-08-29 05:04:20] GET /xy.exe?antwort=dom.GetObject('HM_ZISTERNE_stFiltChkErr').State(0.00)
[2018-08-29 06:03:01] Time updated by NTP
[2018-08-29 06:03:07] Timeout US measurement detected
[2018-08-29 06:03:07] Timeout US measurement detected
[2018-08-29 06:03:34] Timeout US measurement detected
[2018-08-29 06:03:34] Timeout US measurement detected
[2018-08-29 06:04:29] Writing measurement data to SD Card
[2018-08-29 06:04:29] GET /xy.exe?antwort=dom.GetObject('HM_ZISTERNE_volActual').State(625.00)
[2018-08-29 06:04:29] GET /xy.exe?antwort=dom.GetObject('HM_ZISTERNE_rSignalHealth').State(98.00)
[2018-08-29 06:04:29] GET /xy.exe?antwort=dom.GetObject('HM_ZISTERNE_prcActual').State(9.00)
[2018-08-29 06:04:29] GET /xy.exe?antwort=dom.GetObject('HM_ZISTERNE_stError').State(0.00)
[2018-08-29 06:04:29] GET /xy.exe?antwort=dom.GetObject('HM_ZISTERNE_stFiltChkErr').State(0.00)
[2018-08-29 06:04:30] Refilling required
[2018-08-29 06:04:30] Refilling on. Duration 60 s
[2018-08-29 06:04:30] Off-Time: 2018-08-29 06:05:30
[2018-08-29 06:05:30] Refilling off, Refilling volume: 20 liter
[2018-08-29 06:05:31] Writing settings to EEP
[2018-08-29 06:07:11] Writing measurement data to SD Card
[2018-08-29 06:07:13] Connection to CCU failed
[2018-08-29 06:07:15] Connection to CCU failed
[2018-08-29 06:07:17] Connection to CCU failed
[2018-08-29 06:07:18] Connection to CCU failed
[2018-08-29 06:07:20] Connection to CCU failed
[1970-00-00 00:00:00] Initializing SD Card ok
[1970-00-00 00:00:00] Check if fixed ethernet address is used in network
[1970-01-01 00:00:02] Using Fixed IP
[1970-01-01 00:00:02] IP-Address: 192.168.178.5
[2018-08-29 15:06:28] Reading settings from EEP
[2018-08-29 15:06:28] EEP checksum ok 
[2018-08-29 15:06:28] EEPSize 33 Byte
[2018-08-29 15:06:28] System startup
[2018-08-29 15:07:28] Time updated by NTP
[2018-08-29 15:08:08] Writing measurement data to SD Card
[2018-08-29 15:08:08] GET /xy.exe?antwort=dom.GetObject('HM_ZISTERNE_volActual').State(622.00)
[2018-08-29 15:08:08] GET /xy.exe?antwort=dom.GetObject('HM_ZISTERNE_rSignalHealth').State(100.00)
[2018-08-29 15:08:08] GET /xy.exe?antwort=dom.GetObject('HM_ZISTERNE_prcActual').State(9.00)
[2018-08-29 15:08:08] GET /xy.exe?antwort=dom.GetObject('HM_ZISTERNE_stError').State(0.00)
[2018-08-29 15:08:08] GET /xy.exe?antwort=dom.GetObject('HM_ZISTERNE_stFiltChkErr').State(0.00)
[2018-08-29 15:08:08] Refilling required
[2018-08-29 15:08:08] Refilling on. Duration 60 s
[2018-08-29 15:08:08] Off-Time: 2018-08-29 15:09:08
[2018-08-29 15:09:09] Refilling off, Refilling volume: 20 liter
[2018-08-29 15:09:09] Writing settings to EEP
[2018-08-29 15:10:49] Writing measurement data to SD Card
[2018-08-29 15:10:51] Connection to CCU failed
[2018-08-29 15:10:53] Connection to CCU failed
[2018-08-29 15:10:55] Connection to CCU failed
[2018-08-29 15:10:56] Connection to CCU failed
[2018-08-29 15:10:58] Connection to CCU failed
[1970-00-00 00:00:00] Initializing SD Card ok
[1970-00-00 00:00:00] Check if fixed ethernet address is used in network
[1970-01-01 00:00:02] Using Fixed IP
[1970-01-01 00:00:02] IP-Address: 192.168.178.5
[2018-08-29 15:55:01] Reading settings from EEP
[2018-08-29 15:55:01] EEP checksum ok 
[2018-08-29 15:55:01] EEPSize 33 Byte
[2018-08-29 15:55:01] System startup
[2018-08-29 15:56:01] Time updated by NTP
[2018-08-29 15:56:41] Writing measurement data to SD Card
[2018-08-29 15:56:41] GET /xy.exe?antwort=dom.GetObject('HM_ZISTERNE_volActual').State(637.00)
[2018-08-29 15:56:41] GET /xy.exe?antwort=dom.GetObject('HM_ZISTERNE_rSignalHealth').State(98.00)
[2018-08-29 15:56:41] GET /xy.exe?antwort=dom.GetObject('HM_ZISTERNE_prcActual').State(10.00)
[2018-08-29 15:56:41] GET /xy.exe?antwort=dom.GetObject('HM_ZISTERNE_stError').State(0.00)
[2018-08-29 15:56:41] GET /xy.exe?antwort=dom.GetObject('HM_ZISTERNE_stFiltChkErr').State(0.00)
[2018-08-29 16:01:15] WDT triggered
[1970-00-00 00:00:00] Initializing SD Card ok
[1970-00-00 00:00:00] Check if fixed ethernet address is used in network
[1970-01-01 00:00:01] Using Fixed IP
[1970-01-01 00:00:01] IP-Address: 192.168.178.5
[2018-08-29 16:01:19] Reading settings from EEP
[2018-08-29 16:01:19] EEP checksum ok 
[2018-08-29 16:01:19] EEPSize 33 Byte
[2018-08-29 16:01:19] System startup
[2018-08-29 16:02:05] Timeout US measurement detected
[2018-08-29 16:02:05] Timeout US measurement detected
[2018-08-29 16:02:05] Timeout US measurement detected
[2018-08-29 16:02:05] Timeout US measurement detected
[2018-08-29 16:02:05] Timeout US measurement detected
[2018-08-29 16:02:05] Timeout US measurement detected
[2018-08-29 16:02:05] Timeout US measurement detected
[2018-08-29 16:02:05] Timeout US measurement detected
[2018-08-29 16:02:05] Timeout US measurement detected
[2018-08-29 16:02:05] Timeout US measurement detected
[2018-08-29 16:02:05] Timeout US measurement detected
[2018-08-29 16:02:05] Timeout US measurement detected
[2018-08-29 16:02:05] Timeout US measurement detected
[2018-08-29 16:02:05] Timeout US measurement detected
[2018-08-29 16:02:05] Timeout US measurement detected
[2018-08-29 16:02:05] Timeout US measurement detected
[2018-08-29 16:02:05] Timeout US measurement detected
[2018-08-29 16:02:05] Timeout US measurement detected
[2018-08-29 16:02:05] Timeout US measurement detected
[2018-08-29 16:02:05] Timeout US measurement detected
[2018-08-29 16:02:05] Timeout US measurement detected
[2018-08-29 16:02:16] Timeout US measurement detected
[2018-08-29 16:02:19] Time updated by NTP
[1970-00-00 00:00:00] Initializing SD Card ok
[1970-00-00 00:00:00] Check if fixed ethernet address is used in network
[1970-01-01 00:00:01] Using Fixed IP
[1970-01-01 00:00:01] IP-Address: 192.168.178.5
[2018-08-29 16:03:30] Reading settings from EEP
[2018-08-29 16:03:30] EEP checksum ok 
[2018-08-29 16:03:30] EEPSize 33 Byte
[2018-08-29 16:03:30] System startup
[2018-08-29 16:03:58] Timeout US measurement detected
[2018-08-29 16:03:58] Timeout US measurement detected
[2018-08-29 16:03:58] Timeout US measurement detected
[2018-08-29 16:03:59] Timeout US measurement detected
[2018-08-29 16:03:59] Timeout US measurement detected
[2018-08-29 16:03:59] Timeout US measurement detected
[2018-08-29 16:03:59] Timeout US measurement detected
[2018-08-29 16:03:59] Timeout US measurement detected
[2018-08-29 16:03:59] Timeout US measurement detected
[2018-08-29 16:03:59] Timeout US measurement detected
[2018-08-29 16:03:59] Timeout US measurement detected
[2018-08-29 16:03:59] Timeout US measurement detected
[2018-08-29 16:03:59] Timeout US measurement detected
[2018-08-29 16:03:59] Timeout US measurement detected
[2018-08-29 16:03:59] Timeout US measurement detected
[2018-08-29 16:03:59] Timeout US measurement detected
[2018-08-29 16:03:59] Timeout US measurement detected
[2018-08-29 16:04:30] Time updated by NTP
[2018-08-29 16:05:07] Timeout US measurement detected
[2018-08-29 16:05:07] Timeout US measurement detected
[2018-08-29 16:05:07] Timeout US measurement detected
[2018-08-29 16:05:07] Timeout US measurement detected
[2018-08-29 16:05:07] Timeout US measurement detected
[2018-08-29 16:05:07] Timeout US measurement detected
[2018-08-29 16:05:07] Timeout US measurement detected
[2018-08-29 16:05:07] Timeout US measurement detected
[2018-08-29 16:05:07] Timeout US measurement detected
[2018-08-29 16:05:08] Timeout US measurement detected
[2018-08-29 16:05:08] Timeout US measurement detected
[2018-08-29 16:05:08] Timeout US measurement detected
[2018-08-29 16:05:08] Timeout US measurement detected
[2018-08-29 16:05:14] Timeout US measurement detected
[2018-08-29 16:05:14] Writing measurement data to SD Card
[2018-08-29 16:05:14] GET /xy.exe?antwort=dom.GetObject('HM_ZISTERNE_volActual').State(637.00)
[2018-08-29 16:05:14] GET /xy.exe?antwort=dom.GetObject('HM_ZISTERNE_rSignalHealth').State(98.00)
[2018-08-29 16:05:14] GET /xy.exe?antwort=dom.GetObject('HM_ZISTERNE_prcActual').State(10.00)
[2018-08-29 16:05:15] GET /xy.exe?antwort=dom.GetObject('HM_ZISTERNE_stError').State(0.00)
[2018-08-29 16:05:15] GET /xy.exe?antwort=dom.GetObject('HM_ZISTERNE_stFiltChkErr').State(0.00)
[2018-08-29 16:15:24] Writing headline for measurement data to SD Card
