[2018-11-05 18:52:09] Writing headline for measurement data to SD Card
[2018-11-05 19:07:19] Pulse counter: 0
[2018-11-05 19:07:19] Array position: 100
[2018-11-05 19:07:19] Measured distance: 1910.00 mm
[2018-11-05 19:07:19] Actual Level     : 490 mm
[2018-11-05 19:07:19] Actual volume    : 1539 Liter, StdDev: 0.00 Liter
[2018-11-05 19:07:19] Error status     : 0
[2018-11-05 19:07:19] Transmission error while receiving datapoint
[2018-11-05 19:07:19] Time  : 8 us
[2018-11-05 19:07:19] Return: 
[2018-11-05 19:07:19] Trace : 0
[2018-11-05 19:07:19] Rain in last 24h from weather station [mm]:  NAN
[2018-11-05 19:07:19] Rain in last  1h from weather station [mm]: 0.00
[2018-11-05 19:07:19] Writing measurement data to SD Card
[2018-11-05 20:07:20] Pulse counter: 0
[2018-11-05 20:07:20] Array position: 100
[2018-11-05 20:07:20] Measured distance: 1910.00 mm
[2018-11-05 20:07:20] Actual Level     : 490 mm
[2018-11-05 20:07:20] Actual volume    : 1539 Liter, StdDev: 0.00 Liter
[2018-11-05 20:07:20] Error status     : 0
[2018-11-05 20:07:20] Transmission error while receiving datapoint
[2018-11-05 20:07:20] Time  : 8 us
[2018-11-05 20:07:20] Return: 
[2018-11-05 20:07:20] Trace : 0
[2018-11-05 20:07:20] Rain in last 24h from weather station [mm]:  NAN
[2018-11-05 20:07:20] Rain in last  1h from weather station [mm]: 0.00
[2018-11-05 20:07:20] Writing measurement data to SD Card
[2018-11-05 21:07:20] Pulse counter: 0
[2018-11-05 21:07:20] Array position: 100
[2018-11-05 21:07:20] Measured distance: 1911.20 mm
[2018-11-05 21:07:20] Actual Level     : 488 mm
[2018-11-05 21:07:20] Actual volume    : 1533 Liter, StdDev: 2.51 Liter
[2018-11-05 21:07:20] Error status     : 0
[2018-11-05 21:07:20] Transmission error while receiving datapoint
[2018-11-05 21:07:20] Time  : 8 us
[2018-11-05 21:07:20] Return: 
[2018-11-05 21:07:20] Trace : 0
[2018-11-05 21:07:20] Rain in last 24h from weather station [mm]:  NAN
[2018-11-05 21:07:20] Rain in last  1h from weather station [mm]: 0.00
[2018-11-05 21:07:20] Writing measurement data to SD Card
[2018-11-05 22:07:21] Pulse counter: 0
[2018-11-05 22:07:21] Array position: 100
[2018-11-05 22:07:21] Measured distance: 1911.38 mm
[2018-11-05 22:07:21] Actual Level     : 488 mm
[2018-11-05 22:07:21] Actual volume    : 1533 Liter, StdDev: 1.52 Liter
[2018-11-05 22:07:21] Error status     : 0
[2018-11-05 22:07:21] Transmission error while receiving datapoint
[2018-11-05 22:07:21] Time  : 8 us
[2018-11-05 22:07:21] Return: 
[2018-11-05 22:07:21] Trace : 0
[2018-11-05 22:07:21] Rain in last 24h from weather station [mm]:  NAN
[2018-11-05 22:07:21] Rain in last  1h from weather station [mm]: 0.00
[2018-11-05 22:07:21] Writing measurement data to SD Card
[2018-11-05 23:07:21] Pulse counter: 0
[2018-11-05 23:07:21] Array position: 100
[2018-11-05 23:07:22] Measured distance: 1911.54 mm
[2018-11-05 23:07:22] Actual Level     : 488 mm
[2018-11-05 23:07:22] Actual volume    : 1533 Liter, StdDev: 1.57 Liter
[2018-11-05 23:07:22] Error status     : 0
[2018-11-05 23:07:22] Transmission error while receiving datapoint
[2018-11-05 23:07:22] Time  : 8 us
[2018-11-05 23:07:22] Return: 
[2018-11-05 23:07:22] Trace : 0
[2018-11-05 23:07:22] Rain in last 24h from weather station [mm]:  NAN
[2018-11-05 23:07:22] Rain in last  1h from weather station [mm]: 0.00
[2018-11-05 23:07:22] Writing measurement data to SD Card
[2018-11-06 00:07:22] Pulse counter: 0
[2018-11-06 00:07:22] Array position: 100
[2018-11-06 00:07:22] Measured distance: 1913.98 mm
[2018-11-06 00:07:22] Actual Level     : 486 mm
[2018-11-06 00:07:22] Actual volume    : 1526 Liter, StdDev: 0.44 Liter
[2018-11-06 00:07:22] Error status     : 0
[2018-11-06 00:07:22] Transmission error while receiving datapoint
[2018-11-06 00:07:22] Time  : 8 us
[2018-11-06 00:07:22] Return: 
[2018-11-06 00:07:22] Trace : 0
[2018-11-06 00:07:22] Rain in last 24h from weather station [mm]:  NAN
[2018-11-06 00:07:22] Rain in last  1h from weather station [mm]: 0.00
[2018-11-06 00:07:22] Writing measurement data to SD Card
[2018-11-06 01:07:23] Pulse counter: 0
[2018-11-06 01:07:23] Array position: 100
[2018-11-06 01:07:23] Measured distance: 1914.00 mm
[2018-11-06 01:07:23] Actual Level     : 486 mm
[2018-11-06 01:07:23] Actual volume    : 1526 Liter, StdDev: 0.00 Liter
[2018-11-06 01:07:23] Error status     : 0
[2018-11-06 01:07:23] Transmission error while receiving datapoint
[2018-11-06 01:07:23] Time  : 8 us
[2018-11-06 01:07:23] Return: 
[2018-11-06 01:07:23] Trace : 0
[2018-11-06 01:07:23] Rain in last 24h from weather station [mm]:  NAN
[2018-11-06 01:07:23] Rain in last  1h from weather station [mm]: 0.00
[2018-11-06 01:07:23] Writing measurement data to SD Card
[2018-11-06 02:07:23] Pulse counter: 0
[2018-11-06 02:07:23] Array position: 100
[2018-11-06 02:07:23] Measured distance: 1914.02 mm
[2018-11-06 02:07:23] Actual Level     : 485 mm
[2018-11-06 02:07:23] Actual volume    : 1523 Liter, StdDev: 0.44 Liter
[2018-11-06 02:07:24] Error status     : 0
[2018-11-06 02:07:24] Transmission error while receiving datapoint
[2018-11-06 02:07:24] Time  : 8 us
[2018-11-06 02:07:24] Return: 
[2018-11-06 02:07:24] Trace : 0
[2018-11-06 02:07:24] Rain in last 24h from weather station [mm]:  NAN
[2018-11-06 02:07:24] Rain in last  1h from weather station [mm]: 0.00
[2018-11-06 02:07:24] Writing measurement data to SD Card
[2018-11-06 03:07:24] Pulse counter: 0
[2018-11-06 03:07:24] Array position: 100
[2018-11-06 03:07:24] Measured distance: 1914.00 mm
[2018-11-06 03:07:24] Actual Level     : 486 mm
[2018-11-06 03:07:24] Actual volume    : 1526 Liter, StdDev: 0.00 Liter
[2018-11-06 03:07:24] Error status     : 0
[2018-11-06 03:07:24] Transmission error while receiving datapoint
[2018-11-06 03:07:24] Time  : 8 us
[2018-11-06 03:07:24] Return: 
[2018-11-06 03:07:24] Trace : 0
[2018-11-06 03:07:24] Rain in last 24h from weather station [mm]:  NAN
[2018-11-06 03:07:24] Rain in last  1h from weather station [mm]: 0.00
[2018-11-06 03:07:24] Writing measurement data to SD Card
[2018-11-06 04:07:25] Pulse counter: 0
[2018-11-06 04:07:25] Array position: 100
[2018-11-06 04:07:25] Measured distance: 1914.00 mm
[2018-11-06 04:07:25] Actual Level     : 486 mm
[2018-11-06 04:07:25] Actual volume    : 1526 Liter, StdDev: 0.00 Liter
[2018-11-06 04:07:25] Error status     : 0
[2018-11-06 04:07:25] Transmission error while receiving datapoint
[2018-11-06 04:07:25] Time  : 8 us
[2018-11-06 04:07:25] Return: 
[2018-11-06 04:07:25] Trace : 0
[2018-11-06 04:07:25] Rain in last 24h from weather station [mm]:  NAN
[2018-11-06 04:07:25] Rain in last  1h from weather station [mm]: 0.00
[2018-11-06 04:07:25] Writing measurement data to SD Card
[2018-11-06 05:07:25] Pulse counter: 0
[2018-11-06 05:07:25] Array position: 100
[2018-11-06 05:07:25] Measured distance: 1915.00 mm
[2018-11-06 05:07:26] Actual Level     : 485 mm
[2018-11-06 05:07:26] Actual volume    : 1523 Liter, StdDev: 0.00 Liter
[2018-11-06 05:07:26] Error status     : 0
[2018-11-06 05:07:26] Transmission error while receiving datapoint
[2018-11-06 05:07:26] Time  : 4 us
[2018-11-06 05:07:26] Return: 
[2018-11-06 05:07:26] Trace : 0
[2018-11-06 05:07:26] Rain in last 24h from weather station [mm]:  NAN
[2018-11-06 05:07:26] Rain in last  1h from weather station [mm]: 0.00
[2018-11-06 05:07:26] Writing measurement data to SD Card
[2018-11-06 06:07:26] Pulse counter: 0
[2018-11-06 06:07:26] Array position: 100
[2018-11-06 06:07:26] Measured distance: 1919.18 mm
[2018-11-06 06:07:26] Actual Level     : 480 mm
[2018-11-06 06:07:26] Actual volume    : 1507 Liter, StdDev: 1.21 Liter
[2018-11-06 06:07:26] Error status     : 0
[2018-11-06 06:07:26] Transmission error while receiving datapoint
[2018-11-06 06:07:26] Time  : 8 us
[2018-11-06 06:07:26] Return: 
[2018-11-06 06:07:26] Trace : 0
[2018-11-06 06:07:26] Rain in last 24h from weather station [mm]:  NAN
[2018-11-06 06:07:26] Rain in last  1h from weather station [mm]: 0.00
[2018-11-06 06:07:26] Writing measurement data to SD Card
[2018-11-06 07:07:27] Pulse counter: 0
[2018-11-06 07:07:27] Array position: 100
[2018-11-06 07:07:27] Measured distance: 1917.00 mm
[2018-11-06 07:07:27] Actual Level     : 483 mm
[2018-11-06 07:07:27] Actual volume    : 1517 Liter, StdDev: 0.00 Liter
[2018-11-06 07:07:27] Error status     : 0
[2018-11-06 07:07:27] Transmission error while receiving datapoint
[2018-11-06 07:07:27] Time  : 8 us
[2018-11-06 07:07:27] Return: 
[2018-11-06 07:07:27] Trace : 0
[2018-11-06 07:07:27] Rain in last 24h from weather station [mm]:  NAN
[2018-11-06 07:07:27] Rain in last  1h from weather station [mm]: 0.00
[2018-11-06 07:07:27] Writing measurement data to SD Card
[2018-11-06 08:07:27] Pulse counter: 0
[2018-11-06 08:07:27] Array position: 100
[2018-11-06 08:07:27] Measured distance: 1924.24 mm
[2018-11-06 08:07:27] Actual Level     : 475 mm
[2018-11-06 08:07:27] Actual volume    : 1492 Liter, StdDev: 1.34 Liter
[2018-11-06 08:07:27] Error status     : 0
[2018-11-06 08:07:27] Transmission error while receiving datapoint
[2018-11-06 08:07:27] Time  : 4 us
[2018-11-06 08:07:27] Return: 
[2018-11-06 08:07:27] Trace : 0
[2018-11-06 08:07:28] Rain in last 24h from weather station [mm]:  NAN
[2018-11-06 08:07:28] Rain in last  1h from weather station [mm]: 0.00
[2018-11-06 08:07:28] Writing measurement data to SD Card
[2018-11-06 09:07:28] Pulse counter: 0
[2018-11-06 09:07:28] Array position: 100
[2018-11-06 09:07:28] Measured distance: 1923.28 mm
[2018-11-06 09:07:28] Actual Level     : 476 mm
[2018-11-06 09:07:28] Actual volume    : 1495 Liter, StdDev: 5.66 Liter
[2018-11-06 09:07:28] Error status     : 0
[2018-11-06 09:07:28] Transmission error while receiving datapoint
[2018-11-06 09:07:28] Time  : 8 us
[2018-11-06 09:07:28] Return: 
[2018-11-06 09:07:28] Trace : 0
[2018-11-06 09:07:28] Rain in last 24h from weather station [mm]:  NAN
[2018-11-06 09:07:28] Rain in last  1h from weather station [mm]: 0.00
[2018-11-06 09:07:28] Writing measurement data to SD Card
[2018-11-06 10:07:29] Pulse counter: 0
[2018-11-06 10:07:29] Array position: 100
[2018-11-06 10:07:29] Measured distance: 1926.40 mm
[2018-11-06 10:07:29] Actual Level     : 473 mm
[2018-11-06 10:07:29] Actual volume    : 1485 Liter, StdDev: 1.54 Liter
[2018-11-06 10:07:29] Error status     : 0
[2018-11-06 10:07:29] Transmission error while receiving datapoint
[2018-11-06 10:07:29] Time  : 8 us
[2018-11-06 10:07:29] Return: 
[2018-11-06 10:07:29] Trace : 0
[2018-11-06 10:07:29] Rain in last 24h from weather station [mm]:  NAN
[2018-11-06 10:07:29] Rain in last  1h from weather station [mm]: 0.00
[2018-11-06 10:07:29] Writing measurement data to SD Card
[2018-11-06 11:07:29] Pulse counter: 0
[2018-11-06 11:07:29] Array position: 100
[2018-11-06 11:07:29] Measured distance: 1928.00 mm
[2018-11-06 11:07:29] Actual Level     : 472 mm
[2018-11-06 11:07:29] Actual volume    : 1482 Liter, StdDev: 0.00 Liter
[2018-11-06 11:07:29] Error status     : 0
[2018-11-06 11:07:29] Transmission error while receiving datapoint
[2018-11-06 11:07:29] Time  : 8 us
[2018-11-06 11:07:29] Return: 
[2018-11-06 11:07:29] Trace : 0
[2018-11-06 11:07:29] Rain in last 24h from weather station [mm]:  NAN
[2018-11-06 11:07:29] Rain in last  1h from weather station [mm]: 0.00
[2018-11-06 11:07:29] Writing measurement data to SD Card
[2018-11-06 12:07:30] Pulse counter: 0
[2018-11-06 12:07:30] Array position: 100
[2018-11-06 12:07:30] Measured distance: 1928.60 mm
[2018-11-06 12:07:30] Actual Level     : 471 mm
[2018-11-06 12:07:30] Actual volume    : 1479 Liter, StdDev: 1.54 Liter
[2018-11-06 12:07:30] Error status     : 0
[2018-11-06 12:07:30] Transmission error while receiving datapoint
[2018-11-06 12:07:30] Time  : 8 us
[2018-11-06 12:07:30] Return: 
[2018-11-06 12:07:30] Trace : 0
[2018-11-06 12:07:30] Rain in last 24h from weather station [mm]:  NAN
[2018-11-06 12:07:30] Rain in last  1h from weather station [mm]: 0.00
[2018-11-06 12:07:30] Writing measurement data to SD Card
[2018-11-06 13:07:31] Pulse counter: 0
[2018-11-06 13:07:31] Array position: 100
[2018-11-06 13:07:31] Measured distance: 1928.46 mm
[2018-11-06 13:07:31] Actual Level     : 471 mm
[2018-11-06 13:07:31] Actual volume    : 1479 Liter, StdDev: 1.57 Liter
[2018-11-06 13:07:31] Error status     : 0
[2018-11-06 13:07:31] Transmission error while receiving datapoint
[2018-11-06 13:07:31] Time  : 8 us
[2018-11-06 13:07:31] Return: 
[2018-11-06 13:07:31] Trace : 0
[2018-11-06 13:07:31] Rain in last 24h from weather station [mm]:  NAN
[2018-11-06 13:07:31] Rain in last  1h from weather station [mm]: 0.00
[2018-11-06 13:07:31] Writing measurement data to SD Card
[2018-11-06 14:07:31] Pulse counter: 0
[2018-11-06 14:07:31] Array position: 100
[2018-11-06 14:07:31] Measured distance: 1925.90 mm
[2018-11-06 14:07:31] Actual Level     : 474 mm
[2018-11-06 14:07:31] Actual volume    : 1489 Liter, StdDev: 5.19 Liter
[2018-11-06 14:07:31] Error status     : 0
[2018-11-06 14:07:31] Transmission error while receiving datapoint
[2018-11-06 14:07:31] Time  : 8 us
[2018-11-06 14:07:31] Return: 
[2018-11-06 14:07:31] Trace : 0
[2018-11-06 14:07:31] Rain in last 24h from weather station [mm]:  NAN
[2018-11-06 14:07:31] Rain in last  1h from weather station [mm]: 0.00
[2018-11-06 14:07:31] Writing measurement data to SD Card
[2018-11-06 15:07:32] Pulse counter: 0
[2018-11-06 15:07:32] Array position: 100
[2018-11-06 15:07:32] Measured distance: 1925.84 mm
[2018-11-06 15:07:32] Actual Level     : 474 mm
[2018-11-06 15:07:32] Actual volume    : 1489 Liter, StdDev: 5.00 Liter
[2018-11-06 15:07:32] Error status     : 0
[2018-11-06 15:07:32] Transmission error while receiving datapoint
[2018-11-06 15:07:32] Time  : 8 us
[2018-11-06 15:07:32] Return: 
[2018-11-06 15:07:32] Trace : 0
[2018-11-06 15:07:32] Rain in last 24h from weather station [mm]:  NAN
[2018-11-06 15:07:32] Rain in last  1h from weather station [mm]: 0.00
[2018-11-06 15:07:32] Writing measurement data to SD Card
[2018-11-06 16:07:32] Pulse counter: 0
[2018-11-06 16:07:32] Array position: 100
[2018-11-06 16:07:33] Measured distance: 1926.00 mm
[2018-11-06 16:07:33] Actual Level     : 474 mm
[2018-11-06 16:07:33] Actual volume    : 1489 Liter, StdDev: 0.00 Liter
[2018-11-06 16:07:33] Error status     : 0
[2018-11-06 16:07:33] Transmission error while receiving datapoint
[2018-11-06 16:07:33] Time  : 8 us
[2018-11-06 16:07:33] Return: 
[2018-11-06 16:07:33] Trace : 0
[2018-11-06 16:07:33] Rain in last 24h from weather station [mm]:  NAN
[2018-11-06 16:07:33] Rain in last  1h from weather station [mm]: 0.00
[2018-11-06 16:07:33] Writing measurement data to SD Card
[2018-11-06 17:07:33] Pulse counter: 0
[2018-11-06 17:07:33] Array position: 100
[2018-11-06 17:07:33] Measured distance: 1926.00 mm
[2018-11-06 17:07:33] Actual Level     : 474 mm
[2018-11-06 17:07:33] Actual volume    : 1489 Liter, StdDev: 0.00 Liter
[2018-11-06 17:07:33] Error status     : 0
[2018-11-06 17:07:33] Transmission error while receiving datapoint
[2018-11-06 17:07:33] Time  : 8 us
[2018-11-06 17:07:33] Return: 
[2018-11-06 17:07:33] Trace : 0
[2018-11-06 17:07:33] Rain in last 24h from weather station [mm]:  NAN
[2018-11-06 17:07:33] Rain in last  1h from weather station [mm]: 0.00
[2018-11-06 17:07:33] Writing measurement data to SD Card
[1970-00-00 00:00:00] Initializing SD Card ok
[1970-01-01 00:00:01] Using Fixed IP
[1970-01-01 00:00:01] IP-Address: 192.168.178.5
[2018-11-06 17:35:48] Reading settings from EEP
[2018-11-06 17:35:48] EEP checksum ok 
[2018-11-06 17:35:48] EEPSize 74 Byte
[2018-11-06 17:35:48] System startup
[2018-11-06 17:36:48] Time updated by NTP
[2018-11-06 17:37:28] Pulse counter: 0
[2018-11-06 17:37:28] Array position: 100
[2018-11-06 17:37:28] Measured distance: 1926.00 mm
[2018-11-06 17:37:28] Actual Level     : 474 mm
[2018-11-06 17:37:28] Actual volume    : 1489 Liter, StdDev: 0.00 Liter
[2018-11-06 17:37:28] Error status     : 0
[2018-11-06 17:37:28] Rain in last 24h from weather station [mm]: 0.00
[2018-11-06 17:37:28] Rain in last  1h from weather station [mm]: 0.00
[2018-11-06 17:37:29] Writing measurement data to SD Card
[2018-11-06 18:36:02] Time updated by NTP
[2018-11-06 18:37:37] Pulse counter: 0
[2018-11-06 18:37:37] Array position: 100
[2018-11-06 18:37:37] Measured distance: 1933.00 mm
[2018-11-06 18:37:37] Actual Level     : 467 mm
[2018-11-06 18:37:37] Actual volume    : 1467 Liter, StdDev: 0.00 Liter
[2018-11-06 18:37:37] Error status     : 0
[2018-11-06 18:37:37] Rain in last 24h from weather station [mm]: 0.00
[2018-11-06 18:37:37] Rain in last  1h from weather station [mm]: 0.00
[2018-11-06 18:37:37] Writing measurement data to SD Card
[2018-11-06 19:36:16] Time updated by NTP
[2018-11-06 19:37:45] Pulse counter: 0
[2018-11-06 19:37:45] Array position: 100
[2018-11-06 19:37:45] Measured distance: 1930.46 mm
[2018-11-06 19:37:45] Actual Level     : 469 mm
[2018-11-06 19:37:45] Actual volume    : 1473 Liter, StdDev: 1.57 Liter
[2018-11-06 19:37:45] Error status     : 0
[2018-11-06 19:37:46] Rain in last 24h from weather station [mm]: 0.00
[2018-11-06 19:37:46] Rain in last  1h from weather station [mm]: 0.00
[2018-11-06 19:37:46] Writing measurement data to SD Card
[2018-11-06 20:36:30] Time updated by NTP
[2018-11-06 20:37:53] Pulse counter: 0
[2018-11-06 20:37:53] Array position: 100
[2018-11-06 20:37:53] Measured distance: 1937.16 mm
[2018-11-06 20:37:53] Actual Level     : 462 mm
[2018-11-06 20:37:53] Actual volume    : 1451 Liter, StdDev: 1.15 Liter
[2018-11-06 20:37:53] Error status     : 0
[2018-11-06 20:37:53] Rain in last 24h from weather station [mm]: 0.00
[2018-11-06 20:37:53] Rain in last  1h from weather station [mm]: 0.00
[2018-11-06 20:37:53] Writing measurement data to SD Card
[2018-11-06 21:36:44] Time updated by NTP
[2018-11-06 21:38:01] Pulse counter: 0
[2018-11-06 21:38:01] Array position: 100
[2018-11-06 21:38:01] Measured distance: 1934.78 mm
[2018-11-06 21:38:01] Actual Level     : 465 mm
[2018-11-06 21:38:01] Actual volume    : 1460 Liter, StdDev: 1.30 Liter
[2018-11-06 21:38:01] Error status     : 0
[2018-11-06 21:38:02] Rain in last 24h from weather station [mm]: 0.00
[2018-11-06 21:38:02] Rain in last  1h from weather station [mm]: 0.00
[2018-11-06 21:38:02] Writing measurement data to SD Card
[2018-11-06 22:36:59] Time updated by NTP
[2018-11-06 22:38:10] Pulse counter: 0
[2018-11-06 22:38:10] Array position: 100
[2018-11-06 22:38:10] Measured distance: 1942.94 mm
[2018-11-06 22:38:10] Actual Level     : 457 mm
[2018-11-06 22:38:10] Actual volume    : 1435 Liter, StdDev: 0.75 Liter
[2018-11-06 22:38:10] Error status     : 0
[2018-11-06 22:38:10] Rain in last 24h from weather station [mm]: 0.00
[2018-11-06 22:38:10] Rain in last  1h from weather station [mm]: 0.00
[2018-11-06 22:38:10] Writing measurement data to SD Card
[2018-11-06 23:37:12] Time updated by NTP
[2018-11-06 23:38:17] Pulse counter: 0
[2018-11-06 23:38:17] Array position: 100
[2018-11-06 23:38:17] Measured distance: 1942.96 mm
[2018-11-06 23:38:18] Actual Level     : 457 mm
[2018-11-06 23:38:18] Actual volume    : 1435 Liter, StdDev: 0.62 Liter
[2018-11-06 23:38:18] Error status     : 0
[2018-11-06 23:38:18] Rain in last 24h from weather station [mm]: 0.00
[2018-11-06 23:38:18] Rain in last  1h from weather station [mm]: 0.00
[2018-11-06 23:38:18] Writing measurement data to SD Card
[2018-11-07 00:37:27] Time updated by NTP
[2018-11-07 00:38:26] Pulse counter: 0
[2018-11-07 00:38:26] Array position: 100
[2018-11-07 00:38:26] Measured distance: 1943.00 mm
[2018-11-07 00:38:26] Actual Level     : 457 mm
[2018-11-07 00:38:26] Actual volume    : 1435 Liter, StdDev: 0.00 Liter
[2018-11-07 00:38:26] Error status     : 0
[2018-11-07 00:38:27] Rain in last 24h from weather station [mm]: 0.00
[2018-11-07 00:38:27] Rain in last  1h from weather station [mm]: 0.00
[2018-11-07 00:38:27] Writing measurement data to SD Card
[2018-11-07 01:37:41] Time updated by NTP
[2018-11-07 01:38:35] Pulse counter: 0
[2018-11-07 01:38:35] Array position: 100
[2018-11-07 01:38:35] Measured distance: 1943.00 mm
[2018-11-07 01:38:35] Actual Level     : 457 mm
[2018-11-07 01:38:35] Actual volume    : 1435 Liter, StdDev: 0.00 Liter
[2018-11-07 01:38:35] Error status     : 0
[2018-11-07 01:38:35] Rain in last 24h from weather station [mm]: 0.00
[2018-11-07 01:38:35] Rain in last  1h from weather station [mm]: 0.00
[2018-11-07 01:38:35] Writing measurement data to SD Card
[2018-11-07 02:37:55] Time updated by NTP
[2018-11-07 02:38:42] Pulse counter: 0
[2018-11-07 02:38:42] Array position: 100
[2018-11-07 02:38:42] Measured distance: 1939.00 mm
[2018-11-07 02:38:42] Actual Level     : 461 mm
[2018-11-07 02:38:42] Actual volume    : 1448 Liter, StdDev: 0.00 Liter
[2018-11-07 02:38:42] Error status     : 0
[2018-11-07 02:38:43] Rain in last 24h from weather station [mm]: 0.00
[2018-11-07 02:38:43] Rain in last  1h from weather station [mm]: 0.00
[2018-11-07 02:38:43] Writing measurement data to SD Card
[2018-11-07 03:37:09] Time updated by NTP
[2018-11-07 03:38:51] Pulse counter: 0
[2018-11-07 03:38:51] Array position: 100
[2018-11-07 03:38:51] Measured distance: 1939.00 mm
[2018-11-07 03:38:51] Actual Level     : 461 mm
[2018-11-07 03:38:51] Actual volume    : 1448 Liter, StdDev: 0.00 Liter
[2018-11-07 03:38:51] Error status     : 0
[2018-11-07 03:38:51] Rain in last 24h from weather station [mm]: 0.00
[2018-11-07 03:38:51] Rain in last  1h from weather station [mm]: 0.00
[2018-11-07 03:38:51] Writing measurement data to SD Card
[2018-11-07 04:37:23] Time updated by NTP
[2018-11-07 04:38:58] Pulse counter: 0
[2018-11-07 04:38:58] Array position: 100
[2018-11-07 04:38:58] Measured distance: 1939.00 mm
[2018-11-07 04:38:59] Actual Level     : 461 mm
[2018-11-07 04:38:59] Actual volume    : 1448 Liter, StdDev: 0.00 Liter
[2018-11-07 04:38:59] Error status     : 0
[2018-11-07 04:38:59] Rain in last 24h from weather station [mm]: 0.00
[2018-11-07 04:38:59] Rain in last  1h from weather station [mm]: 0.00
[2018-11-07 04:38:59] Writing measurement data to SD Card
[2018-11-07 05:37:37] Time updated by NTP
[2018-11-07 05:39:07] Pulse counter: 0
[2018-11-07 05:39:07] Array position: 100
[2018-11-07 05:39:07] Measured distance: 1947.06 mm
[2018-11-07 05:39:07] Actual Level     : 452 mm
[2018-11-07 05:39:07] Actual volume    : 1420 Liter, StdDev: 4.92 Liter
[2018-11-07 05:39:07] Error status     : 0
[2018-11-07 05:39:07] Rain in last 24h from weather station [mm]: 0.00
[2018-11-07 05:39:08] Rain in last  1h from weather station [mm]: 0.00
[2018-11-07 05:39:08] Writing measurement data to SD Card
[2018-11-07 06:37:52] Time updated by NTP
[2018-11-07 06:39:16] Pulse counter: 0
[2018-11-07 06:39:16] Array position: 100
[2018-11-07 06:39:16] Measured distance: 1950.00 mm
[2018-11-07 06:39:16] Actual Level     : 450 mm
[2018-11-07 06:39:16] Actual volume    : 1413 Liter, StdDev: 0.00 Liter
[2018-11-07 06:39:16] Error status     : 0
[2018-11-07 06:39:16] Rain in last 24h from weather station [mm]: 0.00
[2018-11-07 06:39:16] Rain in last  1h from weather station [mm]: 0.00
[2018-11-07 06:39:16] Writing measurement data to SD Card
[2018-11-07 07:38:05] Time updated by NTP
[2018-11-07 07:39:23] Pulse counter: 0
[2018-11-07 07:39:23] Array position: 100
[2018-11-07 07:39:23] Measured distance: 1951.20 mm
[2018-11-07 07:39:23] Actual Level     : 448 mm
[2018-11-07 07:39:23] Actual volume    : 1407 Liter, StdDev: 1.26 Liter
[2018-11-07 07:39:23] Error status     : 0
[2018-11-07 07:39:24] Rain in last 24h from weather station [mm]: 0.00
[2018-11-07 07:39:24] Rain in last  1h from weather station [mm]: 0.00
[2018-11-07 07:39:24] Writing measurement data to SD Card
[2018-11-07 08:38:20] Time updated by NTP
[2018-11-07 08:39:32] Pulse counter: 0
[2018-11-07 08:39:32] Array position: 100
[2018-11-07 08:39:32] Measured distance: 1951.78 mm
[2018-11-07 08:39:32] Actual Level     : 448 mm
[2018-11-07 08:39:32] Actual volume    : 1407 Liter, StdDev: 1.30 Liter
[2018-11-07 08:39:32] Error status     : 0
[2018-11-07 08:39:32] Rain in last 24h from weather station [mm]: 0.00
[2018-11-07 08:39:32] Rain in last  1h from weather station [mm]: 0.00
[2018-11-07 08:39:33] Writing measurement data to SD Card
[2018-11-07 09:38:34] Time updated by NTP
[2018-11-07 09:39:40] Pulse counter: 0
[2018-11-07 09:39:40] Array position: 100
[2018-11-07 09:39:40] Measured distance: 1951.94 mm
[2018-11-07 09:39:40] Actual Level     : 448 mm
[2018-11-07 09:39:41] Actual volume    : 1407 Liter, StdDev: 0.75 Liter
[2018-11-07 09:39:41] Error status     : 0
[2018-11-07 09:39:41] Rain in last 24h from weather station [mm]: 0.00
[2018-11-07 09:39:41] Rain in last  1h from weather station [mm]: 0.00
[2018-11-07 09:39:41] Writing measurement data to SD Card
[2018-11-07 10:38:48] Time updated by NTP
[2018-11-07 10:39:48] Pulse counter: 0
[2018-11-07 10:39:48] Array position: 100
[2018-11-07 10:39:48] Measured distance: 1951.68 mm
[2018-11-07 10:39:48] Actual Level     : 448 mm
[2018-11-07 10:39:48] Actual volume    : 1407 Liter, StdDev: 1.47 Liter
[2018-11-07 10:39:48] Error status     : 0
[2018-11-07 10:39:48] Rain in last 24h from weather station [mm]: 0.00
[2018-11-07 10:39:49] Rain in last  1h from weather station [mm]: 0.00
[2018-11-07 10:39:49] Writing measurement data to SD Card
[2018-11-07 11:39:02] Time updated by NTP
[2018-11-07 11:39:57] Pulse counter: 0
[2018-11-07 11:39:57] Array position: 100
[2018-11-07 11:39:57] Measured distance: 1951.38 mm
[2018-11-07 11:39:57] Actual Level     : 448 mm
[2018-11-07 11:39:57] Actual volume    : 1407 Liter, StdDev: 1.52 Liter
[2018-11-07 11:39:57] Error status     : 0
[2018-11-07 11:39:57] Rain in last 24h from weather station [mm]: 0.00
[2018-11-07 11:39:57] Rain in last  1h from weather station [mm]: 0.00
[2018-11-07 11:39:57] Writing measurement data to SD Card
[2018-11-07 12:38:17] Time updated by NTP
[2018-11-07 12:40:05] Pulse counter: 0
[2018-11-07 12:40:05] Array position: 100
[2018-11-07 12:40:05] Measured distance: 1951.14 mm
[2018-11-07 12:40:05] Actual Level     : 448 mm
[2018-11-07 12:40:05] Actual volume    : 1407 Liter, StdDev: 1.09 Liter
[2018-11-07 12:40:05] Error status     : 0
[2018-11-07 12:40:06] Rain in last 24h from weather station [mm]: 0.00
[2018-11-07 12:40:06] Rain in last  1h from weather station [mm]: 0.00
[2018-11-07 12:40:06] Writing measurement data to SD Card
[2018-11-07 13:38:30] Time updated by NTP
[2018-11-07 13:40:13] Pulse counter: 0
[2018-11-07 13:40:13] Array position: 100
[2018-11-07 13:40:13] Measured distance: 1951.30 mm
[2018-11-07 13:40:13] Actual Level     : 448 mm
[2018-11-07 13:40:13] Actual volume    : 1407 Liter, StdDev: 1.44 Liter
[2018-11-07 13:40:13] Error status     : 0
[2018-11-07 13:40:13] Rain in last 24h from weather station [mm]: 0.00
[2018-11-07 13:40:13] Rain in last  1h from weather station [mm]: 0.00
[2018-11-07 13:40:13] Writing measurement data to SD Card
[2018-11-07 14:38:45] Time updated by NTP
[2018-11-07 14:40:21] Pulse counter: 0
[2018-11-07 14:40:21] Array position: 100
[2018-11-07 14:40:21] Measured distance: 1951.00 mm
[2018-11-07 14:40:21] Actual Level     : 449 mm
[2018-11-07 14:40:21] Actual volume    : 1410 Liter, StdDev: 0.00 Liter
[2018-11-07 14:40:22] Error status     : 0
[2018-11-07 14:40:22] Rain in last 24h from weather station [mm]: 0.00
[2018-11-07 14:40:22] Rain in last  1h from weather station [mm]: 0.00
[2018-11-07 14:40:22] Writing measurement data to SD Card
[2018-11-07 15:38:59] Time updated by NTP
[2018-11-07 15:40:30] Pulse counter: 0
[2018-11-07 15:40:30] Array position: 100
[2018-11-07 15:40:30] Measured distance: 1951.00 mm
[2018-11-07 15:40:30] Actual Level     : 449 mm
[2018-11-07 15:40:30] Actual volume    : 1410 Liter, StdDev: 0.00 Liter
[2018-11-07 15:40:30] Error status     : 0
[2018-11-07 15:40:30] Rain in last 24h from weather station [mm]: 0.00
[2018-11-07 15:40:30] Rain in last  1h from weather station [mm]: 0.00
[2018-11-07 15:40:31] Writing measurement data to SD Card
[2018-11-07 16:39:13] Time updated by NTP
[2018-11-07 16:40:38] Pulse counter: 0
[2018-11-07 16:40:38] Array position: 100
[2018-11-07 16:40:38] Measured distance: 1948.22 mm
[2018-11-07 16:40:38] Actual Level     : 451 mm
[2018-11-07 16:40:38] Actual volume    : 1416 Liter, StdDev: 2.76 Liter
[2018-11-07 16:40:38] Error status     : 0
[2018-11-07 16:40:38] Rain in last 24h from weather station [mm]: 0.00
[2018-11-07 16:40:38] Rain in last  1h from weather station [mm]: 0.00
[2018-11-07 16:40:38] Writing measurement data to SD Card
[2018-11-07 17:39:27] Time updated by NTP
[2018-11-07 17:40:46] Pulse counter: 0
[2018-11-07 17:40:46] Array position: 100
[2018-11-07 17:40:46] Measured distance: 1955.00 mm
[2018-11-07 17:40:46] Actual Level     : 445 mm
[2018-11-07 17:40:46] Actual volume    : 1398 Liter, StdDev: 0.00 Liter
[2018-11-07 17:40:46] Error status     : 0
[2018-11-07 17:40:47] Rain in last 24h from weather station [mm]: 0.00
[2018-11-07 17:40:47] Rain in last  1h from weather station [mm]: 0.00
[2018-11-07 17:40:47] Writing measurement data to SD Card
[2018-11-07 18:39:42] Time updated by NTP
[2018-11-07 18:40:55] Pulse counter: 0
[2018-11-07 18:40:55] Array position: 100
[2018-11-07 18:40:55] Measured distance: 1959.00 mm
[2018-11-07 18:40:55] Actual Level     : 441 mm
[2018-11-07 18:40:55] Actual volume    : 1385 Liter, StdDev: 0.00 Liter
[2018-11-07 18:40:55] Error status     : 0
[2018-11-07 18:40:55] Rain in last 24h from weather station [mm]: 0.00
[2018-11-07 18:40:55] Rain in last  1h from weather station [mm]: 0.00
[2018-11-07 18:40:55] Writing measurement data to SD Card
[2018-11-07 19:32:30] Writing headline for measurement data to SD Card
